{"/Users/sarahyleiva/Desktop/ACA PROYECTO Ultimo/mern-employee-salary-management/Frontend/src/components/index.jsx": {"path":"/Users/sarahyleiva/Desktop/ACA PROYECTO Ultimo/mern-employee-salary-management/Frontend/src/components/index.jsx","statementMap":{},"fnMap":{},"branchMap":{},"s":{},"f":{},"b":{},"_coverageSchema":"1a1c01bbd47fc00a2c39e90264f33305004495a9","hash":"4ebf7b4979a717f04a49653921e55601efc1de11"}
,"/Users/sarahyleiva/Desktop/ACA PROYECTO Ultimo/mern-employee-salary-management/Frontend/src/components/atoms/index.jsx": {"path":"/Users/sarahyleiva/Desktop/ACA PROYECTO Ultimo/mern-employee-salary-management/Frontend/src/components/atoms/index.jsx","statementMap":{},"fnMap":{},"branchMap":{},"s":{},"f":{},"b":{},"_coverageSchema":"1a1c01bbd47fc00a2c39e90264f33305004495a9","hash":"0de2e8508a996ed646cbf637ddfe7be509dfdcc9"}
,"/Users/sarahyleiva/Desktop/ACA PROYECTO Ultimo/mern-employee-salary-management/Frontend/src/components/atoms/BottomLine/index.jsx": {"path":"/Users/sarahyleiva/Desktop/ACA PROYECTO Ultimo/mern-employee-salary-management/Frontend/src/components/atoms/BottomLine/index.jsx","statementMap":{"0":{"start":{"line":4,"column":19},"end":{"line":16,"column":1}},"1":{"start":{"line":5,"column":4},"end":{"line":15,"column":6}}},"fnMap":{"0":{"name":"(anonymous_0)","decl":{"start":{"line":4,"column":19},"end":{"line":4,"column":20}},"loc":{"start":{"line":4,"column":25},"end":{"line":16,"column":1}},"line":4}},"branchMap":{},"s":{"0":13,"1":0},"f":{"0":0},"b":{},"_coverageSchema":"1a1c01bbd47fc00a2c39e90264f33305004495a9","hash":"6ae20479e858f2faf10b06963defc5c4e00dd019"}
,"/Users/sarahyleiva/Desktop/ACA PROYECTO Ultimo/mern-employee-salary-management/Frontend/src/components/atoms/Breadcrumb/index.jsx": {"path":"/Users/sarahyleiva/Desktop/ACA PROYECTO Ultimo/mern-employee-salary-management/Frontend/src/components/atoms/Breadcrumb/index.jsx","statementMap":{"0":{"start":{"line":6,"column":19},"end":{"line":24,"column":1}},"1":{"start":{"line":7,"column":18},"end":{"line":7,"column":45}},"2":{"start":{"line":9,"column":4},"end":{"line":23,"column":5}}},"fnMap":{"0":{"name":"(anonymous_0)","decl":{"start":{"line":6,"column":19},"end":{"line":6,"column":20}},"loc":{"start":{"line":6,"column":30},"end":{"line":24,"column":1}},"line":6}},"branchMap":{},"s":{"0":14,"1":110,"2":110},"f":{"0":110},"b":{},"_coverageSchema":"1a1c01bbd47fc00a2c39e90264f33305004495a9","hash":"f41e26adc23236abe35c5c416e2504d3ed82816c"}
,"/Users/sarahyleiva/Desktop/ACA PROYECTO Ultimo/mern-employee-salary-management/Frontend/src/components/atoms/Buttons/ButtonOne/index.jsx": {"path":"/Users/sarahyleiva/Desktop/ACA PROYECTO Ultimo/mern-employee-salary-management/Frontend/src/components/atoms/Buttons/ButtonOne/index.jsx","statementMap":{"0":{"start":{"line":3,"column":18},"end":{"line":9,"column":1}},"1":{"start":{"line":4,"column":4},"end":{"line":8,"column":6}}},"fnMap":{"0":{"name":"(anonymous_0)","decl":{"start":{"line":3,"column":18},"end":{"line":3,"column":19}},"loc":{"start":{"line":3,"column":66},"end":{"line":9,"column":1}},"line":3}},"branchMap":{},"s":{"0":14,"1":144},"f":{"0":144},"b":{},"_coverageSchema":"1a1c01bbd47fc00a2c39e90264f33305004495a9","hash":"7f1cd35dd9001e29904bc951e8c06bfcbefc002d"}
,"/Users/sarahyleiva/Desktop/ACA PROYECTO Ultimo/mern-employee-salary-management/Frontend/src/components/atoms/Buttons/ButtonThree/index.jsx": {"path":"/Users/sarahyleiva/Desktop/ACA PROYECTO Ultimo/mern-employee-salary-management/Frontend/src/components/atoms/Buttons/ButtonThree/index.jsx","statementMap":{"0":{"start":{"line":3,"column":20},"end":{"line":9,"column":1}},"1":{"start":{"line":4,"column":4},"end":{"line":8,"column":6}}},"fnMap":{"0":{"name":"(anonymous_0)","decl":{"start":{"line":3,"column":20},"end":{"line":3,"column":21}},"loc":{"start":{"line":3,"column":58},"end":{"line":9,"column":1}},"line":3}},"branchMap":{},"s":{"0":14,"1":4},"f":{"0":4},"b":{},"_coverageSchema":"1a1c01bbd47fc00a2c39e90264f33305004495a9","hash":"cb6f7e04ce82cccde519e12e10ebee2fc0294273"}
,"/Users/sarahyleiva/Desktop/ACA PROYECTO Ultimo/mern-employee-salary-management/Frontend/src/components/atoms/Buttons/ButtonTwo/index.jsx": {"path":"/Users/sarahyleiva/Desktop/ACA PROYECTO Ultimo/mern-employee-salary-management/Frontend/src/components/atoms/Buttons/ButtonTwo/index.jsx","statementMap":{"0":{"start":{"line":3,"column":18},"end":{"line":9,"column":1}},"1":{"start":{"line":4,"column":4},"end":{"line":8,"column":6}}},"fnMap":{"0":{"name":"(anonymous_0)","decl":{"start":{"line":3,"column":18},"end":{"line":3,"column":19}},"loc":{"start":{"line":3,"column":56},"end":{"line":9,"column":1}},"line":3}},"branchMap":{},"s":{"0":14,"1":43},"f":{"0":43},"b":{},"_coverageSchema":"1a1c01bbd47fc00a2c39e90264f33305004495a9","hash":"7678da8bacb0bc313804afb9962580af2a6451f6"}
,"/Users/sarahyleiva/Desktop/ACA PROYECTO Ultimo/mern-employee-salary-management/Frontend/src/components/atoms/Card/CardFour/index.jsx": {"path":"/Users/sarahyleiva/Desktop/ACA PROYECTO Ultimo/mern-employee-salary-management/Frontend/src/components/atoms/Card/CardFour/index.jsx","statementMap":{"0":{"start":{"line":7,"column":17},"end":{"line":33,"column":1}},"1":{"start":{"line":8,"column":16},"end":{"line":8,"column":43}},"2":{"start":{"line":9,"column":19},"end":{"line":9,"column":32}},"3":{"start":{"line":10,"column":28},"end":{"line":10,"column":71}},"4":{"start":{"line":10,"column":51},"end":{"line":10,"column":70}},"5":{"start":{"line":11,"column":30},"end":{"line":11,"column":50}},"6":{"start":{"line":13,"column":2},"end":{"line":15,"column":17}},"7":{"start":{"line":14,"column":4},"end":{"line":14,"column":33}},"8":{"start":{"line":17,"column":2},"end":{"line":32,"column":3}}},"fnMap":{"0":{"name":"(anonymous_0)","decl":{"start":{"line":7,"column":17},"end":{"line":7,"column":18}},"loc":{"start":{"line":7,"column":23},"end":{"line":33,"column":1}},"line":7},"1":{"name":"(anonymous_1)","decl":{"start":{"line":10,"column":40},"end":{"line":10,"column":41}},"loc":{"start":{"line":10,"column":51},"end":{"line":10,"column":70}},"line":10},"2":{"name":"(anonymous_2)","decl":{"start":{"line":13,"column":12},"end":{"line":13,"column":13}},"loc":{"start":{"line":13,"column":18},"end":{"line":15,"column":3}},"line":13}},"branchMap":{},"s":{"0":14,"1":2,"2":2,"3":2,"4":2,"5":2,"6":2,"7":2,"8":2},"f":{"0":2,"1":2,"2":2},"b":{},"_coverageSchema":"1a1c01bbd47fc00a2c39e90264f33305004495a9","hash":"4960f2b9ad3248675a950652e383046e4a218581"}
,"/Users/sarahyleiva/Desktop/ACA PROYECTO Ultimo/mern-employee-salary-management/Frontend/src/components/atoms/Card/CardOne/index.jsx": {"path":"/Users/sarahyleiva/Desktop/ACA PROYECTO Ultimo/mern-employee-salary-management/Frontend/src/components/atoms/Card/CardOne/index.jsx","statementMap":{"0":{"start":{"line":7,"column":16},"end":{"line":32,"column":1}},"1":{"start":{"line":8,"column":16},"end":{"line":8,"column":43}},"2":{"start":{"line":9,"column":19},"end":{"line":9,"column":32}},"3":{"start":{"line":10,"column":26},"end":{"line":10,"column":67}},"4":{"start":{"line":10,"column":49},"end":{"line":10,"column":66}},"5":{"start":{"line":11,"column":28},"end":{"line":11,"column":46}},"6":{"start":{"line":13,"column":2},"end":{"line":15,"column":17}},"7":{"start":{"line":14,"column":4},"end":{"line":14,"column":31}},"8":{"start":{"line":17,"column":2},"end":{"line":31,"column":4}}},"fnMap":{"0":{"name":"(anonymous_0)","decl":{"start":{"line":7,"column":16},"end":{"line":7,"column":17}},"loc":{"start":{"line":7,"column":22},"end":{"line":32,"column":1}},"line":7},"1":{"name":"(anonymous_1)","decl":{"start":{"line":10,"column":38},"end":{"line":10,"column":39}},"loc":{"start":{"line":10,"column":49},"end":{"line":10,"column":66}},"line":10},"2":{"name":"(anonymous_2)","decl":{"start":{"line":13,"column":12},"end":{"line":13,"column":13}},"loc":{"start":{"line":13,"column":18},"end":{"line":15,"column":3}},"line":13}},"branchMap":{},"s":{"0":14,"1":2,"2":2,"3":2,"4":2,"5":2,"6":2,"7":2,"8":2},"f":{"0":2,"1":2,"2":2},"b":{},"_coverageSchema":"1a1c01bbd47fc00a2c39e90264f33305004495a9","hash":"8a385be879838bdf362da64bf0f1c89248f1990a"}
,"/Users/sarahyleiva/Desktop/ACA PROYECTO Ultimo/mern-employee-salary-management/Frontend/src/components/atoms/Card/CardThree/index.jsx": {"path":"/Users/sarahyleiva/Desktop/ACA PROYECTO Ultimo/mern-employee-salary-management/Frontend/src/components/atoms/Card/CardThree/index.jsx","statementMap":{"0":{"start":{"line":7,"column":18},"end":{"line":33,"column":1}},"1":{"start":{"line":8,"column":16},"end":{"line":8,"column":43}},"2":{"start":{"line":9,"column":19},"end":{"line":9,"column":32}},"3":{"start":{"line":10,"column":26},"end":{"line":10,"column":67}},"4":{"start":{"line":10,"column":49},"end":{"line":10,"column":66}},"5":{"start":{"line":11,"column":28},"end":{"line":11,"column":46}},"6":{"start":{"line":13,"column":2},"end":{"line":15,"column":17}},"7":{"start":{"line":14,"column":4},"end":{"line":14,"column":31}},"8":{"start":{"line":17,"column":2},"end":{"line":32,"column":3}}},"fnMap":{"0":{"name":"(anonymous_0)","decl":{"start":{"line":7,"column":18},"end":{"line":7,"column":19}},"loc":{"start":{"line":7,"column":24},"end":{"line":33,"column":1}},"line":7},"1":{"name":"(anonymous_1)","decl":{"start":{"line":10,"column":38},"end":{"line":10,"column":39}},"loc":{"start":{"line":10,"column":49},"end":{"line":10,"column":66}},"line":10},"2":{"name":"(anonymous_2)","decl":{"start":{"line":13,"column":12},"end":{"line":13,"column":13}},"loc":{"start":{"line":13,"column":18},"end":{"line":15,"column":3}},"line":13}},"branchMap":{},"s":{"0":14,"1":2,"2":2,"3":2,"4":2,"5":2,"6":2,"7":2,"8":2},"f":{"0":2,"1":2,"2":2},"b":{},"_coverageSchema":"1a1c01bbd47fc00a2c39e90264f33305004495a9","hash":"32616f3615bb7c2e8578754d4ec95afe4ab963b2"}
,"/Users/sarahyleiva/Desktop/ACA PROYECTO Ultimo/mern-employee-salary-management/Frontend/src/components/atoms/Card/CardTwo/index.jsx": {"path":"/Users/sarahyleiva/Desktop/ACA PROYECTO Ultimo/mern-employee-salary-management/Frontend/src/components/atoms/Card/CardTwo/index.jsx","statementMap":{"0":{"start":{"line":5,"column":16},"end":{"line":23,"column":1}},"1":{"start":{"line":6,"column":16},"end":{"line":6,"column":43}},"2":{"start":{"line":8,"column":2},"end":{"line":22,"column":3}}},"fnMap":{"0":{"name":"(anonymous_0)","decl":{"start":{"line":5,"column":16},"end":{"line":5,"column":17}},"loc":{"start":{"line":5,"column":22},"end":{"line":23,"column":1}},"line":5}},"branchMap":{},"s":{"0":14,"1":1,"2":1},"f":{"0":1},"b":{},"_coverageSchema":"1a1c01bbd47fc00a2c39e90264f33305004495a9","hash":"222c837b3b6fa5b143f66c24a7fa28debcbd1cac"}
,"/Users/sarahyleiva/Desktop/ACA PROYECTO Ultimo/mern-employee-salary-management/Frontend/src/components/atoms/Chart/ChartOne/index.jsx": {"path":"/Users/sarahyleiva/Desktop/ACA PROYECTO Ultimo/mern-employee-salary-management/Frontend/src/components/atoms/Chart/ChartOne/index.jsx","statementMap":{"0":{"start":{"line":10,"column":4},"end":{"line":10,"column":17}},"1":{"start":{"line":12,"column":24},"end":{"line":12,"column":48}},"2":{"start":{"line":14,"column":4},"end":{"line":114,"column":6}},"3":{"start":{"line":118,"column":18},"end":{"line":118,"column":28}},"4":{"start":{"line":119,"column":28},"end":{"line":119,"column":38}},"5":{"start":{"line":121,"column":4},"end":{"line":150,"column":5}},"6":{"start":{"line":122,"column":23},"end":{"line":124,"column":7}},"7":{"start":{"line":125,"column":19},"end":{"line":125,"column":40}},"8":{"start":{"line":127,"column":31},"end":{"line":132,"column":9}},"9":{"start":{"line":127,"column":59},"end":{"line":132,"column":7}},"10":{"start":{"line":134,"column":6},"end":{"line":147,"column":10}},"11":{"start":{"line":134,"column":36},"end":{"line":147,"column":7}},"12":{"start":{"line":144,"column":56},"end":{"line":144,"column":62}},"13":{"start":{"line":149,"column":6},"end":{"line":149,"column":69}},"14":{"start":{"line":154,"column":18},"end":{"line":154,"column":28}},"15":{"start":{"line":155,"column":32},"end":{"line":155,"column":42}},"16":{"start":{"line":157,"column":4},"end":{"line":197,"column":6}}},"fnMap":{"0":{"name":"(anonymous_0)","decl":{"start":{"line":9,"column":2},"end":{"line":9,"column":3}},"loc":{"start":{"line":9,"column":21},"end":{"line":115,"column":3}},"line":9},"1":{"name":"(anonymous_1)","decl":{"start":{"line":117,"column":2},"end":{"line":117,"column":3}},"loc":{"start":{"line":117,"column":28},"end":{"line":151,"column":3}},"line":117},"2":{"name":"(anonymous_2)","decl":{"start":{"line":127,"column":47},"end":{"line":127,"column":48}},"loc":{"start":{"line":127,"column":59},"end":{"line":132,"column":7}},"line":127},"3":{"name":"(anonymous_3)","decl":{"start":{"line":134,"column":20},"end":{"line":134,"column":21}},"loc":{"start":{"line":134,"column":36},"end":{"line":147,"column":7}},"line":134},"4":{"name":"(anonymous_4)","decl":{"start":{"line":144,"column":49},"end":{"line":144,"column":50}},"loc":{"start":{"line":144,"column":56},"end":{"line":144,"column":62}},"line":144},"5":{"name":"(anonymous_5)","decl":{"start":{"line":153,"column":2},"end":{"line":153,"column":3}},"loc":{"start":{"line":153,"column":11},"end":{"line":198,"column":3}},"line":153}},"branchMap":{"0":{"loc":{"start":{"line":128,"column":14},"end":{"line":130,"column":59}},"type":"cond-expr","locations":[{"start":{"line":129,"column":12},"end":{"line":129,"column":57}},{"start":{"line":130,"column":12},"end":{"line":130,"column":59}}],"line":128}},"s":{"0":1,"1":1,"2":1,"3":1,"4":1,"5":1,"6":1,"7":1,"8":1,"9":2,"10":1,"11":0,"12":0,"13":0,"14":1,"15":1,"16":1},"f":{"0":1,"1":1,"2":2,"3":0,"4":0,"5":1},"b":{"0":[0,2]},"_coverageSchema":"1a1c01bbd47fc00a2c39e90264f33305004495a9","hash":"82297cff2c438579f14bff5e3fb1a35b96d407fc"}
,"/Users/sarahyleiva/Desktop/ACA PROYECTO Ultimo/mern-employee-salary-management/Frontend/src/components/atoms/Chart/ChartTwo/index.jsx": {"path":"/Users/sarahyleiva/Desktop/ACA PROYECTO Ultimo/mern-employee-salary-management/Frontend/src/components/atoms/Chart/ChartTwo/index.jsx","statementMap":{"0":{"start":{"line":10,"column":4},"end":{"line":10,"column":17}},"1":{"start":{"line":12,"column":4},"end":{"line":57,"column":6}},"2":{"start":{"line":60,"column":14},"end":{"line":78,"column":3}},"3":{"start":{"line":61,"column":4},"end":{"line":77,"column":5}},"4":{"start":{"line":62,"column":18},"end":{"line":62,"column":70}},"5":{"start":{"line":63,"column":19},"end":{"line":63,"column":35}},"6":{"start":{"line":65,"column":37},"end":{"line":65,"column":48}},"7":{"start":{"line":67,"column":6},"end":{"line":74,"column":8}},"8":{"start":{"line":76,"column":6},"end":{"line":76,"column":68}},"9":{"start":{"line":80,"column":17},"end":{"line":91,"column":3}},"10":{"start":{"line":81,"column":18},"end":{"line":81,"column":28}},"11":{"start":{"line":82,"column":4},"end":{"line":90,"column":8}},"12":{"start":{"line":82,"column":34},"end":{"line":90,"column":5}},"13":{"start":{"line":94,"column":4},"end":{"line":94,"column":21}},"14":{"start":{"line":97,"column":4},"end":{"line":97,"column":61}},"15":{"start":{"line":102,"column":4},"end":{"line":102,"column":62}},"16":{"start":{"line":106,"column":18},"end":{"line":106,"column":28}},"17":{"start":{"line":107,"column":54},"end":{"line":107,"column":64}},"18":{"start":{"line":109,"column":4},"end":{"line":146,"column":6}}},"fnMap":{"0":{"name":"(anonymous_0)","decl":{"start":{"line":9,"column":2},"end":{"line":9,"column":3}},"loc":{"start":{"line":9,"column":21},"end":{"line":58,"column":3}},"line":9},"1":{"name":"(anonymous_1)","decl":{"start":{"line":60,"column":14},"end":{"line":60,"column":15}},"loc":{"start":{"line":60,"column":26},"end":{"line":78,"column":3}},"line":60},"2":{"name":"(anonymous_2)","decl":{"start":{"line":80,"column":17},"end":{"line":80,"column":18}},"loc":{"start":{"line":80,"column":23},"end":{"line":91,"column":3}},"line":80},"3":{"name":"(anonymous_3)","decl":{"start":{"line":82,"column":18},"end":{"line":82,"column":19}},"loc":{"start":{"line":82,"column":34},"end":{"line":90,"column":5}},"line":82},"4":{"name":"(anonymous_4)","decl":{"start":{"line":93,"column":2},"end":{"line":93,"column":3}},"loc":{"start":{"line":93,"column":22},"end":{"line":98,"column":3}},"line":93},"5":{"name":"(anonymous_5)","decl":{"start":{"line":100,"column":2},"end":{"line":100,"column":3}},"loc":{"start":{"line":100,"column":25},"end":{"line":103,"column":3}},"line":100},"6":{"name":"(anonymous_6)","decl":{"start":{"line":105,"column":2},"end":{"line":105,"column":3}},"loc":{"start":{"line":105,"column":11},"end":{"line":147,"column":3}},"line":105}},"branchMap":{},"s":{"0":1,"1":1,"2":1,"3":1,"4":1,"5":1,"6":1,"7":1,"8":0,"9":1,"10":1,"11":1,"12":1,"13":1,"14":1,"15":1,"16":3,"17":3,"18":3},"f":{"0":1,"1":1,"2":1,"3":1,"4":1,"5":1,"6":3},"b":{},"_coverageSchema":"1a1c01bbd47fc00a2c39e90264f33305004495a9","hash":"b330d97ebfee33715debc2515649f970a66c3fd2"}
,"/Users/sarahyleiva/Desktop/ACA PROYECTO Ultimo/mern-employee-salary-management/Frontend/src/components/atoms/CurrencySwitcher/index.jsx": {"path":"/Users/sarahyleiva/Desktop/ACA PROYECTO Ultimo/mern-employee-salary-management/Frontend/src/components/atoms/CurrencySwitcher/index.jsx","statementMap":{"0":{"start":{"line":5,"column":25},"end":{"line":75,"column":1}},"1":{"start":{"line":6,"column":36},"end":{"line":6,"column":49}},"2":{"start":{"line":7,"column":42},"end":{"line":7,"column":57}},"3":{"start":{"line":8,"column":18},"end":{"line":8,"column":30}},"4":{"start":{"line":9,"column":19},"end":{"line":9,"column":31}},"5":{"start":{"line":11,"column":21},"end":{"line":11,"column":62}},"6":{"start":{"line":14,"column":2},"end":{"line":26,"column":9}},"7":{"start":{"line":15,"column":31},"end":{"line":23,"column":5}},"8":{"start":{"line":16,"column":6},"end":{"line":22,"column":7}},"9":{"start":{"line":21,"column":8},"end":{"line":21,"column":31}},"10":{"start":{"line":24,"column":4},"end":{"line":24,"column":63}},"11":{"start":{"line":25,"column":4},"end":{"line":25,"column":79}},"12":{"start":{"line":25,"column":17},"end":{"line":25,"column":78}},"13":{"start":{"line":29,"column":2},"end":{"line":37,"column":9}},"14":{"start":{"line":30,"column":26},"end":{"line":34,"column":5}},"15":{"start":{"line":31,"column":6},"end":{"line":33,"column":7}},"16":{"start":{"line":32,"column":8},"end":{"line":32,"column":31}},"17":{"start":{"line":35,"column":4},"end":{"line":35,"column":56}},"18":{"start":{"line":36,"column":4},"end":{"line":36,"column":72}},"19":{"start":{"line":36,"column":17},"end":{"line":36,"column":71}},"20":{"start":{"line":39,"column":2},"end":{"line":74,"column":4}},"21":{"start":{"line":43,"column":23},"end":{"line":43,"column":53}},"22":{"start":{"line":57,"column":12},"end":{"line":69,"column":17}},"23":{"start":{"line":60,"column":18},"end":{"line":60,"column":36}},"24":{"start":{"line":61,"column":18},"end":{"line":61,"column":41}}},"fnMap":{"0":{"name":"(anonymous_0)","decl":{"start":{"line":5,"column":25},"end":{"line":5,"column":26}},"loc":{"start":{"line":5,"column":31},"end":{"line":75,"column":1}},"line":5},"1":{"name":"(anonymous_1)","decl":{"start":{"line":14,"column":12},"end":{"line":14,"column":13}},"loc":{"start":{"line":14,"column":18},"end":{"line":26,"column":3}},"line":14},"2":{"name":"(anonymous_2)","decl":{"start":{"line":15,"column":31},"end":{"line":15,"column":32}},"loc":{"start":{"line":15,"column":42},"end":{"line":23,"column":5}},"line":15},"3":{"name":"(anonymous_3)","decl":{"start":{"line":25,"column":11},"end":{"line":25,"column":12}},"loc":{"start":{"line":25,"column":17},"end":{"line":25,"column":78}},"line":25},"4":{"name":"(anonymous_4)","decl":{"start":{"line":29,"column":12},"end":{"line":29,"column":13}},"loc":{"start":{"line":29,"column":18},"end":{"line":37,"column":3}},"line":29},"5":{"name":"(anonymous_5)","decl":{"start":{"line":30,"column":26},"end":{"line":30,"column":27}},"loc":{"start":{"line":30,"column":37},"end":{"line":34,"column":5}},"line":30},"6":{"name":"(anonymous_6)","decl":{"start":{"line":36,"column":11},"end":{"line":36,"column":12}},"loc":{"start":{"line":36,"column":17},"end":{"line":36,"column":71}},"line":36},"7":{"name":"(anonymous_7)","decl":{"start":{"line":43,"column":17},"end":{"line":43,"column":18}},"loc":{"start":{"line":43,"column":23},"end":{"line":43,"column":53}},"line":43},"8":{"name":"(anonymous_8)","decl":{"start":{"line":56,"column":26},"end":{"line":56,"column":27}},"loc":{"start":{"line":57,"column":12},"end":{"line":69,"column":17}},"line":57},"9":{"name":"(anonymous_9)","decl":{"start":{"line":59,"column":25},"end":{"line":59,"column":26}},"loc":{"start":{"line":59,"column":31},"end":{"line":62,"column":17}},"line":59}},"branchMap":{"0":{"loc":{"start":{"line":16,"column":6},"end":{"line":22,"column":7}},"type":"if","locations":[{"start":{"line":16,"column":6},"end":{"line":22,"column":7}},{"start":{},"end":{}}],"line":16},"1":{"loc":{"start":{"line":17,"column":8},"end":{"line":19,"column":47}},"type":"binary-expr","locations":[{"start":{"line":17,"column":8},"end":{"line":17,"column":24}},{"start":{"line":18,"column":8},"end":{"line":18,"column":48}},{"start":{"line":19,"column":8},"end":{"line":19,"column":47}}],"line":17},"2":{"loc":{"start":{"line":31,"column":6},"end":{"line":33,"column":7}},"type":"if","locations":[{"start":{"line":31,"column":6},"end":{"line":33,"column":7}},{"start":{},"end":{}}],"line":31},"3":{"loc":{"start":{"line":52,"column":10},"end":{"line":52,"column":43}},"type":"cond-expr","locations":[{"start":{"line":52,"column":25},"end":{"line":52,"column":32}},{"start":{"line":52,"column":35},"end":{"line":52,"column":43}}],"line":52},"4":{"loc":{"start":{"line":64,"column":18},"end":{"line":64,"column":58}},"type":"cond-expr","locations":[{"start":{"line":64,"column":38},"end":{"line":64,"column":53}},{"start":{"line":64,"column":56},"end":{"line":64,"column":58}}],"line":64}},"s":{"0":13,"1":24,"2":24,"3":24,"4":24,"5":24,"6":24,"7":9,"8":0,"9":0,"10":9,"11":9,"12":9,"13":24,"14":9,"15":0,"16":0,"17":9,"18":9,"19":9,"20":24,"21":1,"22":72,"23":3,"24":3},"f":{"0":24,"1":9,"2":0,"3":9,"4":9,"5":0,"6":9,"7":1,"8":72,"9":3},"b":{"0":[0,0],"1":[0,0,0],"2":[0,0],"3":[1,23],"4":[24,48]},"_coverageSchema":"1a1c01bbd47fc00a2c39e90264f33305004495a9","hash":"1771994e373d8a08d795915e7a864785deb6e383"}
,"/Users/sarahyleiva/Desktop/ACA PROYECTO Ultimo/mern-employee-salary-management/Frontend/src/components/atoms/DarkModeSwitcher/index.jsx": {"path":"/Users/sarahyleiva/Desktop/ACA PROYECTO Ultimo/mern-employee-salary-management/Frontend/src/components/atoms/DarkModeSwitcher/index.jsx","statementMap":{"0":{"start":{"line":4,"column":25},"end":{"line":60,"column":1}},"1":{"start":{"line":5,"column":36},"end":{"line":5,"column":50}},"2":{"start":{"line":7,"column":2},"end":{"line":59,"column":3}},"3":{"start":{"line":16,"column":12},"end":{"line":16,"column":66}}},"fnMap":{"0":{"name":"(anonymous_0)","decl":{"start":{"line":4,"column":25},"end":{"line":4,"column":26}},"loc":{"start":{"line":4,"column":31},"end":{"line":60,"column":1}},"line":4},"1":{"name":"(anonymous_1)","decl":{"start":{"line":15,"column":20},"end":{"line":15,"column":21}},"loc":{"start":{"line":16,"column":12},"end":{"line":16,"column":66}},"line":16}},"branchMap":{"0":{"loc":{"start":{"line":10,"column":65},"end":{"line":10,"column":114}},"type":"cond-expr","locations":[{"start":{"line":10,"column":88},"end":{"line":10,"column":100}},{"start":{"line":10,"column":103},"end":{"line":10,"column":114}}],"line":10},"1":{"loc":{"start":{"line":16,"column":25},"end":{"line":16,"column":65}},"type":"cond-expr","locations":[{"start":{"line":16,"column":49},"end":{"line":16,"column":55}},{"start":{"line":16,"column":58},"end":{"line":16,"column":65}}],"line":16},"2":{"loc":{"start":{"line":21,"column":186},"end":{"line":21,"column":242}},"type":"binary-expr","locations":[{"start":{"line":21,"column":186},"end":{"line":21,"column":206}},{"start":{"line":21,"column":210},"end":{"line":21,"column":242}}],"line":21}},"s":{"0":14,"1":31,"2":31,"3":2},"f":{"0":31,"1":2},"b":{"0":[1,30],"1":[1,1],"2":[31,1]},"_coverageSchema":"1a1c01bbd47fc00a2c39e90264f33305004495a9","hash":"6a9a278ad87920bf26e4269dd25d558f4b076607"}
,"/Users/sarahyleiva/Desktop/ACA PROYECTO Ultimo/mern-employee-salary-management/Frontend/src/components/atoms/Dropdown/DropdownDefault/index.jsx": {"path":"/Users/sarahyleiva/Desktop/ACA PROYECTO Ultimo/mern-employee-salary-management/Frontend/src/components/atoms/Dropdown/DropdownDefault/index.jsx","statementMap":{"0":{"start":{"line":3,"column":24},"end":{"line":119,"column":1}},"1":{"start":{"line":4,"column":42},"end":{"line":4,"column":57}},"2":{"start":{"line":6,"column":18},"end":{"line":6,"column":30}},"3":{"start":{"line":7,"column":19},"end":{"line":7,"column":31}},"4":{"start":{"line":9,"column":2},"end":{"line":22,"column":4}},"5":{"start":{"line":10,"column":25},"end":{"line":19,"column":5}},"6":{"start":{"line":11,"column":6},"end":{"line":11,"column":35}},"7":{"start":{"line":11,"column":29},"end":{"line":11,"column":35}},"8":{"start":{"line":12,"column":6},"end":{"line":17,"column":14}},"9":{"start":{"line":17,"column":8},"end":{"line":17,"column":14}},"10":{"start":{"line":18,"column":6},"end":{"line":18,"column":28}},"11":{"start":{"line":20,"column":4},"end":{"line":20,"column":52}},"12":{"start":{"line":21,"column":4},"end":{"line":21,"column":68}},"13":{"start":{"line":21,"column":17},"end":{"line":21,"column":68}},"14":{"start":{"line":24,"column":2},"end":{"line":31,"column":4}},"15":{"start":{"line":25,"column":23},"end":{"line":28,"column":5}},"16":{"start":{"line":26,"column":6},"end":{"line":26,"column":49}},"17":{"start":{"line":26,"column":43},"end":{"line":26,"column":49}},"18":{"start":{"line":27,"column":6},"end":{"line":27,"column":28}},"19":{"start":{"line":29,"column":4},"end":{"line":29,"column":52}},"20":{"start":{"line":30,"column":4},"end":{"line":30,"column":68}},"21":{"start":{"line":30,"column":17},"end":{"line":30,"column":68}},"22":{"start":{"line":33,"column":2},"end":{"line":118,"column":3}},"23":{"start":{"line":35,"column":76},"end":{"line":35,"column":106}},"24":{"start":{"line":59,"column":23},"end":{"line":59,"column":44}},"25":{"start":{"line":60,"column":22},"end":{"line":60,"column":44}}},"fnMap":{"0":{"name":"(anonymous_0)","decl":{"start":{"line":3,"column":24},"end":{"line":3,"column":25}},"loc":{"start":{"line":3,"column":30},"end":{"line":119,"column":1}},"line":3},"1":{"name":"(anonymous_1)","decl":{"start":{"line":9,"column":12},"end":{"line":9,"column":13}},"loc":{"start":{"line":9,"column":18},"end":{"line":22,"column":3}},"line":9},"2":{"name":"(anonymous_2)","decl":{"start":{"line":10,"column":25},"end":{"line":10,"column":26}},"loc":{"start":{"line":10,"column":41},"end":{"line":19,"column":5}},"line":10},"3":{"name":"(anonymous_3)","decl":{"start":{"line":21,"column":11},"end":{"line":21,"column":12}},"loc":{"start":{"line":21,"column":17},"end":{"line":21,"column":68}},"line":21},"4":{"name":"(anonymous_4)","decl":{"start":{"line":24,"column":12},"end":{"line":24,"column":13}},"loc":{"start":{"line":24,"column":18},"end":{"line":31,"column":3}},"line":24},"5":{"name":"(anonymous_5)","decl":{"start":{"line":25,"column":23},"end":{"line":25,"column":24}},"loc":{"start":{"line":25,"column":40},"end":{"line":28,"column":5}},"line":25},"6":{"name":"(anonymous_6)","decl":{"start":{"line":30,"column":11},"end":{"line":30,"column":12}},"loc":{"start":{"line":30,"column":17},"end":{"line":30,"column":68}},"line":30},"7":{"name":"(anonymous_7)","decl":{"start":{"line":35,"column":70},"end":{"line":35,"column":71}},"loc":{"start":{"line":35,"column":76},"end":{"line":35,"column":106}},"line":35},"8":{"name":"(anonymous_8)","decl":{"start":{"line":59,"column":17},"end":{"line":59,"column":18}},"loc":{"start":{"line":59,"column":23},"end":{"line":59,"column":44}},"line":59},"9":{"name":"(anonymous_9)","decl":{"start":{"line":60,"column":16},"end":{"line":60,"column":17}},"loc":{"start":{"line":60,"column":22},"end":{"line":60,"column":44}},"line":60}},"branchMap":{"0":{"loc":{"start":{"line":11,"column":6},"end":{"line":11,"column":35}},"type":"if","locations":[{"start":{"line":11,"column":6},"end":{"line":11,"column":35}},{"start":{},"end":{}}],"line":11},"1":{"loc":{"start":{"line":12,"column":6},"end":{"line":17,"column":14}},"type":"if","locations":[{"start":{"line":12,"column":6},"end":{"line":17,"column":14}},{"start":{},"end":{}}],"line":12},"2":{"loc":{"start":{"line":13,"column":8},"end":{"line":15,"column":40}},"type":"binary-expr","locations":[{"start":{"line":13,"column":8},"end":{"line":13,"column":21}},{"start":{"line":14,"column":8},"end":{"line":14,"column":41}},{"start":{"line":15,"column":8},"end":{"line":15,"column":40}}],"line":13},"3":{"loc":{"start":{"line":26,"column":6},"end":{"line":26,"column":49}},"type":"if","locations":[{"start":{"line":26,"column":6},"end":{"line":26,"column":49}},{"start":{},"end":{}}],"line":26},"4":{"loc":{"start":{"line":26,"column":10},"end":{"line":26,"column":41}},"type":"binary-expr","locations":[{"start":{"line":26,"column":10},"end":{"line":26,"column":23}},{"start":{"line":26,"column":27},"end":{"line":26,"column":41}}],"line":26},"5":{"loc":{"start":{"line":62,"column":10},"end":{"line":62,"column":52}},"type":"cond-expr","locations":[{"start":{"line":62,"column":34},"end":{"line":62,"column":41}},{"start":{"line":62,"column":44},"end":{"line":62,"column":52}}],"line":62}},"s":{"0":14,"1":2,"2":2,"3":2,"4":2,"5":2,"6":1,"7":0,"8":1,"9":1,"10":0,"11":2,"12":2,"13":2,"14":2,"15":2,"16":0,"17":0,"18":0,"19":2,"20":2,"21":2,"22":2,"23":1,"24":0,"25":0},"f":{"0":2,"1":2,"2":1,"3":2,"4":2,"5":0,"6":2,"7":1,"8":0,"9":0},"b":{"0":[0,1],"1":[1,0],"2":[1,0,0],"3":[0,0],"4":[0,0],"5":[1,1]},"_coverageSchema":"1a1c01bbd47fc00a2c39e90264f33305004495a9","hash":"8e79ceaf0c7683e87afc6159e421d26b03512f12"}
,"/Users/sarahyleiva/Desktop/ACA PROYECTO Ultimo/mern-employee-salary-management/Frontend/src/components/atoms/Dropdown/DropdownProfil/index.jsx": {"path":"/Users/sarahyleiva/Desktop/ACA PROYECTO Ultimo/mern-employee-salary-management/Frontend/src/components/atoms/Dropdown/DropdownProfil/index.jsx","statementMap":{"0":{"start":{"line":16,"column":23},"end":{"line":160,"column":1}},"1":{"start":{"line":17,"column":42},"end":{"line":17,"column":57}},"2":{"start":{"line":18,"column":19},"end":{"line":18,"column":32}},"3":{"start":{"line":19,"column":18},"end":{"line":19,"column":30}},"4":{"start":{"line":20,"column":19},"end":{"line":20,"column":31}},"5":{"start":{"line":21,"column":19},"end":{"line":21,"column":32}},"6":{"start":{"line":22,"column":19},"end":{"line":22,"column":53}},"7":{"start":{"line":22,"column":42},"end":{"line":22,"column":52}},"8":{"start":{"line":23,"column":40},"end":{"line":23,"column":54}},"9":{"start":{"line":24,"column":16},"end":{"line":24,"column":40}},"10":{"start":{"line":26,"column":19},"end":{"line":51,"column":3}},"11":{"start":{"line":27,"column":4},"end":{"line":50,"column":7}},"12":{"start":{"line":36,"column":6},"end":{"line":49,"column":7}},"13":{"start":{"line":37,"column":8},"end":{"line":37,"column":31}},"14":{"start":{"line":38,"column":8},"end":{"line":38,"column":26}},"15":{"start":{"line":39,"column":8},"end":{"line":48,"column":11}},"16":{"start":{"line":47,"column":10},"end":{"line":47,"column":29}},"17":{"start":{"line":53,"column":2},"end":{"line":69,"column":13}},"18":{"start":{"line":54,"column":27},"end":{"line":66,"column":5}},"19":{"start":{"line":55,"column":6},"end":{"line":65,"column":7}},"20":{"start":{"line":56,"column":8},"end":{"line":62,"column":9}},"21":{"start":{"line":57,"column":27},"end":{"line":59,"column":11}},"22":{"start":{"line":60,"column":23},"end":{"line":60,"column":36}},"23":{"start":{"line":61,"column":10},"end":{"line":61,"column":31}},"24":{"start":{"line":64,"column":8},"end":{"line":64,"column":27}},"25":{"start":{"line":68,"column":4},"end":{"line":68,"column":21}},"26":{"start":{"line":71,"column":2},"end":{"line":88,"column":21}},"27":{"start":{"line":72,"column":25},"end":{"line":82,"column":5}},"28":{"start":{"line":73,"column":6},"end":{"line":73,"column":32}},"29":{"start":{"line":73,"column":25},"end":{"line":73,"column":32}},"30":{"start":{"line":74,"column":6},"end":{"line":81,"column":7}},"31":{"start":{"line":80,"column":8},"end":{"line":80,"column":31}},"32":{"start":{"line":84,"column":4},"end":{"line":84,"column":53}},"33":{"start":{"line":85,"column":4},"end":{"line":87,"column":6}},"34":{"start":{"line":86,"column":6},"end":{"line":86,"column":58}},"35":{"start":{"line":90,"column":2},"end":{"line":98,"column":21}},"36":{"start":{"line":91,"column":23},"end":{"line":94,"column":5}},"37":{"start":{"line":92,"column":6},"end":{"line":92,"column":50}},"38":{"start":{"line":92,"column":43},"end":{"line":92,"column":50}},"39":{"start":{"line":93,"column":6},"end":{"line":93,"column":29}},"40":{"start":{"line":96,"column":4},"end":{"line":96,"column":53}},"41":{"start":{"line":97,"column":4},"end":{"line":97,"column":69}},"42":{"start":{"line":97,"column":17},"end":{"line":97,"column":68}},"43":{"start":{"line":100,"column":2},"end":{"line":159,"column":4}},"44":{"start":{"line":105,"column":25},"end":{"line":105,"column":55}}},"fnMap":{"0":{"name":"(anonymous_0)","decl":{"start":{"line":16,"column":23},"end":{"line":16,"column":24}},"loc":{"start":{"line":16,"column":29},"end":{"line":160,"column":1}},"line":16},"1":{"name":"(anonymous_1)","decl":{"start":{"line":22,"column":31},"end":{"line":22,"column":32}},"loc":{"start":{"line":22,"column":42},"end":{"line":22,"column":52}},"line":22},"2":{"name":"(anonymous_2)","decl":{"start":{"line":26,"column":19},"end":{"line":26,"column":20}},"loc":{"start":{"line":26,"column":25},"end":{"line":51,"column":3}},"line":26},"3":{"name":"(anonymous_3)","decl":{"start":{"line":35,"column":12},"end":{"line":35,"column":13}},"loc":{"start":{"line":35,"column":24},"end":{"line":50,"column":5}},"line":35},"4":{"name":"(anonymous_4)","decl":{"start":{"line":46,"column":16},"end":{"line":46,"column":17}},"loc":{"start":{"line":46,"column":22},"end":{"line":48,"column":9}},"line":46},"5":{"name":"(anonymous_5)","decl":{"start":{"line":53,"column":12},"end":{"line":53,"column":13}},"loc":{"start":{"line":53,"column":18},"end":{"line":69,"column":3}},"line":53},"6":{"name":"(anonymous_6)","decl":{"start":{"line":54,"column":27},"end":{"line":54,"column":28}},"loc":{"start":{"line":54,"column":39},"end":{"line":66,"column":5}},"line":54},"7":{"name":"(anonymous_7)","decl":{"start":{"line":71,"column":12},"end":{"line":71,"column":13}},"loc":{"start":{"line":71,"column":18},"end":{"line":88,"column":3}},"line":71},"8":{"name":"(anonymous_8)","decl":{"start":{"line":72,"column":25},"end":{"line":72,"column":26}},"loc":{"start":{"line":72,"column":36},"end":{"line":82,"column":5}},"line":72},"9":{"name":"(anonymous_9)","decl":{"start":{"line":85,"column":11},"end":{"line":85,"column":12}},"loc":{"start":{"line":85,"column":17},"end":{"line":87,"column":5}},"line":85},"10":{"name":"(anonymous_10)","decl":{"start":{"line":90,"column":12},"end":{"line":90,"column":13}},"loc":{"start":{"line":90,"column":18},"end":{"line":98,"column":3}},"line":90},"11":{"name":"(anonymous_11)","decl":{"start":{"line":91,"column":23},"end":{"line":91,"column":24}},"loc":{"start":{"line":91,"column":40},"end":{"line":94,"column":5}},"line":91},"12":{"name":"(anonymous_12)","decl":{"start":{"line":97,"column":11},"end":{"line":97,"column":12}},"loc":{"start":{"line":97,"column":17},"end":{"line":97,"column":68}},"line":97},"13":{"name":"(anonymous_13)","decl":{"start":{"line":105,"column":19},"end":{"line":105,"column":20}},"loc":{"start":{"line":105,"column":25},"end":{"line":105,"column":55}},"line":105}},"branchMap":{"0":{"loc":{"start":{"line":36,"column":6},"end":{"line":49,"column":7}},"type":"if","locations":[{"start":{"line":36,"column":6},"end":{"line":49,"column":7}},{"start":{},"end":{}}],"line":36},"1":{"loc":{"start":{"line":56,"column":8},"end":{"line":62,"column":9}},"type":"if","locations":[{"start":{"line":56,"column":8},"end":{"line":62,"column":9}},{"start":{},"end":{}}],"line":56},"2":{"loc":{"start":{"line":56,"column":12},"end":{"line":56,"column":37}},"type":"binary-expr","locations":[{"start":{"line":56,"column":12},"end":{"line":56,"column":16}},{"start":{"line":56,"column":20},"end":{"line":56,"column":37}}],"line":56},"3":{"loc":{"start":{"line":73,"column":6},"end":{"line":73,"column":32}},"type":"if","locations":[{"start":{"line":73,"column":6},"end":{"line":73,"column":32}},{"start":{},"end":{}}],"line":73},"4":{"loc":{"start":{"line":74,"column":6},"end":{"line":81,"column":7}},"type":"if","locations":[{"start":{"line":74,"column":6},"end":{"line":81,"column":7}},{"start":{},"end":{}}],"line":74},"5":{"loc":{"start":{"line":75,"column":8},"end":{"line":78,"column":47}},"type":"binary-expr","locations":[{"start":{"line":75,"column":8},"end":{"line":75,"column":24}},{"start":{"line":76,"column":8},"end":{"line":76,"column":48}},{"start":{"line":77,"column":8},"end":{"line":77,"column":23}},{"start":{"line":78,"column":8},"end":{"line":78,"column":47}}],"line":75},"6":{"loc":{"start":{"line":92,"column":6},"end":{"line":92,"column":50}},"type":"if","locations":[{"start":{"line":92,"column":6},"end":{"line":92,"column":50}},{"start":{},"end":{}}],"line":92},"7":{"loc":{"start":{"line":92,"column":10},"end":{"line":92,"column":41}},"type":"binary-expr","locations":[{"start":{"line":92,"column":10},"end":{"line":92,"column":23}},{"start":{"line":92,"column":27},"end":{"line":92,"column":41}}],"line":92},"8":{"loc":{"start":{"line":102,"column":7},"end":{"line":125,"column":7}},"type":"binary-expr","locations":[{"start":{"line":102,"column":7},"end":{"line":102,"column":18}},{"start":{"line":103,"column":8},"end":{"line":124,"column":15}}],"line":102},"9":{"loc":{"start":{"line":127,"column":7},"end":{"line":157,"column":7}},"type":"binary-expr","locations":[{"start":{"line":127,"column":7},"end":{"line":127,"column":19}},{"start":{"line":128,"column":8},"end":{"line":156,"column":14}}],"line":127},"10":{"loc":{"start":{"line":136,"column":18},"end":{"line":138,"column":46}},"type":"cond-expr","locations":[{"start":{"line":137,"column":22},"end":{"line":137,"column":38}},{"start":{"line":138,"column":22},"end":{"line":138,"column":46}}],"line":136}},"s":{"0":14,"1":55,"2":55,"3":55,"4":55,"5":55,"6":55,"7":55,"8":55,"9":55,"10":55,"11":2,"12":2,"13":2,"14":2,"15":2,"16":2,"17":55,"18":21,"19":21,"20":21,"21":8,"22":7,"23":7,"24":1,"25":21,"26":55,"27":29,"28":17,"29":14,"30":3,"31":1,"32":29,"33":29,"34":29,"35":55,"36":29,"37":1,"38":0,"39":1,"40":29,"41":29,"42":29,"43":55,"44":6},"f":{"0":55,"1":55,"2":2,"3":2,"4":2,"5":21,"6":21,"7":29,"8":17,"9":29,"10":29,"11":1,"12":29,"13":6},"b":{"0":[2,0],"1":[8,13],"2":[21,20],"3":[14,3],"4":[1,2],"5":[3,3,1,1],"6":[0,1],"7":[1,1],"8":[55,15],"9":[55,6],"10":[0,6]},"_coverageSchema":"1a1c01bbd47fc00a2c39e90264f33305004495a9","hash":"f6bf4964ea7ab069465008e70a12a7c7a55fd8e8"}
,"/Users/sarahyleiva/Desktop/ACA PROYECTO Ultimo/mern-employee-salary-management/Frontend/src/components/atoms/Input/LoginInput/index.jsx": {"path":"/Users/sarahyleiva/Desktop/ACA PROYECTO Ultimo/mern-employee-salary-management/Frontend/src/components/atoms/Input/LoginInput/index.jsx","statementMap":{"0":{"start":{"line":11,"column":16},"end":{"line":11,"column":39}},"1":{"start":{"line":12,"column":26},"end":{"line":12,"column":43}},"2":{"start":{"line":14,"column":34},"end":{"line":14,"column":46}},"3":{"start":{"line":15,"column":34},"end":{"line":15,"column":46}},"4":{"start":{"line":16,"column":19},"end":{"line":16,"column":32}},"5":{"start":{"line":17,"column":19},"end":{"line":17,"column":32}},"6":{"start":{"line":19,"column":59},"end":{"line":21,"column":3}},"7":{"start":{"line":20,"column":15},"end":{"line":20,"column":25}},"8":{"start":{"line":23,"column":22},"end":{"line":26,"column":3}},"9":{"start":{"line":24,"column":4},"end":{"line":24,"column":23}},"10":{"start":{"line":25,"column":4},"end":{"line":25,"column":48}},"11":{"start":{"line":28,"column":2},"end":{"line":32,"column":44}},"12":{"start":{"line":29,"column":4},"end":{"line":31,"column":5}},"13":{"start":{"line":30,"column":6},"end":{"line":30,"column":29}},"14":{"start":{"line":34,"column":2},"end":{"line":49,"column":52}},"15":{"start":{"line":35,"column":4},"end":{"line":48,"column":5}},"16":{"start":{"line":36,"column":6},"end":{"line":40,"column":24}},"17":{"start":{"line":41,"column":11},"end":{"line":48,"column":5}},"18":{"start":{"line":42,"column":6},"end":{"line":47,"column":24}},"19":{"start":{"line":51,"column":2},"end":{"line":96,"column":4}},"20":{"start":{"line":61,"column":29},"end":{"line":61,"column":56}},"21":{"start":{"line":79,"column":29},"end":{"line":79,"column":56}}},"fnMap":{"0":{"name":"LoginInput","decl":{"start":{"line":10,"column":9},"end":{"line":10,"column":19}},"loc":{"start":{"line":10,"column":22},"end":{"line":97,"column":1}},"line":10},"1":{"name":"(anonymous_1)","decl":{"start":{"line":20,"column":4},"end":{"line":20,"column":5}},"loc":{"start":{"line":20,"column":15},"end":{"line":20,"column":25}},"line":20},"2":{"name":"(anonymous_2)","decl":{"start":{"line":23,"column":22},"end":{"line":23,"column":23}},"loc":{"start":{"line":23,"column":35},"end":{"line":26,"column":3}},"line":23},"3":{"name":"(anonymous_3)","decl":{"start":{"line":28,"column":12},"end":{"line":28,"column":13}},"loc":{"start":{"line":28,"column":18},"end":{"line":32,"column":3}},"line":28},"4":{"name":"(anonymous_4)","decl":{"start":{"line":34,"column":12},"end":{"line":34,"column":13}},"loc":{"start":{"line":34,"column":18},"end":{"line":49,"column":3}},"line":34},"5":{"name":"(anonymous_5)","decl":{"start":{"line":40,"column":14},"end":{"line":40,"column":15}},"loc":{"start":{"line":40,"column":20},"end":{"line":40,"column":22}},"line":40},"6":{"name":"(anonymous_6)","decl":{"start":{"line":47,"column":14},"end":{"line":47,"column":15}},"loc":{"start":{"line":47,"column":20},"end":{"line":47,"column":22}},"line":47},"7":{"name":"(anonymous_7)","decl":{"start":{"line":61,"column":22},"end":{"line":61,"column":23}},"loc":{"start":{"line":61,"column":29},"end":{"line":61,"column":56}},"line":61},"8":{"name":"(anonymous_8)","decl":{"start":{"line":79,"column":22},"end":{"line":79,"column":23}},"loc":{"start":{"line":79,"column":29},"end":{"line":79,"column":56}},"line":79}},"branchMap":{"0":{"loc":{"start":{"line":29,"column":4},"end":{"line":31,"column":5}},"type":"if","locations":[{"start":{"line":29,"column":4},"end":{"line":31,"column":5}},{"start":{},"end":{}}],"line":29},"1":{"loc":{"start":{"line":29,"column":8},"end":{"line":29,"column":25}},"type":"binary-expr","locations":[{"start":{"line":29,"column":8},"end":{"line":29,"column":12}},{"start":{"line":29,"column":16},"end":{"line":29,"column":25}}],"line":29},"2":{"loc":{"start":{"line":35,"column":4},"end":{"line":48,"column":5}},"type":"if","locations":[{"start":{"line":35,"column":4},"end":{"line":48,"column":5}},{"start":{"line":41,"column":11},"end":{"line":48,"column":5}}],"line":35},"3":{"loc":{"start":{"line":41,"column":11},"end":{"line":48,"column":5}},"type":"if","locations":[{"start":{"line":41,"column":11},"end":{"line":48,"column":5}},{"start":{},"end":{}}],"line":41},"4":{"loc":{"start":{"line":41,"column":15},"end":{"line":41,"column":32}},"type":"binary-expr","locations":[{"start":{"line":41,"column":15},"end":{"line":41,"column":24}},{"start":{"line":41,"column":28},"end":{"line":41,"column":32}}],"line":41},"5":{"loc":{"start":{"line":91,"column":17},"end":{"line":91,"column":72}},"type":"cond-expr","locations":[{"start":{"line":91,"column":29},"end":{"line":91,"column":47}},{"start":{"line":91,"column":50},"end":{"line":91,"column":72}}],"line":91}},"s":{"0":4,"1":4,"2":4,"3":4,"4":4,"5":4,"6":4,"7":4,"8":4,"9":1,"10":1,"11":4,"12":2,"13":0,"14":4,"15":2,"16":0,"17":2,"18":0,"19":4,"20":1,"21":1},"f":{"0":4,"1":4,"2":1,"3":2,"4":2,"5":0,"6":0,"7":1,"8":1},"b":{"0":[0,2],"1":[2,2],"2":[0,2],"3":[0,2],"4":[2,0],"5":[0,4]},"_coverageSchema":"1a1c01bbd47fc00a2c39e90264f33305004495a9","hash":"e516f0155eb2be2a2e0174f3322cb39406e4e7d1"}
,"/Users/sarahyleiva/Desktop/ACA PROYECTO Ultimo/mern-employee-salary-management/Frontend/src/components/atoms/LanguageSwitcher/index.jsx": {"path":"/Users/sarahyleiva/Desktop/ACA PROYECTO Ultimo/mern-employee-salary-management/Frontend/src/components/atoms/LanguageSwitcher/index.jsx","statementMap":{"0":{"start":{"line":4,"column":25},"end":{"line":79,"column":1}},"1":{"start":{"line":5,"column":19},"end":{"line":5,"column":35}},"2":{"start":{"line":6,"column":26},"end":{"line":6,"column":41}},"3":{"start":{"line":7,"column":14},"end":{"line":7,"column":26}},"4":{"start":{"line":9,"column":20},"end":{"line":13,"column":3}},"5":{"start":{"line":15,"column":14},"end":{"line":15,"column":27}},"6":{"start":{"line":16,"column":15},"end":{"line":18,"column":9}},"7":{"start":{"line":19,"column":18},"end":{"line":19,"column":70}},"8":{"start":{"line":19,"column":38},"end":{"line":19,"column":53}},"9":{"start":{"line":21,"column":21},"end":{"line":21,"column":43}},"10":{"start":{"line":21,"column":27},"end":{"line":21,"column":43}},"11":{"start":{"line":21,"column":40},"end":{"line":21,"column":42}},"12":{"start":{"line":22,"column":25},"end":{"line":25,"column":3}},"13":{"start":{"line":23,"column":4},"end":{"line":23,"column":30}},"14":{"start":{"line":24,"column":4},"end":{"line":24,"column":19}},"15":{"start":{"line":28,"column":2},"end":{"line":36,"column":9}},"16":{"start":{"line":29,"column":26},"end":{"line":33,"column":5}},"17":{"start":{"line":30,"column":6},"end":{"line":32,"column":7}},"18":{"start":{"line":31,"column":8},"end":{"line":31,"column":23}},"19":{"start":{"line":34,"column":4},"end":{"line":34,"column":58}},"20":{"start":{"line":35,"column":4},"end":{"line":35,"column":74}},"21":{"start":{"line":35,"column":17},"end":{"line":35,"column":73}},"22":{"start":{"line":39,"column":18},"end":{"line":40,"column":50}},"23":{"start":{"line":40,"column":4},"end":{"line":40,"column":50}},"24":{"start":{"line":42,"column":2},"end":{"line":78,"column":4}},"25":{"start":{"line":59,"column":12},"end":{"line":73,"column":17}},"26":{"start":{"line":61,"column":31},"end":{"line":61,"column":51}}},"fnMap":{"0":{"name":"(anonymous_0)","decl":{"start":{"line":4,"column":25},"end":{"line":4,"column":26}},"loc":{"start":{"line":4,"column":31},"end":{"line":79,"column":1}},"line":4},"1":{"name":"(anonymous_1)","decl":{"start":{"line":19,"column":33},"end":{"line":19,"column":34}},"loc":{"start":{"line":19,"column":38},"end":{"line":19,"column":53}},"line":19},"2":{"name":"(anonymous_2)","decl":{"start":{"line":21,"column":21},"end":{"line":21,"column":22}},"loc":{"start":{"line":21,"column":27},"end":{"line":21,"column":43}},"line":21},"3":{"name":"(anonymous_3)","decl":{"start":{"line":21,"column":35},"end":{"line":21,"column":36}},"loc":{"start":{"line":21,"column":40},"end":{"line":21,"column":42}},"line":21},"4":{"name":"(anonymous_4)","decl":{"start":{"line":22,"column":25},"end":{"line":22,"column":26}},"loc":{"start":{"line":22,"column":35},"end":{"line":25,"column":3}},"line":22},"5":{"name":"(anonymous_5)","decl":{"start":{"line":28,"column":12},"end":{"line":28,"column":13}},"loc":{"start":{"line":28,"column":18},"end":{"line":36,"column":3}},"line":28},"6":{"name":"(anonymous_6)","decl":{"start":{"line":29,"column":26},"end":{"line":29,"column":27}},"loc":{"start":{"line":29,"column":31},"end":{"line":33,"column":5}},"line":29},"7":{"name":"(anonymous_7)","decl":{"start":{"line":35,"column":11},"end":{"line":35,"column":12}},"loc":{"start":{"line":35,"column":17},"end":{"line":35,"column":73}},"line":35},"8":{"name":"(anonymous_8)","decl":{"start":{"line":39,"column":18},"end":{"line":39,"column":19}},"loc":{"start":{"line":40,"column":4},"end":{"line":40,"column":50}},"line":40},"9":{"name":"(anonymous_9)","decl":{"start":{"line":58,"column":25},"end":{"line":58,"column":26}},"loc":{"start":{"line":59,"column":12},"end":{"line":73,"column":17}},"line":59},"10":{"name":"(anonymous_10)","decl":{"start":{"line":61,"column":25},"end":{"line":61,"column":26}},"loc":{"start":{"line":61,"column":31},"end":{"line":61,"column":51}},"line":61}},"branchMap":{"0":{"loc":{"start":{"line":16,"column":15},"end":{"line":18,"column":9}},"type":"cond-expr","locations":[{"start":{"line":17,"column":6},"end":{"line":17,"column":23}},{"start":{"line":18,"column":6},"end":{"line":18,"column":9}}],"line":16},"1":{"loc":{"start":{"line":19,"column":18},"end":{"line":19,"column":70}},"type":"binary-expr","locations":[{"start":{"line":19,"column":18},"end":{"line":19,"column":54}},{"start":{"line":19,"column":58},"end":{"line":19,"column":70}}],"line":19},"2":{"loc":{"start":{"line":30,"column":6},"end":{"line":32,"column":7}},"type":"if","locations":[{"start":{"line":30,"column":6},"end":{"line":32,"column":7}},{"start":{},"end":{}}],"line":30},"3":{"loc":{"start":{"line":30,"column":10},"end":{"line":30,"column":56}},"type":"binary-expr","locations":[{"start":{"line":30,"column":10},"end":{"line":30,"column":21}},{"start":{"line":30,"column":25},"end":{"line":30,"column":56}}],"line":30},"4":{"loc":{"start":{"line":56,"column":7},"end":{"line":76,"column":7}},"type":"binary-expr","locations":[{"start":{"line":56,"column":7},"end":{"line":56,"column":11}},{"start":{"line":57,"column":8},"end":{"line":75,"column":13}}],"line":56},"5":{"loc":{"start":{"line":63,"column":20},"end":{"line":63,"column":65}},"type":"cond-expr","locations":[{"start":{"line":63,"column":45},"end":{"line":63,"column":60}},{"start":{"line":63,"column":63},"end":{"line":63,"column":65}}],"line":63}},"s":{"0":14,"1":39,"2":39,"3":39,"4":39,"5":39,"6":39,"7":39,"8":47,"9":39,"10":3,"11":3,"12":39,"13":1,"14":1,"15":39,"16":15,"17":1,"18":1,"19":15,"20":15,"21":15,"22":39,"23":48,"24":39,"25":9,"26":1},"f":{"0":39,"1":47,"2":3,"3":3,"4":1,"5":15,"6":1,"7":15,"8":48,"9":9,"10":1},"b":{"0":[8,31],"1":[39,0],"2":[1,0],"3":[1,1],"4":[39,3],"5":[0,9]},"_coverageSchema":"1a1c01bbd47fc00a2c39e90264f33305004495a9","hash":"aa807620970b52b92829f72ae5bfff3adfa89e56"}
,"/Users/sarahyleiva/Desktop/ACA PROYECTO Ultimo/mern-employee-salary-management/Frontend/src/components/molecules/index.jsx": {"path":"/Users/sarahyleiva/Desktop/ACA PROYECTO Ultimo/mern-employee-salary-management/Frontend/src/components/molecules/index.jsx","statementMap":{},"fnMap":{},"branchMap":{},"s":{},"f":{},"b":{},"_coverageSchema":"1a1c01bbd47fc00a2c39e90264f33305004495a9","hash":"28f55ad12e4023a50e74e3856f1ef93c55d7be3f"}
,"/Users/sarahyleiva/Desktop/ACA PROYECTO Ultimo/mern-employee-salary-management/Frontend/src/components/molecules/Banner/index.jsx": {"path":"/Users/sarahyleiva/Desktop/ACA PROYECTO Ultimo/mern-employee-salary-management/Frontend/src/components/molecules/Banner/index.jsx","statementMap":{"0":{"start":{"line":10,"column":15},"end":{"line":51,"column":1}},"1":{"start":{"line":12,"column":16},"end":{"line":12,"column":38}},"2":{"start":{"line":14,"column":2},"end":{"line":50,"column":4}}},"fnMap":{"0":{"name":"(anonymous_0)","decl":{"start":{"line":10,"column":15},"end":{"line":10,"column":16}},"loc":{"start":{"line":10,"column":21},"end":{"line":51,"column":1}},"line":10}},"branchMap":{},"s":{"0":9,"1":1,"2":1},"f":{"0":1},"b":{},"_coverageSchema":"1a1c01bbd47fc00a2c39e90264f33305004495a9","hash":"cdc8c51830b9881802adfd9e5fb050a257373fde"}
,"/Users/sarahyleiva/Desktop/ACA PROYECTO Ultimo/mern-employee-salary-management/Frontend/src/components/molecules/DefaultDashboard/index.jsx": {"path":"/Users/sarahyleiva/Desktop/ACA PROYECTO Ultimo/mern-employee-salary-management/Frontend/src/components/molecules/DefaultDashboard/index.jsx","statementMap":{"0":{"start":{"line":17,"column":25},"end":{"line":115,"column":1}},"1":{"start":{"line":18,"column":19},"end":{"line":18,"column":53}},"2":{"start":{"line":18,"column":42},"end":{"line":18,"column":52}},"3":{"start":{"line":19,"column":40},"end":{"line":19,"column":54}},"4":{"start":{"line":21,"column":2},"end":{"line":37,"column":13}},"5":{"start":{"line":22,"column":27},"end":{"line":32,"column":5}},"6":{"start":{"line":23,"column":6},"end":{"line":31,"column":7}},"7":{"start":{"line":24,"column":25},"end":{"line":26,"column":9}},"8":{"start":{"line":27,"column":21},"end":{"line":27,"column":34}},"9":{"start":{"line":28,"column":8},"end":{"line":28,"column":29}},"10":{"start":{"line":30,"column":8},"end":{"line":30,"column":27}},"11":{"start":{"line":34,"column":4},"end":{"line":36,"column":5}},"12":{"start":{"line":35,"column":6},"end":{"line":35,"column":23}},"13":{"start":{"line":39,"column":2},"end":{"line":114,"column":4}}},"fnMap":{"0":{"name":"(anonymous_0)","decl":{"start":{"line":17,"column":25},"end":{"line":17,"column":26}},"loc":{"start":{"line":17,"column":31},"end":{"line":115,"column":1}},"line":17},"1":{"name":"(anonymous_1)","decl":{"start":{"line":18,"column":31},"end":{"line":18,"column":32}},"loc":{"start":{"line":18,"column":42},"end":{"line":18,"column":52}},"line":18},"2":{"name":"(anonymous_2)","decl":{"start":{"line":21,"column":12},"end":{"line":21,"column":13}},"loc":{"start":{"line":21,"column":18},"end":{"line":37,"column":3}},"line":21},"3":{"name":"(anonymous_3)","decl":{"start":{"line":22,"column":27},"end":{"line":22,"column":28}},"loc":{"start":{"line":22,"column":39},"end":{"line":32,"column":5}},"line":22}},"branchMap":{"0":{"loc":{"start":{"line":34,"column":4},"end":{"line":36,"column":5}},"type":"if","locations":[{"start":{"line":34,"column":4},"end":{"line":36,"column":5}},{"start":{},"end":{}}],"line":34},"1":{"loc":{"start":{"line":34,"column":8},"end":{"line":34,"column":44}},"type":"binary-expr","locations":[{"start":{"line":34,"column":8},"end":{"line":34,"column":12}},{"start":{"line":34,"column":16},"end":{"line":34,"column":44}}],"line":34},"2":{"loc":{"start":{"line":42,"column":7},"end":{"line":49,"column":7}},"type":"binary-expr","locations":[{"start":{"line":42,"column":7},"end":{"line":42,"column":11}},{"start":{"line":42,"column":15},"end":{"line":42,"column":41}},{"start":{"line":43,"column":8},"end":{"line":48,"column":14}}],"line":42},"3":{"loc":{"start":{"line":50,"column":7},"end":{"line":59,"column":7}},"type":"binary-expr","locations":[{"start":{"line":50,"column":7},"end":{"line":50,"column":11}},{"start":{"line":50,"column":15},"end":{"line":50,"column":41}},{"start":{"line":51,"column":8},"end":{"line":58,"column":14}}],"line":50},"4":{"loc":{"start":{"line":60,"column":7},"end":{"line":112,"column":7}},"type":"binary-expr","locations":[{"start":{"line":60,"column":7},"end":{"line":60,"column":11}},{"start":{"line":60,"column":15},"end":{"line":60,"column":43}},{"start":{"line":60,"column":47},"end":{"line":60,"column":58}},{"start":{"line":61,"column":8},"end":{"line":111,"column":11}}],"line":60}},"s":{"0":9,"1":2,"2":2,"3":2,"4":2,"5":1,"6":1,"7":1,"8":1,"9":1,"10":0,"11":1,"12":1,"13":2},"f":{"0":2,"1":2,"2":1,"3":1},"b":{"0":[1,0],"1":[1,1],"2":[2,2,0],"3":[2,2,0],"4":[2,2,2,1]},"_coverageSchema":"1a1c01bbd47fc00a2c39e90264f33305004495a9","hash":"79e7d0db3834054aae7c553707176feffdfc1061"}
,"/Users/sarahyleiva/Desktop/ACA PROYECTO Ultimo/mern-employee-salary-management/Frontend/src/components/molecules/DetailDataGaji/index.jsx": {"path":"/Users/sarahyleiva/Desktop/ACA PROYECTO Ultimo/mern-employee-salary-management/Frontend/src/components/molecules/DetailDataGaji/index.jsx","statementMap":{"0":{"start":{"line":16,"column":23},"end":{"line":333,"column":1}},"1":{"start":{"line":17,"column":26},"end":{"line":17,"column":40}},"2":{"start":{"line":18,"column":17},"end":{"line":18,"column":28}},"3":{"start":{"line":19,"column":19},"end":{"line":19,"column":32}},"4":{"start":{"line":20,"column":19},"end":{"line":20,"column":32}},"5":{"start":{"line":21,"column":28},"end":{"line":21,"column":62}},"6":{"start":{"line":21,"column":51},"end":{"line":21,"column":61}},"7":{"start":{"line":22,"column":16},"end":{"line":22,"column":48}},"8":{"start":{"line":24,"column":40},"end":{"line":24,"column":59}},"9":{"start":{"line":26,"column":26},"end":{"line":26,"column":43}},"10":{"start":{"line":28,"column":38},"end":{"line":28,"column":50}},"11":{"start":{"line":29,"column":38},"end":{"line":29,"column":50}},"12":{"start":{"line":31,"column":2},"end":{"line":59,"column":9}},"13":{"start":{"line":32,"column":28},"end":{"line":56,"column":5}},"14":{"start":{"line":33,"column":6},"end":{"line":55,"column":7}},"15":{"start":{"line":34,"column":20},"end":{"line":34,"column":60}},"16":{"start":{"line":35,"column":8},"end":{"line":35,"column":32}},"17":{"start":{"line":37,"column":21},"end":{"line":37,"column":60}},"18":{"start":{"line":37,"column":42},"end":{"line":37,"column":59}},"19":{"start":{"line":38,"column":8},"end":{"line":52,"column":9}},"20":{"start":{"line":39,"column":10},"end":{"line":51,"column":11}},"21":{"start":{"line":41,"column":14},"end":{"line":41,"column":46}},"22":{"start":{"line":42,"column":14},"end":{"line":42,"column":20}},"23":{"start":{"line":44,"column":14},"end":{"line":44,"column":48}},"24":{"start":{"line":45,"column":14},"end":{"line":45,"column":20}},"25":{"start":{"line":47,"column":14},"end":{"line":47,"column":46}},"26":{"start":{"line":48,"column":14},"end":{"line":48,"column":20}},"27":{"start":{"line":50,"column":14},"end":{"line":50,"column":50}},"28":{"start":{"line":54,"column":8},"end":{"line":54,"column":57}},"29":{"start":{"line":58,"column":4},"end":{"line":58,"column":22}},"30":{"start":{"line":62,"column":2},"end":{"line":64,"column":17}},"31":{"start":{"line":63,"column":4},"end":{"line":63,"column":22}},"32":{"start":{"line":67,"column":2},"end":{"line":70,"column":32}},"33":{"start":{"line":68,"column":4},"end":{"line":68,"column":43}},"34":{"start":{"line":68,"column":17},"end":{"line":68,"column":43}},"35":{"start":{"line":69,"column":4},"end":{"line":69,"column":74}},"36":{"start":{"line":69,"column":44},"end":{"line":69,"column":74}},"37":{"start":{"line":73,"column":2},"end":{"line":83,"column":11}},"38":{"start":{"line":74,"column":25},"end":{"line":81,"column":5}},"39":{"start":{"line":75,"column":6},"end":{"line":80,"column":7}},"40":{"start":{"line":76,"column":20},"end":{"line":76,"column":73}},"41":{"start":{"line":77,"column":8},"end":{"line":77,"column":26}},"42":{"start":{"line":79,"column":8},"end":{"line":79,"column":27}},"43":{"start":{"line":82,"column":4},"end":{"line":82,"column":19}},"44":{"start":{"line":85,"column":2},"end":{"line":91,"column":3}},"45":{"start":{"line":86,"column":4},"end":{"line":90,"column":6}},"46":{"start":{"line":94,"column":18},"end":{"line":94,"column":74}},"47":{"start":{"line":94,"column":57},"end":{"line":94,"column":73}},"48":{"start":{"line":95,"column":17},"end":{"line":95,"column":73}},"49":{"start":{"line":95,"column":56},"end":{"line":95,"column":72}},"50":{"start":{"line":98,"column":22},"end":{"line":100,"column":15}},"51":{"start":{"line":99,"column":24},"end":{"line":99,"column":45}},"52":{"start":{"line":101,"column":21},"end":{"line":103,"column":15}},"53":{"start":{"line":102,"column":24},"end":{"line":102,"column":45}},"54":{"start":{"line":106,"column":24},"end":{"line":108,"column":3}},"55":{"start":{"line":107,"column":4},"end":{"line":107,"column":61}},"56":{"start":{"line":111,"column":19},"end":{"line":119,"column":14}},"57":{"start":{"line":121,"column":2},"end":{"line":332,"column":4}},"58":{"start":{"line":240,"column":18},"end":{"line":246,"column":23}},"59":{"start":{"line":273,"column":18},"end":{"line":281,"column":23}}},"fnMap":{"0":{"name":"(anonymous_0)","decl":{"start":{"line":16,"column":23},"end":{"line":16,"column":24}},"loc":{"start":{"line":16,"column":29},"end":{"line":333,"column":1}},"line":16},"1":{"name":"(anonymous_1)","decl":{"start":{"line":21,"column":40},"end":{"line":21,"column":41}},"loc":{"start":{"line":21,"column":51},"end":{"line":21,"column":61}},"line":21},"2":{"name":"(anonymous_2)","decl":{"start":{"line":31,"column":12},"end":{"line":31,"column":13}},"loc":{"start":{"line":31,"column":18},"end":{"line":59,"column":3}},"line":31},"3":{"name":"(anonymous_3)","decl":{"start":{"line":32,"column":28},"end":{"line":32,"column":29}},"loc":{"start":{"line":32,"column":40},"end":{"line":56,"column":5}},"line":32},"4":{"name":"(anonymous_4)","decl":{"start":{"line":37,"column":35},"end":{"line":37,"column":36}},"loc":{"start":{"line":37,"column":42},"end":{"line":37,"column":59}},"line":37},"5":{"name":"(anonymous_5)","decl":{"start":{"line":62,"column":12},"end":{"line":62,"column":13}},"loc":{"start":{"line":62,"column":18},"end":{"line":64,"column":3}},"line":62},"6":{"name":"(anonymous_6)","decl":{"start":{"line":67,"column":12},"end":{"line":67,"column":13}},"loc":{"start":{"line":67,"column":18},"end":{"line":70,"column":3}},"line":67},"7":{"name":"(anonymous_7)","decl":{"start":{"line":73,"column":12},"end":{"line":73,"column":13}},"loc":{"start":{"line":73,"column":18},"end":{"line":83,"column":3}},"line":73},"8":{"name":"(anonymous_8)","decl":{"start":{"line":74,"column":25},"end":{"line":74,"column":26}},"loc":{"start":{"line":74,"column":37},"end":{"line":81,"column":5}},"line":74},"9":{"name":"(anonymous_9)","decl":{"start":{"line":94,"column":50},"end":{"line":94,"column":51}},"loc":{"start":{"line":94,"column":57},"end":{"line":94,"column":73}},"line":94},"10":{"name":"(anonymous_10)","decl":{"start":{"line":95,"column":49},"end":{"line":95,"column":50}},"loc":{"start":{"line":95,"column":56},"end":{"line":95,"column":72}},"line":95},"11":{"name":"(anonymous_11)","decl":{"start":{"line":99,"column":12},"end":{"line":99,"column":13}},"loc":{"start":{"line":99,"column":24},"end":{"line":99,"column":45}},"line":99},"12":{"name":"(anonymous_12)","decl":{"start":{"line":102,"column":12},"end":{"line":102,"column":13}},"loc":{"start":{"line":102,"column":24},"end":{"line":102,"column":45}},"line":102},"13":{"name":"(anonymous_13)","decl":{"start":{"line":106,"column":24},"end":{"line":106,"column":25}},"loc":{"start":{"line":106,"column":30},"end":{"line":108,"column":3}},"line":106},"14":{"name":"(anonymous_14)","decl":{"start":{"line":239,"column":29},"end":{"line":239,"column":30}},"loc":{"start":{"line":240,"column":18},"end":{"line":246,"column":23}},"line":240},"15":{"name":"(anonymous_15)","decl":{"start":{"line":272,"column":28},"end":{"line":272,"column":29}},"loc":{"start":{"line":273,"column":18},"end":{"line":281,"column":23}},"line":273},"16":{"name":"(anonymous_16)","decl":{"start":{"line":323,"column":34},"end":{"line":323,"column":35}},"loc":{"start":{"line":323,"column":40},"end":{"line":323,"column":42}},"line":323}},"branchMap":{"0":{"loc":{"start":{"line":38,"column":8},"end":{"line":52,"column":9}},"type":"if","locations":[{"start":{"line":38,"column":8},"end":{"line":52,"column":9}},{"start":{},"end":{}}],"line":38},"1":{"loc":{"start":{"line":39,"column":10},"end":{"line":51,"column":11}},"type":"switch","locations":[{"start":{"line":40,"column":12},"end":{"line":42,"column":20}},{"start":{"line":43,"column":12},"end":{"line":45,"column":20}},{"start":{"line":46,"column":12},"end":{"line":48,"column":20}},{"start":{"line":49,"column":12},"end":{"line":50,"column":50}}],"line":39},"2":{"loc":{"start":{"line":68,"column":4},"end":{"line":68,"column":43}},"type":"if","locations":[{"start":{"line":68,"column":4},"end":{"line":68,"column":43}},{"start":{},"end":{}}],"line":68},"3":{"loc":{"start":{"line":69,"column":4},"end":{"line":69,"column":74}},"type":"if","locations":[{"start":{"line":69,"column":4},"end":{"line":69,"column":74}},{"start":{},"end":{}}],"line":69},"4":{"loc":{"start":{"line":69,"column":8},"end":{"line":69,"column":42}},"type":"binary-expr","locations":[{"start":{"line":69,"column":8},"end":{"line":69,"column":12}},{"start":{"line":69,"column":16},"end":{"line":69,"column":42}}],"line":69},"5":{"loc":{"start":{"line":85,"column":2},"end":{"line":91,"column":3}},"type":"if","locations":[{"start":{"line":85,"column":2},"end":{"line":91,"column":3}},{"start":{},"end":{}}],"line":85}},"s":{"0":8,"1":4,"2":3,"3":3,"4":3,"5":3,"6":3,"7":3,"8":3,"9":3,"10":3,"11":3,"12":3,"13":2,"14":2,"15":2,"16":2,"17":2,"18":1,"19":2,"20":1,"21":1,"22":1,"23":0,"24":0,"25":0,"26":0,"27":0,"28":0,"29":2,"30":3,"31":2,"32":3,"33":3,"34":0,"35":3,"36":0,"37":3,"38":2,"39":2,"40":2,"41":2,"42":0,"43":2,"44":3,"45":2,"46":1,"47":3,"48":1,"49":3,"50":1,"51":2,"52":1,"53":1,"54":1,"55":0,"56":1,"57":1,"58":2,"59":1},"f":{"0":4,"1":3,"2":2,"3":2,"4":1,"5":2,"6":3,"7":2,"8":2,"9":3,"10":3,"11":2,"12":1,"13":0,"14":2,"15":1,"16":0},"b":{"0":[1,1],"1":[1,0,0,0],"2":[0,3],"3":[0,3],"4":[3,3],"5":[2,1]},"_coverageSchema":"1a1c01bbd47fc00a2c39e90264f33305004495a9","hash":"7bd3ae01f9854c526d842bd255963de5e39af44b"}
,"/Users/sarahyleiva/Desktop/ACA PROYECTO Ultimo/mern-employee-salary-management/Frontend/src/components/molecules/Footer/index.jsx": {"path":"/Users/sarahyleiva/Desktop/ACA PROYECTO Ultimo/mern-employee-salary-management/Frontend/src/components/molecules/Footer/index.jsx","statementMap":{"0":{"start":{"line":4,"column":15},"end":{"line":14,"column":1}},"1":{"start":{"line":5,"column":16},"end":{"line":5,"column":34}},"2":{"start":{"line":7,"column":2},"end":{"line":13,"column":4}}},"fnMap":{"0":{"name":"(anonymous_0)","decl":{"start":{"line":4,"column":15},"end":{"line":4,"column":16}},"loc":{"start":{"line":4,"column":21},"end":{"line":14,"column":1}},"line":4}},"branchMap":{},"s":{"0":8,"1":31,"2":31},"f":{"0":31},"b":{},"_coverageSchema":"1a1c01bbd47fc00a2c39e90264f33305004495a9","hash":"ed70210258c5d296b56709d87737a43a6542a28f"}
,"/Users/sarahyleiva/Desktop/ACA PROYECTO Ultimo/mern-employee-salary-management/Frontend/src/components/molecules/Form/FormDataJabatan/FormAddDataJabatan/index.jsx": {"path":"/Users/sarahyleiva/Desktop/ACA PROYECTO Ultimo/mern-employee-salary-management/Frontend/src/components/molecules/Form/FormDataJabatan/FormAddDataJabatan/index.jsx","statementMap":{"0":{"start":{"line":13,"column":27},"end":{"line":208,"column":1}},"1":{"start":{"line":14,"column":34},"end":{"line":19,"column":4}},"2":{"start":{"line":21,"column":42},"end":{"line":21,"column":56}},"3":{"start":{"line":22,"column":46},"end":{"line":22,"column":60}},"4":{"start":{"line":23,"column":42},"end":{"line":23,"column":56}},"5":{"start":{"line":25,"column":61},"end":{"line":25,"column":69}},"6":{"start":{"line":26,"column":19},"end":{"line":26,"column":32}},"7":{"start":{"line":27,"column":19},"end":{"line":27,"column":32}},"8":{"start":{"line":28,"column":28},"end":{"line":28,"column":62}},"9":{"start":{"line":28,"column":51},"end":{"line":28,"column":61}},"10":{"start":{"line":29,"column":16},"end":{"line":29,"column":52}},"11":{"start":{"line":30,"column":26},"end":{"line":30,"column":43}},"12":{"start":{"line":31,"column":38},"end":{"line":31,"column":57}},"13":{"start":{"line":33,"column":24},"end":{"line":33,"column":92}},"14":{"start":{"line":33,"column":35},"end":{"line":33,"column":92}},"15":{"start":{"line":34,"column":24},"end":{"line":34,"column":74}},"16":{"start":{"line":34,"column":35},"end":{"line":34,"column":74}},"17":{"start":{"line":36,"column":2},"end":{"line":38,"column":17}},"18":{"start":{"line":37,"column":4},"end":{"line":37,"column":22}},"19":{"start":{"line":40,"column":2},"end":{"line":43,"column":32}},"20":{"start":{"line":41,"column":4},"end":{"line":41,"column":36}},"21":{"start":{"line":41,"column":17},"end":{"line":41,"column":36}},"22":{"start":{"line":42,"column":4},"end":{"line":42,"column":67}},"23":{"start":{"line":42,"column":44},"end":{"line":42,"column":67}},"24":{"start":{"line":46,"column":2},"end":{"line":51,"column":17}},"25":{"start":{"line":47,"column":17},"end":{"line":47,"column":41}},"26":{"start":{"line":48,"column":4},"end":{"line":48,"column":111}},"27":{"start":{"line":48,"column":31},"end":{"line":48,"column":111}},"28":{"start":{"line":48,"column":52},"end":{"line":48,"column":108}},"29":{"start":{"line":49,"column":4},"end":{"line":49,"column":117}},"30":{"start":{"line":49,"column":33},"end":{"line":49,"column":117}},"31":{"start":{"line":49,"column":54},"end":{"line":49,"column":114}},"32":{"start":{"line":50,"column":4},"end":{"line":50,"column":111}},"33":{"start":{"line":50,"column":31},"end":{"line":50,"column":111}},"34":{"start":{"line":50,"column":52},"end":{"line":50,"column":108}},"35":{"start":{"line":53,"column":22},"end":{"line":55,"column":3}},"36":{"start":{"line":54,"column":4},"end":{"line":54,"column":22}},"37":{"start":{"line":57,"column":23},"end":{"line":74,"column":3}},"38":{"start":{"line":58,"column":28},"end":{"line":58,"column":36}},"39":{"start":{"line":60,"column":4},"end":{"line":73,"column":5}},"40":{"start":{"line":61,"column":6},"end":{"line":70,"column":7}},"41":{"start":{"line":62,"column":25},"end":{"line":62,"column":42}},"42":{"start":{"line":63,"column":23},"end":{"line":63,"column":60}},"43":{"start":{"line":65,"column":8},"end":{"line":65,"column":58}},"44":{"start":{"line":65,"column":29},"end":{"line":65,"column":55}},"45":{"start":{"line":67,"column":8},"end":{"line":67,"column":58}},"46":{"start":{"line":67,"column":34},"end":{"line":67,"column":58}},"47":{"start":{"line":68,"column":8},"end":{"line":68,"column":62}},"48":{"start":{"line":68,"column":36},"end":{"line":68,"column":62}},"49":{"start":{"line":69,"column":8},"end":{"line":69,"column":58}},"50":{"start":{"line":69,"column":34},"end":{"line":69,"column":58}},"51":{"start":{"line":72,"column":6},"end":{"line":72,"column":56}},"52":{"start":{"line":72,"column":27},"end":{"line":72,"column":53}},"53":{"start":{"line":76,"column":28},"end":{"line":124,"column":3}},"54":{"start":{"line":77,"column":4},"end":{"line":77,"column":23}},"55":{"start":{"line":79,"column":4},"end":{"line":82,"column":5}},"56":{"start":{"line":80,"column":6},"end":{"line":80,"column":84}},"57":{"start":{"line":81,"column":6},"end":{"line":81,"column":13}},"58":{"start":{"line":84,"column":4},"end":{"line":87,"column":5}},"59":{"start":{"line":85,"column":6},"end":{"line":85,"column":119}},"60":{"start":{"line":86,"column":6},"end":{"line":86,"column":13}},"61":{"start":{"line":89,"column":4},"end":{"line":92,"column":5}},"62":{"start":{"line":90,"column":6},"end":{"line":90,"column":106}},"63":{"start":{"line":91,"column":6},"end":{"line":91,"column":13}},"64":{"start":{"line":94,"column":4},"end":{"line":97,"column":5}},"65":{"start":{"line":95,"column":6},"end":{"line":95,"column":85}},"66":{"start":{"line":96,"column":6},"end":{"line":96,"column":13}},"67":{"start":{"line":99,"column":24},"end":{"line":99,"column":38}},"68":{"start":{"line":100,"column":4},"end":{"line":100,"column":52}},"69":{"start":{"line":101,"column":4},"end":{"line":101,"column":63}},"70":{"start":{"line":102,"column":4},"end":{"line":102,"column":72}},"71":{"start":{"line":103,"column":4},"end":{"line":103,"column":68}},"72":{"start":{"line":105,"column":4},"end":{"line":123,"column":9}},"73":{"start":{"line":107,"column":8},"end":{"line":113,"column":11}},"74":{"start":{"line":116,"column":8},"end":{"line":122,"column":11}},"75":{"start":{"line":126,"column":27},"end":{"line":152,"column":3}},"76":{"start":{"line":127,"column":4},"end":{"line":151,"column":10}},"77":{"start":{"line":154,"column":2},"end":{"line":207,"column":4}}},"fnMap":{"0":{"name":"(anonymous_0)","decl":{"start":{"line":13,"column":27},"end":{"line":13,"column":28}},"loc":{"start":{"line":13,"column":33},"end":{"line":208,"column":1}},"line":13},"1":{"name":"(anonymous_1)","decl":{"start":{"line":28,"column":40},"end":{"line":28,"column":41}},"loc":{"start":{"line":28,"column":51},"end":{"line":28,"column":61}},"line":28},"2":{"name":"(anonymous_2)","decl":{"start":{"line":33,"column":24},"end":{"line":33,"column":25}},"loc":{"start":{"line":33,"column":35},"end":{"line":33,"column":92}},"line":33},"3":{"name":"(anonymous_3)","decl":{"start":{"line":34,"column":24},"end":{"line":34,"column":25}},"loc":{"start":{"line":34,"column":35},"end":{"line":34,"column":74}},"line":34},"4":{"name":"(anonymous_4)","decl":{"start":{"line":36,"column":12},"end":{"line":36,"column":13}},"loc":{"start":{"line":36,"column":18},"end":{"line":38,"column":3}},"line":36},"5":{"name":"(anonymous_5)","decl":{"start":{"line":40,"column":12},"end":{"line":40,"column":13}},"loc":{"start":{"line":40,"column":18},"end":{"line":43,"column":3}},"line":40},"6":{"name":"(anonymous_6)","decl":{"start":{"line":46,"column":12},"end":{"line":46,"column":13}},"loc":{"start":{"line":46,"column":18},"end":{"line":51,"column":3}},"line":46},"7":{"name":"(anonymous_7)","decl":{"start":{"line":48,"column":43},"end":{"line":48,"column":44}},"loc":{"start":{"line":48,"column":52},"end":{"line":48,"column":108}},"line":48},"8":{"name":"(anonymous_8)","decl":{"start":{"line":49,"column":45},"end":{"line":49,"column":46}},"loc":{"start":{"line":49,"column":54},"end":{"line":49,"column":114}},"line":49},"9":{"name":"(anonymous_9)","decl":{"start":{"line":50,"column":43},"end":{"line":50,"column":44}},"loc":{"start":{"line":50,"column":52},"end":{"line":50,"column":108}},"line":50},"10":{"name":"(anonymous_10)","decl":{"start":{"line":53,"column":22},"end":{"line":53,"column":23}},"loc":{"start":{"line":53,"column":29},"end":{"line":55,"column":3}},"line":53},"11":{"name":"(anonymous_11)","decl":{"start":{"line":57,"column":23},"end":{"line":57,"column":24}},"loc":{"start":{"line":57,"column":30},"end":{"line":74,"column":3}},"line":57},"12":{"name":"(anonymous_12)","decl":{"start":{"line":65,"column":20},"end":{"line":65,"column":21}},"loc":{"start":{"line":65,"column":29},"end":{"line":65,"column":55}},"line":65},"13":{"name":"(anonymous_13)","decl":{"start":{"line":72,"column":18},"end":{"line":72,"column":19}},"loc":{"start":{"line":72,"column":27},"end":{"line":72,"column":53}},"line":72},"14":{"name":"(anonymous_14)","decl":{"start":{"line":76,"column":28},"end":{"line":76,"column":29}},"loc":{"start":{"line":76,"column":35},"end":{"line":124,"column":3}},"line":76},"15":{"name":"(anonymous_15)","decl":{"start":{"line":106,"column":12},"end":{"line":106,"column":13}},"loc":{"start":{"line":106,"column":26},"end":{"line":114,"column":7}},"line":106},"16":{"name":"(anonymous_16)","decl":{"start":{"line":115,"column":13},"end":{"line":115,"column":14}},"loc":{"start":{"line":115,"column":24},"end":{"line":123,"column":7}},"line":115},"17":{"name":"(anonymous_17)","decl":{"start":{"line":126,"column":27},"end":{"line":126,"column":28}},"loc":{"start":{"line":127,"column":4},"end":{"line":151,"column":10}},"line":127}},"branchMap":{"0":{"loc":{"start":{"line":33,"column":35},"end":{"line":33,"column":92}},"type":"binary-expr","locations":[{"start":{"line":33,"column":35},"end":{"line":33,"column":66}},{"start":{"line":33,"column":70},"end":{"line":33,"column":92}}],"line":33},"1":{"loc":{"start":{"line":34,"column":35},"end":{"line":34,"column":74}},"type":"binary-expr","locations":[{"start":{"line":34,"column":35},"end":{"line":34,"column":47}},{"start":{"line":34,"column":51},"end":{"line":34,"column":74}}],"line":34},"2":{"loc":{"start":{"line":41,"column":4},"end":{"line":41,"column":36}},"type":"if","locations":[{"start":{"line":41,"column":4},"end":{"line":41,"column":36}},{"start":{},"end":{}}],"line":41},"3":{"loc":{"start":{"line":42,"column":4},"end":{"line":42,"column":67}},"type":"if","locations":[{"start":{"line":42,"column":4},"end":{"line":42,"column":67}},{"start":{},"end":{}}],"line":42},"4":{"loc":{"start":{"line":42,"column":8},"end":{"line":42,"column":42}},"type":"binary-expr","locations":[{"start":{"line":42,"column":8},"end":{"line":42,"column":12}},{"start":{"line":42,"column":16},"end":{"line":42,"column":42}}],"line":42},"5":{"loc":{"start":{"line":48,"column":4},"end":{"line":48,"column":111}},"type":"if","locations":[{"start":{"line":48,"column":4},"end":{"line":48,"column":111}},{"start":{},"end":{}}],"line":48},"6":{"loc":{"start":{"line":49,"column":4},"end":{"line":49,"column":117}},"type":"if","locations":[{"start":{"line":49,"column":4},"end":{"line":49,"column":117}},{"start":{},"end":{}}],"line":49},"7":{"loc":{"start":{"line":50,"column":4},"end":{"line":50,"column":111}},"type":"if","locations":[{"start":{"line":50,"column":4},"end":{"line":50,"column":111}},{"start":{},"end":{}}],"line":50},"8":{"loc":{"start":{"line":60,"column":4},"end":{"line":73,"column":5}},"type":"if","locations":[{"start":{"line":60,"column":4},"end":{"line":73,"column":5}},{"start":{"line":71,"column":11},"end":{"line":73,"column":5}}],"line":60},"9":{"loc":{"start":{"line":61,"column":6},"end":{"line":70,"column":7}},"type":"if","locations":[{"start":{"line":61,"column":6},"end":{"line":70,"column":7}},{"start":{},"end":{}}],"line":61},"10":{"loc":{"start":{"line":61,"column":10},"end":{"line":61,"column":46}},"type":"binary-expr","locations":[{"start":{"line":61,"column":10},"end":{"line":61,"column":22}},{"start":{"line":61,"column":26},"end":{"line":61,"column":46}}],"line":61},"11":{"loc":{"start":{"line":63,"column":23},"end":{"line":63,"column":60}},"type":"cond-expr","locations":[{"start":{"line":63,"column":41},"end":{"line":63,"column":42}},{"start":{"line":63,"column":45},"end":{"line":63,"column":60}}],"line":63},"12":{"loc":{"start":{"line":67,"column":8},"end":{"line":67,"column":58}},"type":"if","locations":[{"start":{"line":67,"column":8},"end":{"line":67,"column":58}},{"start":{},"end":{}}],"line":67},"13":{"loc":{"start":{"line":68,"column":8},"end":{"line":68,"column":62}},"type":"if","locations":[{"start":{"line":68,"column":8},"end":{"line":68,"column":62}},{"start":{},"end":{}}],"line":68},"14":{"loc":{"start":{"line":69,"column":8},"end":{"line":69,"column":58}},"type":"if","locations":[{"start":{"line":69,"column":8},"end":{"line":69,"column":58}},{"start":{},"end":{}}],"line":69},"15":{"loc":{"start":{"line":79,"column":4},"end":{"line":82,"column":5}},"type":"if","locations":[{"start":{"line":79,"column":4},"end":{"line":82,"column":5}},{"start":{},"end":{}}],"line":79},"16":{"loc":{"start":{"line":84,"column":4},"end":{"line":87,"column":5}},"type":"if","locations":[{"start":{"line":84,"column":4},"end":{"line":87,"column":5}},{"start":{},"end":{}}],"line":84},"17":{"loc":{"start":{"line":89,"column":4},"end":{"line":92,"column":5}},"type":"if","locations":[{"start":{"line":89,"column":4},"end":{"line":92,"column":5}},{"start":{},"end":{}}],"line":89},"18":{"loc":{"start":{"line":94,"column":4},"end":{"line":97,"column":5}},"type":"if","locations":[{"start":{"line":94,"column":4},"end":{"line":97,"column":5}},{"start":{},"end":{}}],"line":94},"19":{"loc":{"start":{"line":94,"column":8},"end":{"line":94,"column":96}},"type":"binary-expr","locations":[{"start":{"line":94,"column":9},"end":{"line":94,"column":20}},{"start":{"line":94,"column":24},"end":{"line":94,"column":51}},{"start":{"line":94,"column":57},"end":{"line":94,"column":66}},{"start":{"line":94,"column":70},"end":{"line":94,"column":95}}],"line":94},"20":{"loc":{"start":{"line":102,"column":52},"end":{"line":102,"column":68}},"type":"binary-expr","locations":[{"start":{"line":102,"column":52},"end":{"line":102,"column":63}},{"start":{"line":102,"column":67},"end":{"line":102,"column":68}}],"line":102},"21":{"loc":{"start":{"line":103,"column":50},"end":{"line":103,"column":64}},"type":"binary-expr","locations":[{"start":{"line":103,"column":50},"end":{"line":103,"column":59}},{"start":{"line":103,"column":63},"end":{"line":103,"column":64}}],"line":103},"22":{"loc":{"start":{"line":119,"column":16},"end":{"line":121,"column":49}},"type":"cond-expr","locations":[{"start":{"line":120,"column":14},"end":{"line":120,
[...]
":{"line":45,"column":85}},"line":45},"7":{"name":"(anonymous_7)","decl":{"start":{"line":46,"column":60},"end":{"line":46,"column":61}},"loc":{"start":{"line":46,"column":67},"end":{"line":46,"column":88}},"line":46},"8":{"name":"(anonymous_8)","decl":{"start":{"line":64,"column":14},"end":{"line":64,"column":15}},"loc":{"start":{"line":64,"column":20},"end":{"line":66,"column":5}},"line":64},"9":{"name":"(anonymous_9)","decl":{"start":{"line":68,"column":14},"end":{"line":68,"column":15}},"loc":{"start":{"line":68,"column":20},"end":{"line":75,"column":5}},"line":68},"10":{"name":"(anonymous_10)","decl":{"start":{"line":77,"column":30},"end":{"line":77,"column":31}},"loc":{"start":{"line":77,"column":47},"end":{"line":116,"column":5}},"line":77}},"branchMap":{"0":{"loc":{"start":{"line":50,"column":8},"end":{"line":61,"column":9}},"type":"if","locations":[{"start":{"line":50,"column":8},"end":{"line":61,"column":9}},{"start":{"line":53,"column":15},"end":{"line":61,"column":9}}],"line":50},"1":{"loc":{"start":{"line":50,"column":12},"end":{"line":50,"column":43}},"type":"binary-expr","locations":[{"start":{"line":50,"column":12},"end":{"line":50,"column":25}},{"start":{"line":50,"column":29},"end":{"line":50,"column":43}}],"line":50},"2":{"loc":{"start":{"line":69,"column":8},"end":{"line":71,"column":9}},"type":"if","locations":[{"start":{"line":69,"column":8},"end":{"line":71,"column":9}},{"start":{},"end":{}}],"line":69},"3":{"loc":{"start":{"line":72,"column":8},"end":{"line":74,"column":9}},"type":"if","locations":[{"start":{"line":72,"column":8},"end":{"line":74,"column":9}},{"start":{},"end":{}}],"line":72},"4":{"loc":{"start":{"line":72,"column":12},"end":{"line":72,"column":46}},"type":"binary-expr","locations":[{"start":{"line":72,"column":12},"end":{"line":72,"column":16}},{"start":{"line":72,"column":20},"end":{"line":72,"column":46}}],"line":72},"5":{"loc":{"start":{"line":81,"column":12},"end":{"line":106,"column":9}},"type":"if","locations":[{"start":{"line":81,"column":12},"end":{"line":106,"column":9}},{"start":{"line":99,"column":13},"end":{"line":106,"column":9}}],"line":81},"6":{"loc":{"start":{"line":132,"column":29},"end":{"line":134,"column":29}},"type":"binary-expr","locations":[{"start":{"line":132,"column":29},"end":{"line":132,"column":40}},{"start":{"line":133,"column":32},"end":{"line":133,"column":85}}],"line":132}},"s":{"0":1,"1":24,"2":24,"3":24,"4":24,"5":24,"6":24,"7":24,"8":24,"9":24,"10":24,"11":24,"12":24,"13":5,"14":24,"15":3,"16":24,"17":2,"18":2,"19":2,"20":2,"21":2,"22":2,"23":1,"24":1,"25":2,"26":2,"27":1,"28":1,"29":1,"30":1,"31":24,"32":10,"33":24,"34":10,"35":1,"36":10,"37":1,"38":24,"39":3,"40":3,"41":3,"42":2,"43":1,"44":1,"45":1,"46":1,"47":1,"48":1,"49":1,"50":1,"51":24},"f":{"0":24,"1":24,"2":24,"3":5,"4":3,"5":2,"6":1,"7":1,"8":10,"9":10,"10":3},"b":{"0":[1,1],"1":[2,1],"2":[1,9],"3":[1,9],"4":[10,9],"5":[2,1],"6":[24,0]},"_coverageSchema":"1a1c01bbd47fc00a2c39e90264f33305004495a9","hash":"cdfe30a702619796cd996f85c1718362a801e716"}
,"/Users/sarahyleiva/Desktop/ACA PROYECTO Ultimo/mern-employee-salary-management/Frontend/src/pages/Admin/Laporan/SlipGaji/index.jsx": {"path":"/Users/sarahyleiva/Desktop/ACA PROYECTO Ultimo/mern-employee-salary-management/Frontend/src/pages/Admin/Laporan/SlipGaji/index.jsx","statementMap":{"0":{"start":{"line":21,"column":18},"end":{"line":34,"column":1}},"1":{"start":{"line":36,"column":17},"end":{"line":293,"column":1}},"2":{"start":{"line":37,"column":40},"end":{"line":37,"column":52}},"3":{"start":{"line":38,"column":38},"end":{"line":38,"column":50}},"4":{"start":{"line":39,"column":34},"end":{"line":39,"column":46}},"5":{"start":{"line":40,"column":32},"end":{"line":40,"column":44}},"6":{"start":{"line":41,"column":40},"end":{"line":41,"column":55}},"7":{"start":{"line":43,"column":19},"end":{"line":43,"column":32}},"8":{"start":{"line":44,"column":19},"end":{"line":44,"column":32}},"9":{"start":{"line":45,"column":16},"end":{"line":45,"column":42}},"10":{"start":{"line":47,"column":28},"end":{"line":47,"column":62}},"11":{"start":{"line":47,"column":51},"end":{"line":47,"column":61}},"12":{"start":{"line":48,"column":26},"end":{"line":48,"column":67}},"13":{"start":{"line":48,"column":49},"end":{"line":48,"column":66}},"14":{"start":{"line":49,"column":27},"end":{"line":49,"column":65}},"15":{"start":{"line":49,"column":50},"end":{"line":49,"column":64}},"16":{"start":{"line":51,"column":28},"end":{"line":51,"column":65}},"17":{"start":{"line":51,"column":35},"end":{"line":51,"column":65}},"18":{"start":{"line":52,"column":27},"end":{"line":52,"column":63}},"19":{"start":{"line":52,"column":34},"end":{"line":52,"column":63}},"20":{"start":{"line":53,"column":25},"end":{"line":53,"column":59}},"21":{"start":{"line":53,"column":32},"end":{"line":53,"column":59}},"22":{"start":{"line":55,"column":23},"end":{"line":94,"column":3}},"23":{"start":{"line":56,"column":4},"end":{"line":56,"column":23}},"24":{"start":{"line":58,"column":21},"end":{"line":58,"column":43}},"25":{"start":{"line":60,"column":4},"end":{"line":68,"column":5}},"26":{"start":{"line":61,"column":6},"end":{"line":66,"column":9}},"27":{"start":{"line":67,"column":6},"end":{"line":67,"column":13}},"28":{"start":{"line":70,"column":4},"end":{"line":93,"column":5}},"29":{"start":{"line":71,"column":18},"end":{"line":73,"column":7}},"30":{"start":{"line":74,"column":19},"end":{"line":74,"column":35}},"31":{"start":{"line":76,"column":23},"end":{"line":76,"column":74}},"32":{"start":{"line":76,"column":45},"end":{"line":76,"column":73}},"33":{"start":{"line":78,"column":6},"end":{"line":84,"column":7}},"34":{"start":{"line":79,"column":8},"end":{"line":79,"column":29}},"35":{"start":{"line":80,"column":8},"end":{"line":80,"column":30}},"36":{"start":{"line":82,"column":8},"end":{"line":82,"column":23}},"37":{"start":{"line":83,"column":8},"end":{"line":83,"column":29}},"38":{"start":{"line":86,"column":6},"end":{"line":86,"column":27}},"39":{"start":{"line":87,"column":6},"end":{"line":92,"column":9}},"40":{"start":{"line":96,"column":2},"end":{"line":99,"column":17}},"41":{"start":{"line":97,"column":4},"end":{"line":97,"column":22}},"42":{"start":{"line":98,"column":4},"end":{"line":98,"column":31}},"43":{"start":{"line":101,"column":2},"end":{"line":108,"column":32}},"44":{"start":{"line":102,"column":4},"end":{"line":104,"column":5}},"45":{"start":{"line":103,"column":6},"end":{"line":103,"column":25}},"46":{"start":{"line":105,"column":4},"end":{"line":107,"column":5}},"47":{"start":{"line":106,"column":6},"end":{"line":106,"column":29}},"48":{"start":{"line":110,"column":28},"end":{"line":149,"column":3}},"49":{"start":{"line":111,"column":4},"end":{"line":111,"column":27}},"50":{"start":{"line":112,"column":4},"end":{"line":148,"column":5}},"51":{"start":{"line":113,"column":6},"end":{"line":138,"column":7}},"52":{"start":{"line":114,"column":8},"end":{"line":114,"column":56}},"53":{"start":{"line":115,"column":8},"end":{"line":115,"column":61}},"54":{"start":{"line":117,"column":26},"end":{"line":117,"column":64}},"55":{"start":{"line":118,"column":25},"end":{"line":118,"column":46}},"56":{"start":{"line":119,"column":8},"end":{"line":119,"column":67}},"57":{"start":{"line":121,"column":28},"end":{"line":124,"column":10}},"58":{"start":{"line":126,"column":21},"end":{"line":128,"column":10}},"59":{"start":{"line":130,"column":8},"end":{"line":130,"column":35}},"60":{"start":{"line":132,"column":8},"end":{"line":137,"column":11}},"61":{"start":{"line":140,"column":6},"end":{"line":140,"column":25}},"62":{"start":{"line":142,"column":6},"end":{"line":147,"column":9}},"63":{"start":{"line":151,"column":2},"end":{"line":292,"column":4}},"64":{"start":{"line":179,"column":26},"end":{"line":181,"column":35}},"65":{"start":{"line":219,"column":41},"end":{"line":219,"column":68}},"66":{"start":{"line":224,"column":26},"end":{"line":228,"column":35}},"67":{"start":{"line":261,"column":22},"end":{"line":282,"column":28}}},"fnMap":{"0":{"name":"(anonymous_0)","decl":{"start":{"line":36,"column":17},"end":{"line":36,"column":18}},"loc":{"start":{"line":36,"column":23},"end":{"line":293,"column":1}},"line":36},"1":{"name":"(anonymous_1)","decl":{"start":{"line":47,"column":40},"end":{"line":47,"column":41}},"loc":{"start":{"line":47,"column":51},"end":{"line":47,"column":61}},"line":47},"2":{"name":"(anonymous_2)","decl":{"start":{"line":48,"column":38},"end":{"line":48,"column":39}},"loc":{"start":{"line":48,"column":49},"end":{"line":48,"column":66}},"line":48},"3":{"name":"(anonymous_3)","decl":{"start":{"line":49,"column":39},"end":{"line":49,"column":40}},"loc":{"start":{"line":49,"column":50},"end":{"line":49,"column":64}},"line":49},"4":{"name":"(anonymous_4)","decl":{"start":{"line":51,"column":28},"end":{"line":51,"column":29}},"loc":{"start":{"line":51,"column":35},"end":{"line":51,"column":65}},"line":51},"5":{"name":"(anonymous_5)","decl":{"start":{"line":52,"column":27},"end":{"line":52,"column":28}},"loc":{"start":{"line":52,"column":34},"end":{"line":52,"column":63}},"line":52},"6":{"name":"(anonymous_6)","decl":{"start":{"line":53,"column":25},"end":{"line":53,"column":26}},"loc":{"start":{"line":53,"column":32},"end":{"line":53,"column":59}},"line":53},"7":{"name":"(anonymous_7)","decl":{"start":{"line":55,"column":23},"end":{"line":55,"column":24}},"loc":{"start":{"line":55,"column":36},"end":{"line":94,"column":3}},"line":55},"8":{"name":"(anonymous_8)","decl":{"start":{"line":76,"column":35},"end":{"line":76,"column":36}},"loc":{"start":{"line":76,"column":45},"end":{"line":76,"column":73}},"line":76},"9":{"name":"(anonymous_9)","decl":{"start":{"line":96,"column":12},"end":{"line":96,"column":13}},"loc":{"start":{"line":96,"column":18},"end":{"line":99,"column":3}},"line":96},"10":{"name":"(anonymous_10)","decl":{"start":{"line":101,"column":12},"end":{"line":101,"column":13}},"loc":{"start":{"line":101,"column":18},"end":{"line":108,"column":3}},"line":101},"11":{"name":"(anonymous_11)","decl":{"start":{"line":110,"column":28},"end":{"line":110,"column":29}},"loc":{"start":{"line":110,"column":45},"end":{"line":149,"column":3}},"line":110},"12":{"name":"(anonymous_12)","decl":{"start":{"line":178,"column":52},"end":{"line":178,"column":53}},"loc":{"start":{"line":179,"column":26},"end":{"line":181,"column":35}},"line":179},"13":{"name":"(anonymous_13)","decl":{"start":{"line":219,"column":34},"end":{"line":219,"column":35}},"loc":{"start":{"line":219,"column":41},"end":{"line":219,"column":68}},"line":219},"14":{"name":"(anonymous_14)","decl":{"start":{"line":223,"column":41},"end":{"line":223,"column":42}},"loc":{"start":{"line":224,"column":26},"end":{"line":228,"column":35}},"line":224},"15":{"name":"(anonymous_15)","decl":{"start":{"line":260,"column":33},"end":{"line":260,"column":34}},"loc":{"start":{"line":261,"column":22},"end":{"line":282,"column":28}},"line":261}},"branchMap":{"0":{"loc":{"start":{"line":60,"column":4},"end":{"line":68,"column":5}},"type":"if","locations":[{"start":{"line":60,"column":4},"end":{"line":68,"column":5}},{"start":{},"end":{}}],"line":60},"1":{"loc":{"start":{"line":60,"column":8},"end":{"line":60,"column":45}},"type":"binary-expr","locations":[{"start":{"line":60,"column":8},"end":{"line":60,"column":17}},{"start":{"line":60,"column":21},"end":{"line":60,"column":32}},{"start":{"line":60,"column":36},"end":{"line":60,"column":45}}],"line":60},"2":{"loc":{"start":{"line":78,"column":6},"end":{"line":84,"column":7}},"type":"if","locations":[{"start":{"line":78,"column":6},"end":{"line":84,"column":7}},{"start":{"line":81,"column":13},"end":{"line":84,"column":7}}],"line":78},"3":{"loc":{"start":{"line":102,"column":4},"end":{"line":104,"column":5}},"type":"if","locations":[{"start":{"line":102,"column":4},"end":{"line":104,"column":5}},{"start":{},"end":{}}],"line":102},"4":{"loc":{"start":{"line":105,"column":4},"end":{"line":107,"column":5}},"type":"if","locations":[{"start":{"line":105,"column":4},"end":{"line":107,"column":5}},{"start":{},"end":{}}],"line":105},"5":{"loc":{"start":{"line":105,"column":8},"end":{"line":105,"column":42}},"type":"binary-expr","locations":[{"start":{"line":105,"column":8},"end":{"line":105,"column":12}},{"start":{"line":105,"column":16},"end":{"line":105,"column":42}}],"line":105},"6":{"loc":{"start":{"line":113,"column":6},"end":{"line":138,"column":7}},"type":"if","locations":[{"start":{"line":113,"column":6},"end":{"line":138,"column":7}},{"start":{"line":131,"column":13},"end":{"line":138,"column":7}}],"line":113},"7":{"loc":{"start":{"line":225,"column":32},"end":{"line":225,"column":56}},"type":"binary-expr","locations":[{"start":{"line":225,"column":32},"end":{"line":225,"column":50}},{"start":{"line":225,"column":54},"end":{"line":225,"column":56}}],"line":225},"8":{"loc":{"start":{"line":226,"column":30},"end":{"line":226,"column":53}},"type":"binary-expr","locations":[{"start":{"line":226,"column":30},"end":{"line":226,"column":47}},{"start":{"line":226,"column":51},"end":{"line":226,"column":53}}],"line":226},"9":{"loc":{"start":{"line":244,"column":17},"end":{"line":253,"column":17}},"type":"binary-expr","locations":[{"start":{"line":244,"column":17},"end":{"line":244,"column":28}},{"start":{"line":245,"column":18},"end":{"line":252,"column":24}}],"line":244},"10":{"loc":{"start":{"line":255,"column":17},"end":{"line":285,"column":17}},"type":"binary-expr","locations":[{"start":{"line":255,"column":17},"end":{"line":255,"column":35}},{"start":{"line":256,"column":18},"end":{"line":284,"column":24}}],"line":255}},"s":{"0":1,"1":1,"2":28,"3":28,"4":28,"5":28,"6":28,"7":28,"8":28,"9":28,"10":28,"11":28,"12":28,"13":28,"14":28,"15":28,"16":28,"17":3,"18":28,"19":4,"20":28,"21":0,"22":28,"23":3,"24":3,"25":3,"26":0,"27":0,"28":3,"29":3,"30":3,"31":3,"32":2,"33":3,"34":2,"35":2,"36":1,"37":1,"38":0,"39":0,"40":28,"41":9,"42":9,"43":28,"44":9,"45":1,"46":9,"47":1,"48":28,"49":0,"50":0,"51":0,"52":0,"53":0,"54":0,"55":0,"56":0,"57":0,"58":0,"59":0,"60":0,"61":0,"62":0,"63":28,"64":336,"65":4,"66":26,"67":2},"f":{"0":28,"1":28,"2":28,"3":28,"4":3,"5":4,"6":0,"7":3,"8":2,"9":9,"10":9,"11":0,"12":336,"13":4,"14":26,"15":2},"b":{"0":[0,3],"1":[3,3,3],"2":[2,1],"3":[1,8],"4":[1,8],"5":[9,8],"6":[0,0],"7":[26,0],"8":[26,0],"9":[28,1],"10":[28,2]},"_coverageSchema":"1a1c01bbd47fc00a2c39e90264f33305004495a9","hash":"99fb317fb5e117e970969774dcce95e50a917dbc"}
,"/Users/sarahyleiva/Desktop/ACA PROYECTO Ultimo/mern-employee-salary-management/Frontend/src/pages/Dashboard/index.jsx": {"path":"/Users/sarahyleiva/Desktop/ACA PROYECTO Ultimo/mern-employee-salary-management/Frontend/src/pages/Dashboard/index.jsx","statementMap":{"0":{"start":{"line":7,"column":18},"end":{"line":25,"column":1}},"1":{"start":{"line":8,"column":21},"end":{"line":8,"column":34}},"2":{"start":{"line":9,"column":21},"end":{"line":9,"column":34}},"3":{"start":{"line":10,"column":24},"end":{"line":10,"column":58}},"4":{"start":{"line":10,"column":47},"end":{"line":10,"column":57}},"5":{"start":{"line":12,"column":4},"end":{"line":14,"column":19}},"6":{"start":{"line":13,"column":8},"end":{"line":13,"column":26}},"7":{"start":{"line":16,"column":4},"end":{"line":20,"column":28}},"8":{"start":{"line":17,"column":8},"end":{"line":19,"column":9}},"9":{"start":{"line":18,"column":12},"end":{"line":18,"column":31}},"10":{"start":{"line":22,"column":4},"end":{"line":24,"column":6}}},"fnMap":{"0":{"name":"(anonymous_0)","decl":{"start":{"line":7,"column":18},"end":{"line":7,"column":19}},"loc":{"start":{"line":7,"column":24},"end":{"line":25,"column":1}},"line":7},"1":{"name":"(anonymous_1)","decl":{"start":{"line":10,"column":36},"end":{"line":10,"column":37}},"loc":{"start":{"line":10,"column":47},"end":{"line":10,"column":57}},"line":10},"2":{"name":"(anonymous_2)","decl":{"start":{"line":12,"column":14},"end":{"line":12,"column":15}},"loc":{"start":{"line":12,"column":20},"end":{"line":14,"column":5}},"line":12},"3":{"name":"(anonymous_3)","decl":{"start":{"line":16,"column":14},"end":{"line":16,"column":15}},"loc":{"start":{"line":16,"column":20},"end":{"line":20,"column":5}},"line":16}},"branchMap":{"0":{"loc":{"start":{"line":17,"column":8},"end":{"line":19,"column":9}},"type":"if","locations":[{"start":{"line":17,"column":8},"end":{"line":19,"column":9}},{"start":{},"end":{}}],"line":17}},"s":{"0":1,"1":3,"2":3,"3":3,"4":3,"5":3,"6":3,"7":3,"8":3,"9":1,"10":3},"f":{"0":3,"1":3,"2":3,"3":3},"b":{"0":[1,2]},"_coverageSchema":"1a1c01bbd47fc00a2c39e90264f33305004495a9","hash":"178c4adc977f5d7ccff8a6290a188883aa3b4e54"}
,"/Users/sarahyleiva/Desktop/ACA PROYECTO Ultimo/mern-employee-salary-management/Frontend/src/pages/Home/index.jsx": {"path":"/Users/sarahyleiva/Desktop/ACA PROYECTO Ultimo/mern-employee-salary-management/Frontend/src/pages/Home/index.jsx","statementMap":{"0":{"start":{"line":9,"column":13},"end":{"line":34,"column":1}},"1":{"start":{"line":10,"column":21},"end":{"line":10,"column":34}},"2":{"start":{"line":11,"column":21},"end":{"line":11,"column":34}},"3":{"start":{"line":12,"column":30},"end":{"line":12,"column":64}},"4":{"start":{"line":12,"column":53},"end":{"line":12,"column":63}},"5":{"start":{"line":14,"column":4},"end":{"line":16,"column":19}},"6":{"start":{"line":15,"column":8},"end":{"line":15,"column":26}},"7":{"start":{"line":18,"column":4},"end":{"line":22,"column":34}},"8":{"start":{"line":19,"column":8},"end":{"line":21,"column":9}},"9":{"start":{"line":20,"column":12},"end":{"line":20,"column":35}},"10":{"start":{"line":24,"column":4},"end":{"line":33,"column":6}}},"fnMap":{"0":{"name":"(anonymous_0)","decl":{"start":{"line":9,"column":13},"end":{"line":9,"column":14}},"loc":{"start":{"line":9,"column":19},"end":{"line":34,"column":1}},"line":9},"1":{"name":"(anonymous_1)","decl":{"start":{"line":12,"column":42},"end":{"line":12,"column":43}},"loc":{"start":{"line":12,"column":53},"end":{"line":12,"column":63}},"line":12},"2":{"name":"(anonymous_2)","decl":{"start":{"line":14,"column":14},"end":{"line":14,"column":15}},"loc":{"start":{"line":14,"column":20},"end":{"line":16,"column":5}},"line":14},"3":{"name":"(anonymous_3)","decl":{"start":{"line":18,"column":14},"end":{"line":18,"column":15}},"loc":{"start":{"line":18,"column":20},"end":{"line":22,"column":5}},"line":18}},"branchMap":{"0":{"loc":{"start":{"line":19,"column":8},"end":{"line":21,"column":9}},"type":"if","locations":[{"start":{"line":19,"column":8},"end":{"line":21,"column":9}},{"start":{},"end":{}}],"line":19}},"s":{"0":1,"1":5,"2":5,"3":5,"4":5,"5":5,"6":5,"7":5,"8":5,"9":1,"10":5},"f":{"0":5,"1":5,"2":5,"3":5},"b":{"0":[1,4]},"_coverageSchema":"1a1c01bbd47fc00a2c39e90264f33305004495a9","hash":"5b8dcf44f1f38c0f40768f0337add7079613aa5c"}
,"/Users/sarahyleiva/Desktop/ACA PROYECTO Ultimo/mern-employee-salary-management/Frontend/src/pages/Login/index.jsx": {"path":"/Users/sarahyleiva/Desktop/ACA PROYECTO Ultimo/mern-employee-salary-management/Frontend/src/pages/Login/index.jsx","statementMap":{"0":{"start":{"line":8,"column":16},"end":{"line":8,"column":39}},"1":{"start":{"line":10,"column":2},"end":{"line":40,"column":4}}},"fnMap":{"0":{"name":"Login","decl":{"start":{"line":7,"column":9},"end":{"line":7,"column":14}},"loc":{"start":{"line":7,"column":17},"end":{"line":41,"column":1}},"line":7}},"branchMap":{},"s":{"0":6,"1":6},"f":{"0":6},"b":{},"_coverageSchema":"1a1c01bbd47fc00a2c39e90264f33305004495a9","hash":"4374c326a2ee6851f6b32c101244910b0b22c9be"}
,"/Users/sarahyleiva/Desktop/ACA PROYECTO Ultimo/mern-employee-salary-management/Frontend/src/shared/Const.js": {"path":"/Users/sarahyleiva/Desktop/ACA PROYECTO Ultimo/mern-employee-salary-management/Frontend/src/shared/Const.js","statementMap":{"0":{"start":{"line":1,"column":33},"end":{"line":26,"column":1}}},"fnMap":{},"branchMap":{},"s":{"0":8},"f":{},"b":{},"_coverageSchema":"1a1c01bbd47fc00a2c39e90264f33305004495a9","hash":"f6d3afba961603c232e62d37cce1f9b50e2bef0d"}
}
