TN:
SF:src/components/index.jsx
FNF:0
FNH:0
LF:0
LH:0
BRF:0
BRH:0
end_of_record
TN:
SF:src/components/atoms/index.jsx
FNF:0
FNH:0
LF:0
LH:0
BRF:0
BRH:0
end_of_record
TN:
SF:src/components/atoms/BottomLine/index.jsx
FN:4,(anonymous_0)
FNF:1
FNH:0
FNDA:0,(anonymous_0)
DA:4,13
DA:5,0
LF:2
LH:1
BRF:0
BRH:0
end_of_record
TN:
SF:src/components/atoms/Breadcrumb/index.jsx
FN:6,(anonymous_0)
FNF:1
FNH:1
FNDA:110,(anonymous_0)
DA:6,14
DA:7,110
DA:9,110
LF:3
LH:3
BRF:0
BRH:0
end_of_record
TN:
SF:src/components/atoms/Buttons/ButtonOne/index.jsx
FN:3,(anonymous_0)
FNF:1
FNH:1
FNDA:144,(anonymous_0)
DA:3,14
DA:4,144
LF:2
LH:2
BRF:0
BRH:0
end_of_record
TN:
SF:src/components/atoms/Buttons/ButtonThree/index.jsx
FN:3,(anonymous_0)
FNF:1
FNH:1
FNDA:4,(anonymous_0)
DA:3,14
DA:4,4
LF:2
LH:2
BRF:0
BRH:0
end_of_record
TN:
SF:src/components/atoms/Buttons/ButtonTwo/index.jsx
FN:3,(anonymous_0)
FNF:1
FNH:1
FNDA:43,(anonymous_0)
DA:3,14
DA:4,43
LF:2
LH:2
BRF:0
BRH:0
end_of_record
TN:
SF:src/components/atoms/Card/CardFour/index.jsx
FN:7,(anonymous_0)
FN:10,(anonymous_1)
FN:13,(anonymous_2)
FNF:3
FNH:3
FNDA:2,(anonymous_0)
FNDA:2,(anonymous_1)
FNDA:2,(anonymous_2)
DA:7,14
DA:8,2
DA:9,2
DA:10,2
DA:11,2
DA:13,2
DA:14,2
DA:17,2
LF:8
LH:8
BRF:0
BRH:0
end_of_record
TN:
SF:src/components/atoms/Card/CardOne/index.jsx
FN:7,(anonymous_0)
FN:10,(anonymous_1)
FN:13,(anonymous_2)
FNF:3
FNH:3
FNDA:2,(anonymous_0)
FNDA:2,(anonymous_1)
FNDA:2,(anonymous_2)
DA:7,14
DA:8,2
DA:9,2
DA:10,2
DA:11,2
DA:13,2
DA:14,2
DA:17,2
LF:8
LH:8
BRF:0
BRH:0
end_of_record
TN:
SF:src/components/atoms/Card/CardThree/index.jsx
FN:7,(anonymous_0)
FN:10,(anonymous_1)
FN:13,(anonymous_2)
FNF:3
FNH:3
FNDA:2,(anonymous_0)
FNDA:2,(anonymous_1)
FNDA:2,(anonymous_2)
DA:7,14
DA:8,2
DA:9,2
DA:10,2
DA:11,2
DA:13,2
DA:14,2
DA:17,2
LF:8
LH:8
BRF:0
BRH:0
end_of_record
TN:
SF:src/components/atoms/Card/CardTwo/index.jsx
FN:5,(anonymous_0)
FNF:1
FNH:1
FNDA:1,(anonymous_0)
DA:5,14
DA:6,1
DA:8,1
LF:3
LH:3
BRF:0
BRH:0
end_of_record
TN:
SF:src/components/atoms/Chart/ChartOne/index.jsx
FN:9,(anonymous_0)
FN:117,(anonymous_1)
FN:127,(anonymous_2)
FN:134,(anonymous_3)
FN:144,(anonymous_4)
FN:153,(anonymous_5)
FNF:6
FNH:4
FNDA:1,(anonymous_0)
FNDA:1,(anonymous_1)
FNDA:2,(anonymous_2)
FNDA:0,(anonymous_3)
FNDA:0,(anonymous_4)
FNDA:1,(anonymous_5)
DA:10,1
DA:12,1
DA:14,1
DA:118,1
DA:119,1
DA:121,1
DA:122,1
DA:125,1
DA:127,2
DA:134,1
DA:144,0
DA:149,0
DA:154,1
DA:155,1
DA:157,1
LF:15
LH:13
BRDA:128,0,0,0
BRDA:128,0,1,2
BRF:2
BRH:1
end_of_record
TN:
SF:src/components/atoms/Chart/ChartTwo/index.jsx
FN:9,(anonymous_0)
FN:60,(anonymous_1)
FN:80,(anonymous_2)
FN:82,(anonymous_3)
FN:93,(anonymous_4)
FN:100,(anonymous_5)
FN:105,(anonymous_6)
FNF:7
FNH:7
FNDA:1,(anonymous_0)
FNDA:1,(anonymous_1)
FNDA:1,(anonymous_2)
FNDA:1,(anonymous_3)
FNDA:1,(anonymous_4)
FNDA:1,(anonymous_5)
FNDA:3,(anonymous_6)
DA:10,1
DA:12,1
DA:60,1
DA:61,1
DA:62,1
DA:63,1
DA:65,1
DA:67,1
DA:76,0
DA:80,1
DA:81,1
DA:82,1
DA:94,1
DA:97,1
DA:102,1
DA:106,3
DA:107,3
DA:109,3
LF:18
LH:17
BRF:0
BRH:0
end_of_record
TN:
SF:src/components/atoms/CurrencySwitcher/index.jsx
FN:5,(anonymous_0)
FN:14,(anonymous_1)
FN:15,(anonymous_2)
FN:25,(anonymous_3)
FN:29,(anonymous_4)
FN:30,(anonymous_5)
FN:36,(anonymous_6)
FN:43,(anonymous_7)
FN:56,(anonymous_8)
FN:59,(anonymous_9)
FNF:10
FNH:8
FNDA:24,(anonymous_0)
FNDA:9,(anonymous_1)
FNDA:0,(anonymous_2)
FNDA:9,(anonymous_3)
FNDA:9,(anonymous_4)
FNDA:0,(anonymous_5)
FNDA:9,(anonymous_6)
FNDA:1,(anonymous_7)
FNDA:72,(anonymous_8)
FNDA:3,(anonymous_9)
DA:5,13
DA:6,24
DA:7,24
DA:8,24
DA:9,24
DA:11,24
DA:14,24
DA:15,9
DA:16,0
DA:21,0
DA:24,9
DA:25,9
DA:29,24
DA:30,9
DA:31,0
DA:32,0
DA:35,9
DA:36,9
DA:39,24
DA:43,1
DA:57,72
DA:60,3
DA:61,3
LF:23
LH:19
BRDA:16,0,0,0
BRDA:16,0,1,0
BRDA:17,1,0,0
BRDA:17,1,1,0
BRDA:17,1,2,0
BRDA:31,2,0,0
BRDA:31,2,1,0
BRDA:52,3,0,1
BRDA:52,3,1,23
BRDA:64,4,0,24
BRDA:64,4,1,48
BRF:11
BRH:4
end_of_record
TN:
SF:src/components/atoms/DarkModeSwitcher/index.jsx
FN:4,(anonymous_0)
FN:15,(anonymous_1)
FNF:2
FNH:2
FNDA:31,(anonymous_0)
FNDA:2,(anonymous_1)
DA:4,14
DA:5,31
DA:7,31
DA:16,2
LF:4
LH:4
BRDA:10,0,0,1
BRDA:10,0,1,30
BRDA:16,1,0,1
BRDA:16,1,1,1
BRDA:21,2,0,31
BRDA:21,2,1,1
BRF:6
BRH:6
end_of_record
TN:
SF:src/components/atoms/Dropdown/DropdownDefault/index.jsx
FN:3,(anonymous_0)
FN:9,(anonymous_1)
FN:10,(anonymous_2)
FN:21,(anonymous_3)
FN:24,(anonymous_4)
FN:25,(anonymous_5)
FN:30,(anonymous_6)
FN:35,(anonymous_7)
FN:59,(anonymous_8)
FN:60,(anonymous_9)
FNF:10
FNH:7
FNDA:2,(anonymous_0)
FNDA:2,(anonymous_1)
FNDA:1,(anonymous_2)
FNDA:2,(anonymous_3)
FNDA:2,(anonymous_4)
FNDA:0,(anonymous_5)
FNDA:2,(anonymous_6)
FNDA:1,(anonymous_7)
FNDA:0,(anonymous_8)
FNDA:0,(anonymous_9)
DA:3,14
DA:4,2
DA:6,2
DA:7,2
DA:9,2
DA:10,2
DA:11,1
DA:12,1
DA:17,1
DA:18,0
DA:20,2
DA:21,2
DA:24,2
DA:25,2
DA:26,0
DA:27,0
DA:29,2
DA:30,2
DA:33,2
DA:35,1
DA:59,0
DA:60,0
LF:22
LH:17
BRDA:11,0,0,0
BRDA:11,0,1,1
BRDA:12,1,0,1
BRDA:12,1,1,0
BRDA:13,2,0,1
BRDA:13,2,1,0
BRDA:13,2,2,0
BRDA:26,3,0,0
BRDA:26,3,1,0
BRDA:26,4,0,0
BRDA:26,4,1,0
BRDA:62,5,0,1
BRDA:62,5,1,1
BRF:13
BRH:5
end_of_record
TN:
SF:src/components/atoms/Dropdown/DropdownProfil/index.jsx
FN:16,(anonymous_0)
FN:22,(anonymous_1)
FN:26,(anonymous_2)
FN:35,(anonymous_3)
FN:46,(anonymous_4)
FN:53,(anonymous_5)
FN:54,(anonymous_6)
FN:71,(anonymous_7)
FN:72,(anonymous_8)
FN:85,(anonymous_9)
FN:90,(anonymous_10)
FN:91,(anonymous_11)
FN:97,(anonymous_12)
FN:105,(anonymous_13)
FNF:14
FNH:14
FNDA:55,(anonymous_0)
FNDA:55,(anonymous_1)
FNDA:2,(anonymous_2)
FNDA:2,(anonymous_3)
FNDA:2,(anonymous_4)
FNDA:21,(anonymous_5)
FNDA:21,(anonymous_6)
FNDA:29,(anonymous_7)
FNDA:17,(anonymous_8)
FNDA:29,(anonymous_9)
FNDA:29,(anonymous_10)
FNDA:1,(anonymous_11)
FNDA:29,(anonymous_12)
FNDA:6,(anonymous_13)
DA:16,14
DA:17,55
DA:18,55
DA:19,55
DA:20,55
DA:21,55
DA:22,55
DA:23,55
DA:24,55
DA:26,55
DA:27,2
DA:36,2
DA:37,2
DA:38,2
DA:39,2
DA:47,2
DA:53,55
DA:54,21
DA:55,21
DA:56,21
DA:57,8
DA:60,7
DA:61,7
DA:64,1
DA:68,21
DA:71,55
DA:72,29
DA:73,17
DA:74,3
DA:80,1
DA:84,29
DA:85,29
DA:86,29
DA:90,55
DA:91,29
DA:92,1
DA:93,1
DA:96,29
DA:97,29
DA:100,55
DA:105,6
LF:41
LH:41
BRDA:36,0,0,2
BRDA:36,0,1,0
BRDA:56,1,0,8
BRDA:56,1,1,13
BRDA:56,2,0,21
BRDA:56,2,1,20
BRDA:73,3,0,14
BRDA:73,3,1,3
BRDA:74,4,0,1
BRDA:74,4,1,2
BRDA:75,5,0,3
BRDA:75,5,1,3
BRDA:75,5,2,1
BRDA:75,5,3,1
BRDA:92,6,0,0
BRDA:92,6,1,1
BRDA:92,7,0,1
BRDA:92,7,1,1
BRDA:102,8,0,55
BRDA:102,8,1,15
BRDA:127,9,0,55
BRDA:127,9,1,6
BRDA:136,10,0,0
BRDA:136,10,1,6
BRF:24
BRH:21
end_of_record
TN:
SF:src/components/atoms/Input/LoginInput/index.jsx
FN:10,LoginInput
FN:20,(anonymous_1)
FN:23,(anonymous_2)
FN:28,(anonymous_3)
FN:34,(anonymous_4)
FN:40,(anonymous_5)
FN:47,(anonymous_6)
FN:61,(anonymous_7)
FN:79,(anonymous_8)
FNF:9
FNH:7
FNDA:4,LoginInput
FNDA:4,(anonymous_1)
FNDA:1,(anonymous_2)
FNDA:2,(anonymous_3)
FNDA:2,(anonymous_4)
FNDA:0,(anonymous_5)
FNDA:0,(anonymous_6)
FNDA:1,(anonymous_7)
FNDA:1,(anonymous_8)
DA:11,4
DA:12,4
DA:14,4
DA:15,4
DA:16,4
DA:17,4
DA:19,4
DA:20,4
DA:23,4
DA:24,1
DA:25,1
DA:28,4
DA:29,2
DA:30,0
DA:34,4
DA:35,2
DA:36,0
DA:41,2
DA:42,0
DA:51,4
DA:61,1
DA:79,1
LF:22
LH:19
BRDA:29,0,0,0
BRDA:29,0,1,2
BRDA:29,1,0,2
BRDA:29,1,1,2
BRDA:35,2,0,0
BRDA:35,2,1,2
BRDA:41,3,0,0
BRDA:41,3,1,2
BRDA:41,4,0,2
BRDA:41,4,1,0
BRDA:91,5,0,0
BRDA:91,5,1,4
BRF:12
BRH:7
end_of_record
TN:
SF:src/components/atoms/LanguageSwitcher/index.jsx
FN:4,(anonymous_0)
FN:19,(anonymous_1)
FN:21,(anonymous_2)
FN:21,(anonymous_3)
FN:22,(anonymous_4)
FN:28,(anonymous_5)
FN:29,(anonymous_6)
FN:35,(anonymous_7)
FN:39,(anonymous_8)
FN:58,(anonymous_9)
FN:61,(anonymous_10)
FNF:11
FNH:11
FNDA:39,(anonymous_0)
FNDA:47,(anonymous_1)
FNDA:3,(anonymous_2)
FNDA:3,(anonymous_3)
FNDA:1,(anonymous_4)
FNDA:15,(anonymous_5)
FNDA:1,(anonymous_6)
FNDA:15,(anonymous_7)
FNDA:48,(anonymous_8)
FNDA:9,(anonymous_9)
FNDA:1,(anonymous_10)
DA:4,14
DA:5,39
DA:6,39
DA:7,39
DA:9,39
DA:15,39
DA:16,39
DA:19,47
DA:21,39
DA:22,39
DA:23,1
DA:24,1
DA:28,39
DA:29,15
DA:30,1
DA:31,1
DA:34,15
DA:35,15
DA:39,39
DA:40,48
DA:42,39
DA:59,9
DA:61,1
LF:23
LH:23
BRDA:16,0,0,8
BRDA:16,0,1,31
BRDA:19,1,0,39
BRDA:19,1,1,0
BRDA:30,2,0,1
BRDA:30,2,1,0
BRDA:30,3,0,1
BRDA:30,3,1,1
BRDA:56,4,0,39
BRDA:56,4,1,3
BRDA:63,5,0,0
BRDA:63,5,1,9
BRF:12
BRH:9
end_of_record
TN:
SF:src/components/molecules/index.jsx
FNF:0
FNH:0
LF:0
LH:0
BRF:0
BRH:0
end_of_record
TN:
SF:src/components/molecules/Banner/index.jsx
FN:10,(anonymous_0)
FNF:1
FNH:1
FNDA:1,(anonymous_0)
DA:10,9
DA:12,1
DA:14,1
LF:3
LH:3
BRF:0
BRH:0
end_of_record
TN:
SF:src/components/molecules/DefaultDashboard/index.jsx
FN:17,(anonymous_0)
FN:18,(anonymous_1)
FN:21,(anonymous_2)
FN:22,(anonymous_3)
FNF:4
FNH:4
FNDA:2,(anonymous_0)
FNDA:2,(anonymous_1)
FNDA:1,(anonymous_2)
FNDA:1,(anonymous_3)
DA:17,9
DA:18,2
DA:19,2
DA:21,2
DA:22,1
DA:23,1
DA:24,1
DA:27,1
DA:28,1
DA:30,0
DA:34,1
DA:35,1
DA:39,2
LF:13
LH:12
BRDA:34,0,0,1
BRDA:34,0,1,0
BRDA:34,1,0,1
BRDA:34,1,1,1
BRDA:42,2,0,2
BRDA:42,2,1,2
BRDA:42,2,2,0
BRDA:50,3,0,2
BRDA:50,3,1,2
BRDA:50,3,2,0
BRDA:60,4,0,2
BRDA:60,4,1,2
BRDA:60,4,2,2
BRDA:60,4,3,1
BRF:14
BRH:11
end_of_record
TN:
SF:src/components/molecules/DetailDataGaji/index.jsx
FN:16,(anonymous_0)
FN:21,(anonymous_1)
FN:31,(anonymous_2)
FN:32,(anonymous_3)
FN:37,(anonymous_4)
FN:62,(anonymous_5)
FN:67,(anonymous_6)
FN:73,(anonymous_7)
FN:74,(anonymous_8)
FN:94,(anonymous_9)
FN:95,(anonymous_10)
FN:99,(anonymous_11)
FN:102,(anonymous_12)
FN:106,(anonymous_13)
FN:239,(anonymous_14)
FN:272,(anonymous_15)
FN:323,(anonymous_16)
FNF:17
FNH:15
FNDA:4,(anonymous_0)
FNDA:3,(anonymous_1)
FNDA:2,(anonymous_2)
FNDA:2,(anonymous_3)
FNDA:1,(anonymous_4)
FNDA:2,(anonymous_5)
FNDA:3,(anonymous_6)
FNDA:2,(anonymous_7)
FNDA:2,(anonymous_8)
FNDA:3,(anonymous_9)
FNDA:3,(anonymous_10)
FNDA:2,(anonymous_11)
FNDA:1,(anonymous_12)
FNDA:0,(anonymous_13)
FNDA:2,(anonymous_14)
FNDA:1,(anonymous_15)
FNDA:0,(anonymous_16)
DA:16,8
DA:17,4
DA:18,3
DA:19,3
DA:20,3
DA:21,3
DA:22,3
DA:24,3
DA:26,3
DA:28,3
DA:29,3
DA:31,3
DA:32,2
DA:33,2
DA:34,2
DA:35,2
DA:37,2
DA:38,2
DA:39,1
DA:41,1
DA:42,1
DA:44,0
DA:45,0
DA:47,0
DA:48,0
DA:50,0
DA:54,0
DA:58,2
DA:62,3
DA:63,2
DA:67,3
DA:68,3
DA:69,3
DA:73,3
DA:74,2
DA:75,2
DA:76,2
DA:77,2
DA:79,0
DA:82,2
DA:85,3
DA:86,2
DA:94,3
DA:95,3
DA:98,1
DA:99,2
DA:101,1
DA:102,1
DA:106,1
DA:107,0
DA:111,1
DA:121,1
DA:240,2
DA:273,1
LF:54
LH:46
BRDA:38,0,0,1
BRDA:38,0,1,1
BRDA:39,1,0,1
BRDA:39,1,1,0
BRDA:39,1,2,0
BRDA:39,1,3,0
BRDA:68,2,0,0
BRDA:68,2,1,3
BRDA:69,3,0,0
BRDA:69,3,1,3
BRDA:69,4,0,3
BRDA:69,4,1,3
BRDA:85,5,0,2
BRDA:85,5,1,1
BRF:14
BRH:9
end_of_record
TN:
SF:src/components/molecules/Footer/index.jsx
FN:4,(anonymous_0)
FNF:1
FNH:1
FNDA:31,(anonymous_0)
DA:4,8
DA:5,31
DA:7,31
LF:3
LH:3
BRF:0
BRH:0
end_of_record
TN:
SF:src/components/molecules/Form/FormDataJabatan/FormAddDataJabatan/index.jsx
FN:13,(anonymous_0)
FN:28,(anonymous_1)
FN:33,(anonymous_2)
FN:34,(anonymous_3)
FN:36,(anonymous_4)
FN:40,(anonymous_5)
FN:46,(anonymous_6)
FN:48,(anonymous_7)
FN:49,(anonymous_8)
FN:50,(anonymous_9)
FN:53,(anonymous_10)
FN:57,(anonymous_11)
FN:65,(anonymous_12)
FN:72,(anonymous_13)
FN:76,(anonymous_14)
FN:106,(anonymous_15)
FN:115,(anonymous_16)
FN:126,(anonymous_17)
FNF:18
FNH:13
FNDA:13,(anonymous_0)
FNDA:13,(anonymous_1)
FNDA:9,(anonymous_2)
FNDA:2,(anonymous_3)
FNDA:5,(anonymous_4)
FNDA:11,(anonymous_5)
FNDA:5,(anonymous_6)
FNDA:0,(anonymous_7)
FNDA:0,(anonymous_8)
FNDA:0,(anonymous_9)
FNDA:0,(anonymous_10)
FNDA:8,(anonymous_11)
FNDA:4,(anonymous_12)
FNDA:2,(anonymous_13)
FNDA:2,(anonymous_14)
FNDA:1,(anonymous_15)
FNDA:0,(anonymous_16)
FNDA:39,(anonymous_17)
DA:13,8
DA:14,13
DA:21,13
DA:22,13
DA:23,13
DA:25,13
DA:26,13
DA:27,13
DA:28,13
DA:29,13
DA:30,13
DA:31,13
DA:33,13
DA:34,13
DA:36,13
DA:37,5
DA:40,13
DA:41,11
DA:42,11
DA:46,13
DA:47,5
DA:48,5
DA:49,5
DA:50,5
DA:53,13
DA:54,0
DA:57,13
DA:58,8
DA:60,8
DA:61,6
DA:62,4
DA:63,4
DA:65,4
DA:67,4
DA:68,4
DA:69,4
DA:72,2
DA:76,13
DA:77,2
DA:79,2
DA:80,0
DA:81,0
DA:84,2
DA:85,1
DA:86,1
DA:89,1
DA:90,0
DA:91,0
DA:94,1
DA:95,0
DA:96,0
DA:99,1
DA:100,1
DA:101,1
DA:102,1
DA:103,1
DA:105,1
DA:107,1
DA:116,0
DA:126,13
DA:127,39
DA:154,13
LF:62
LH:54
BRDA:33,0,0,9
BRDA:33,0,1,7
BRDA:34,1,0,2
BRDA:34,1,1,2
BRDA:41,2,0,0
BRDA:41,2,1,11
BRDA:42,3,0,0
BRDA:42,3,1,11
BRDA:42,4,0,11
BRDA:42,4,1,11
BRDA:48,5,0,0
BRDA:48,5,1,5
BRDA:49,6,0,0
BRDA:49,6,1,5
BRDA:50,7,0,0
BRDA:50,7,1,5
BRDA:60,8,0,6
BRDA:60,8,1,2
BRDA:61,9,0,4
BRDA:61,9,1,2
BRDA:61,10,0,6
BRDA:61,10,1,6
BRDA:63,11,0,0
BRDA:63,11,1,4
BRDA:67,12,0,2
BRDA:67,12,1,2
BRDA:68,13,0,1
BRDA:68,13,1,3
BRDA:69,14,0,1
BRDA:69,14,1,3
BRDA:79,15,0,0
BRDA:79,15,1,2
BRDA:84,16,0,1
BRDA:84,16,1,1
BRDA:89,17,0,0
BRDA:89,17,1,1
BRDA:94,18,0,0
BRDA:94,18,1,1
BRDA:94,19,0,1
BRDA:94,19,1,1
BRDA:94,19,2,1
BRDA:94,19,3,1
BRDA:102,20,0,1
BRDA:102,20,1,0
BRDA:103,21,0,1
BRDA:103,21,1,0
BRDA:119,22,0,0
BRDA:119,22,1,0
BRDA:121,23,0,0
BRDA:121,23,1,0
BRDA:129,24,0,39
BRDA:129,24,1,13
BRDA:145,25,0,39
BRDA:145,25,1,0
BRF:54
BRH:38
end_of_record
TN:
SF:src/components/molecules/Form/FormDataJabatan/FormEditDataJabatan/index.jsx
FN:16,(anonymous_0)
FN:30,(anonymous_1)
FN:34,(anonymous_2)
FN:35,(anonymous_3)
FN:38,(anonymous_4)
FN:45,(anonymous_5)
FN:46,(anonymous_6)
FN:74,(anonymous_7)
FN:78,(anonymous_8)
FN:83,(anonymous_9)
FN:87,(anonymous_10)
FN:87,(anonymous_11)
FN:95,(anonymous_12)
FN:154,(anonymous_13)
FN:203,(anonymous_14)
FNF:15
FNH:14
FNDA:11,(anonymous_0)
FNDA:11,(anonymous_1)
FNDA:12,(anonymous_2)
FNDA:4,(anonymous_3)
FNDA:5,(anonymous_4)
FNDA:5,(anonymous_5)
FNDA:5,(anonymous_6)
FNDA:5,(anonymous_7)
FNDA:11,(anonymous_8)
FNDA:0,(anonymous_9)
FNDA:33,(anonymous_10)
FNDA:3,(anonymous_11)
FNDA:4,(anonymous_12)
FNDA:33,(anonymous_13)
FNDA:1,(anonymous_14)
DA:16,8
DA:17,11
DA:18,11
DA:19,11
DA:20,11
DA:22,11
DA:23,11
DA:24,11
DA:26,11
DA:27,11
DA:28,11
DA:29,11
DA:30,11
DA:31,11
DA:32,11
DA:34,12
DA:35,11
DA:38,11
DA:39,5
DA:40,5
DA:41,5
DA:42,5
DA:45,11
DA:46,5
DA:47,5
DA:48,5
DA:49,5
DA:51,5
DA:53,5
DA:54,5
DA:55,5
DA:57,5
DA:58,5
DA:59,5
DA:60,5
DA:62,0
DA:63,0
DA:71,5
DA:74,11
DA:75,5
DA:78,11
DA:79,11
DA:80,11
DA:83,11
DA:84,0
DA:87,33
DA:88,3
DA:89,3
DA:90,0
DA:91,0
DA:95,11
DA:96,4
DA:98,4
DA:99,0
DA:100,0
DA:103,4
DA:104,1
DA:109,1
DA:112,3
DA:113,0
DA:118,0
DA:121,3
DA:122,0
DA:127,0
DA:130,3
DA:131,3
DA:132,3
DA:133,3
DA:134,3
DA:135,3
DA:137,3
DA:138,3
DA:144,1
DA:146,2
DA:154,11
DA:155,33
DA:182,11
DA:203,1
LF:78
LH:67
BRDA:34,0,0,12
BRDA:34,0,1,9
BRDA:35,1,0,4
BRDA:35,1,1,4
BRDA:40,2,0,0
BRDA:40,2,1,5
BRDA:41,3,0,0
BRDA:41,3,1,5
BRDA:42,4,0,0
BRDA:42,4,1,5
BRDA:62,5,0,0
BRDA:62,5,1,0
BRDA:79,6,0,0
BRDA:79,6,1,11
BRDA:80,7,0,0
BRDA:80,7,1,11
BRDA:80,8,0,11
BRDA:80,8,1,11
BRDA:89,9,0,0
BRDA:89,9,1,3
BRDA:89,10,0,3
BRDA:89,10,1,3
BRDA:91,11,0,0
BRDA:91,11,1,0
BRDA:98,12,0,0
BRDA:98,12,1,4
BRDA:103,13,0,1
BRDA:103,13,1,3
BRDA:112,14,0,0
BRDA:112,14,1,3
BRDA:121,15,0,0
BRDA:121,15,1,3
BRDA:121,16,0,3
BRDA:121,16,1,3
BRDA:121,16,2,3
BRDA:121,16,3,3
BRDA:134,17,0,3
BRDA:134,17,1,0
BRDA:135,18,0,3
BRDA:135,18,1,0
BRDA:173,19,0,33
BRDA:173,19,1,0
BRDA:173,19,2,0
BRF:43
BRH:26
end_of_record
TN:
SF:src/components/molecules/Form/FormDataKehadiran/FormAddDataKehadiran/index.jsx
FN:25,(anonymous_0)
FN:30,(anonymous_1)
FN:38,(anonymous_2)
FN:40,(anonymous_3)
FN:49,(anonymous_4)
FN:78,(anonymous_5)
FN:99,(anonymous_6)
FN:100,(anonymous_7)
FN:101,(anonymous_8)
FN:105,(anonymous_9)
FN:110,(anonymous_10)
FN:115,(anonymous_11)
FN:122,(anonymous_12)
FN:127,(anonymous_13)
FN:132,(anonymous_14)
FN:137,(anonymous_15)
FN:142,(anonymous_16)
FN:147,(anonymous_17)
FN:154,(anonymous_18)
FN:158,(anonymous_19)
FN:167,(anonymous_20)
FN:173,(anonymous_21)
FN:178,(anonymous_22)
FN:180,(anonymous_23)
FN:186,(anonymous_24)
FN:192,(anonymous_25)
FN:270,(anonymous_26)
FN:285,(anonymous_27)
FN:345,(anonymous_28)
FN:348,(anonymous_29)
FN:377,(anonymous_30)
FN:388,(anonymous_31)
FN:399,(anonymous_32)
FN:410,(anonymous_33)
FN:421,(anonymous_34)
FN:429,(anonymous_35)
FN:437,(anonymous_36)
FN:447,(anonymous_37)
FN:453,(anonymous_38)
FN:463,(anonymous_39)
FN:468,(anonymous_40)
FNF:41
FNH:11
FNDA:4,(anonymous_0)
FNDA:4,(anonymous_1)
FNDA:0,(anonymous_2)
FNDA:0,(anonymous_3)
FNDA:0,(anonymous_4)
FNDA:3,(anonymous_5)
FNDA:1,(anonymous_6)
FNDA:0,(anonymous_7)
FNDA:0,(anonymous_8)
FNDA:0,(anonymous_9)
FNDA:0,(anonymous_10)
FNDA:0,(anonymous_11)
FNDA:0,(anonymous_12)
FNDA:0,(anonymous_13)
FNDA:0,(anonymous_14)
FNDA:0,(anonymous_15)
FNDA:0,(anonymous_16)
FNDA:0,(anonymous_17)
FNDA:1,(anonymous_18)
FNDA:1,(anonymous_19)
FNDA:1,(anonymous_20)
FNDA:2,(anonymous_21)
FNDA:0,(anonymous_22)
FNDA:7,(anonymous_23)
FNDA:1,(anonymous_24)
FNDA:0,(anonymous_25)
FNDA:4,(anonymous_26)
FNDA:0,(anonymous_27)
FNDA:0,(anonymous_28)
FNDA:0,(anonymous_29)
FNDA:0,(anonymous_30)
FNDA:0,(anonymous_31)
FNDA:0,(anonymous_32)
FNDA:0,(anonymous_33)
FNDA:0,(anonymous_34)
FNDA:0,(anonymous_35)
FNDA:0,(anonymous_36)
FNDA:0,(anonymous_37)
FNDA:0,(anonymous_38)
FNDA:0,(anonymous_39)
FNDA:0,(anonymous_40)
DA:20,8
DA:25,8
DA:26,4
DA:27,4
DA:28,4
DA:29,4
DA:30,4
DA:31,4
DA:32,4
DA:33,4
DA:34,4
DA:35,4
DA:36,4
DA:38,4
DA:40,4
DA:41,0
DA:49,0
DA:62,4
DA:63,4
DA:64,4
DA:67,4
DA:68,4
DA:69,4
DA:70,4
DA:71,4
DA:72,4
DA:75,4
DA:76,4
DA:77,4
DA:79,3
DA:89,4
DA:92,4
DA:93,4
DA:94,4
DA:95,4
DA:96,4
DA:99,4
DA:100,4
DA:101,4
DA:102,0
DA:105,4
DA:106,0
DA:107,0
DA:108,0
DA:110,4
DA:111,0
DA:112,0
DA:113,0
DA:115,4
DA:116,0
DA:117,0
DA:118,0
DA:122,4
DA:123,0
DA:124,0
DA:125,0
DA:127,4
DA:128,0
DA:129,0
DA:130,0
DA:132,4
DA:133,0
DA:134,0
DA:135,0
DA:137,4
DA:138,0
DA:139,0
DA:140,0
DA:142,4
DA:143,0
DA:144,0
DA:145,0
DA:147,4
DA:148,0
DA:149,0
DA:150,0
DA:154,4
DA:155,1
DA:156,1
DA:158,4
DA:159,1
DA:160,1
DA:161,1
DA:163,0
DA:167,4
DA:168,1
DA:169,1
DA:170,1
DA:173,4
DA:174,2
DA:175,2
DA:178,4
DA:180,4
DA:181,7
DA:182,7
DA:186,4
DA:187,1
DA:188,1
DA:189,1
DA:190,1
DA:191,1
DA:192,0
DA:194,1
DA:197,1
DA:205,1
DA:206,5
DA:207,0
DA:212,0
DA:217,1
DA:222,1
DA:223,2
DA:224,0
DA:229,0
DA:233,1
DA:253,1
DA:259,1
DA:261,0
DA:270,4
DA:271,4
DA:272,4
DA:273,4
DA:274,4
DA:275,4
DA:276,0
DA:281,4
DA:282,0
DA:285,0
DA:294,4
DA:295,0
DA:300,4
DA:303,4
DA:346,0
DA:347,0
DA:348,0
DA:350,0
DA:351,0
DA:362,0
DA:377,0
DA:388,0
DA:399,0
DA:411,0
DA:421,0
DA:429,0
DA:438,0
DA:448,0
DA:454,0
DA:464,0
DA:469,0
LF:148
LH:90
BRDA:53,0,0,0
BRDA:53,0,1,0
BRDA:79,1,0,3
BRDA:79,1,1,3
BRDA:79,1,2,3
BRDA:79,1,3,3
BRDA:79,1,4,3
BRDA:100,2,0,0
BRDA:100,2,1,0
BRDA:102,3,0,0
BRDA:102,3,1,0
BRDA:174,4,0,0
BRDA:174,4,1,2
BRDA:175,5,0,0
BRDA:175,5,1,2
BRDA:175,6,0,2
BRDA:175,6,1,2
BRDA:182,7,0,7
BRDA:182,7,1,7
BRDA:194,8,0,0
BRDA:194,8,1,1
BRDA:198,9,0,1
BRDA:198,9,1,1
BRDA:199,10,0,1
BRDA:199,10,1,1
BRDA:200,11,0,1
BRDA:200,11,1,1
BRDA:201,12,0,1
BRDA:201,12,1,1
BRDA:202,13,0,1
BRDA:202,13,1,1
BRDA:206,14,0,0
BRDA:206,14,1,5
BRDA:218,15,0,1
BRDA:218,15,1,1
BRDA:219,16,0,1
BRDA:219,16,1,1
BRDA:223,17,0,0
BRDA:223,17,1,2
BRDA:238,18,0,1
BRDA:238,18,1,1
BRDA:239,19,0,1
BRDA:239,19,1,1
BRDA:240,20,0,1
BRDA:240,20,1,1
BRDA:241,21,0,1
BRDA:241,21,1,1
BRDA:242,22,0,1
BRDA:242,22,1,1
BRDA:243,23,0,1
BRDA:243,23,1,1
BRDA:244,24,0,1
BRDA:244,24,1,1
BRDA:245,25,0,1
BRDA:245,25,1,1
BRDA:246,26,0,1
BRDA:246,26,1,1
BRDA:275,27,0,0
BRDA:275,27,1,4
BRDA:287,28,0,0
BRDA:287,28,1,0
BRDA:294,29,0,0
BRDA:294,29,1,4
BRDA:350,30,0,0
BRDA:350,30,1,0
BRDA:376,31,0,0
BRDA:376,31,1,0
BRDA:387,32,0,0
BRDA:387,32,1,0
BRDA:398,33,0,0
BRDA:398,33,1,0
BRDA:409,34,0,0
BRDA:409,34,1,0
BRDA:420,35,0,0
BRDA:420,35,1,0
BRDA:428,36,0,0
BRDA:428,36,1,0
BRDA:436,37,0,0
BRDA:436,37,1,0
BRDA:446,38,0,0
BRDA:446,38,1,0
BRDA:462,39,0,0
BRDA:462,39,1,0
BRF:83
BRH:48
end_of_record
TN:
SF:src/components/molecules/Form/FormDataKehadiran/FormEditDataKehadiran/index.jsx
FN:17,(anonymous_0)
FN:21,(anonymous_1)
FN:44,(anonymous_2)
FN:45,(anonymous_3)
FN:66,(anonymous_4)
FN:70,(anonymous_5)
FN:75,(anonymous_6)
FN:77,(anonymous_7)
FN:80,(anonymous_8)
FN:104,(anonymous_9)
FN:114,(anonymous_10)
FN:133,(anonymous_11)
FN:150,(anonymous_12)
FN:162,(anonymous_13)
FN:169,(anonymous_14)
FN:178,(anonymous_15)
FN:189,(anonymous_16)
FNF:17
FNH:15
FNDA:3,(anonymous_0)
FNDA:3,(anonymous_1)
FNDA:1,(anonymous_2)
FNDA:1,(anonymous_3)
FNDA:1,(anonymous_4)
FNDA:3,(anonymous_5)
FNDA:1,(anonymous_6)
FNDA:1,(anonymous_7)
FNDA:1,(anonymous_8)
FNDA:6,(anonymous_9)
FNDA:0,(anonymous_10)
FNDA:6,(anonymous_11)
FNDA:15,(anonymous_12)
FNDA:0,(anonymous_13)
FNDA:6,(anonymous_14)
FNDA:6,(anonymous_15)
FNDA:144,(anonymous_16)
DA:17,8
DA:18,3
DA:19,3
DA:20,3
DA:21,3
DA:22,3
DA:23,3
DA:25,3
DA:26,3
DA:28,3
DA:44,3
DA:45,1
DA:46,1
DA:47,1
DA:48,1
DA:49,1
DA:55,0
DA:56,0
DA:63,1
DA:66,3
DA:67,1
DA:70,3
DA:71,3
DA:72,3
DA:75,3
DA:76,1
DA:77,1
DA:80,3
DA:81,1
DA:82,1
DA:83,1
DA:88,1
DA:89,1
DA:94,1
DA:96,0
DA:104,3
DA:105,6
DA:114,0
DA:125,3
DA:134,6
DA:151,15
DA:162,0
DA:170,6
DA:179,6
DA:190,144
LF:45
LH:40
BRDA:71,0,0,0
BRDA:71,0,1,3
BRDA:72,1,0,0
BRDA:72,1,1,3
BRDA:72,2,0,3
BRDA:72,2,1,3
BRDA:85,3,0,1
BRDA:85,3,1,0
BRDA:86,4,0,1
BRDA:86,4,1,0
BRDA:117,5,0,6
BRDA:117,5,1,0
BRDA:142,6,0,6
BRDA:142,6,1,0
BRDA:160,7,0,15
BRDA:160,7,1,0
BRDA:185,8,0,6
BRDA:185,8,1,0
BRF:18
BRH:10
end_of_record
TN:
SF:src/components/molecules/Form/FormDataPegawai/FormAddDataPegawai/index.jsx
FN:15,(anonymous_0)
FN:83,(anonymous_1)
FN:87,(anonymous_2)
FN:88,(anonymous_3)
FN:106,(anonymous_4)
FN:118,(anonymous_5)
FN:127,(anonymous_6)
FN:132,(anonymous_7)
FN:143,(anonymous_8)
FN:214,(anonymous_9)
FN:223,(anonymous_10)
FN:235,(anonymous_11)
FN:239,(anonymous_12)
FN:318,(anonymous_13)
FN:520,(anonymous_14)
FNF:15
FNH:0
FNDA:0,(anonymous_0)
FNDA:0,(anonymous_1)
FNDA:0,(anonymous_2)
FNDA:0,(anonymous_3)
FNDA:0,(anonymous_4)
FNDA:0,(anonymous_5)
FNDA:0,(anonymous_6)
FNDA:0,(anonymous_7)
FNDA:0,(anonymous_8)
FNDA:0,(anonymous_9)
FNDA:0,(anonymous_10)
FNDA:0,(anonymous_11)
FNDA:0,(anonymous_12)
FNDA:0,(anonymous_13)
FNDA:0,(anonymous_14)
DA:15,8
DA:16,0
DA:17,0
DA:19,0
DA:79,0
DA:81,0
DA:82,0
DA:83,0
DA:84,0
DA:85,0
DA:87,0
DA:88,0
DA:89,0
DA:90,0
DA:95,0
DA:96,0
DA:97,0
DA:99,0
DA:103,0
DA:106,0
DA:107,0
DA:108,0
DA:109,0
DA:118,0
DA:119,0
DA:127,0
DA:128,0
DA:129,0
DA:132,0
DA:133,0
DA:139,0
DA:143,0
DA:144,0
DA:146,0
DA:163,0
DA:164,0
DA:165,0
DA:170,0
DA:174,0
DA:175,0
DA:180,0
DA:183,0
DA:184,0
DA:189,0
DA:192,0
DA:193,0
DA:194,0
DA:195,0
DA:196,0
DA:197,0
DA:198,0
DA:199,0
DA:200,0
DA:201,0
DA:202,0
DA:203,0
DA:204,0
DA:205,0
DA:206,0
DA:207,0
DA:208,0
DA:209,0
DA:210,0
DA:211,0
DA:213,0
DA:215,0
DA:225,0
DA:226,0
DA:235,0
DA:236,0
DA:239,0
DA:248,0
DA:319,0
DA:521,0
LF:74
LH:1
BRDA:96,0,0,0
BRDA:96,0,1,0
BRDA:97,1,0,0
BRDA:97,1,1,0
BRDA:108,2,0,0
BRDA:108,2,1,0
BRDA:133,3,0,0
BRDA:133,3,1,0
BRDA:134,4,0,0
BRDA:134,4,1,0
BRDA:134,4,2,0
BRDA:134,4,3,0
BRDA:164,5,0,0
BRDA:164,5,1,0
BRDA:164,6,0,0
BRDA:164,6,1,0
BRDA:174,7,0,0
BRDA:174,7,1,0
BRDA:183,8,0,0
BRDA:183,8,1,0
BRDA:225,9,0,0
BRDA:225,9,1,0
BRDA:225,9,2,0
BRDA:740,10,0,0
BRDA:740,10,1,0
BRF:25
BRH:0
end_of_record
TN:
SF:src/components/molecules/Form/FormDataPegawai/FormEditDataPegawai/index.jsx
FN:15,(anonymous_0)
FN:19,(anonymous_1)
FN:87,(anonymous_2)
FN:89,(anonymous_3)
FN:92,(anonymous_4)
FN:95,(anonymous_5)
FN:104,(anonymous_6)
FN:105,(anonymous_7)
FN:113,(anonymous_8)
FN:115,(anonymous_9)
FN:128,(anonymous_10)
FN:172,(anonymous_11)
FN:176,(anonymous_12)
FN:185,(anonymous_13)
FN:191,(anonymous_14)
FN:209,(anonymous_15)
FN:340,(anonymous_16)
FN:505,(anonymous_17)
FNF:18
FNH:0
FNDA:0,(anonymous_0)
FNDA:0,(anonymous_1)
FNDA:0,(anonymous_2)
FNDA:0,(anonymous_3)
FNDA:0,(anonymous_4)
FNDA:0,(anonymous_5)
FNDA:0,(anonymous_6)
FNDA:0,(anonymous_7)
FNDA:0,(anonymous_8)
FNDA:0,(anonymous_9)
FNDA:0,(anonymous_10)
FNDA:0,(anonymous_11)
FNDA:0,(anonymous_12)
FNDA:0,(anonymous_13)
FNDA:0,(anonymous_14)
FNDA:0,(anonymous_15)
FNDA:0,(anonymous_16)
FNDA:0,(anonymous_17)
DA:15,8
DA:16,0
DA:17,0
DA:18,0
DA:19,0
DA:20,0
DA:21,0
DA:23,0
DA:24,0
DA:26,0
DA:85,0
DA:87,0
DA:88,0
DA:89,0
DA:92,0
DA:93,0
DA:94,0
DA:95,0
DA:104,0
DA:105,0
DA:113,0
DA:115,0
DA:116,0
DA:117,0
DA:121,0
DA:122,0
DA:124,0
DA:128,0
DA:129,0
DA:130,0
DA:131,0
DA:133,0
DA:134,0
DA:135,0
DA:163,0
DA:167,0
DA:168,0
DA:172,0
DA:173,0
DA:176,0
DA:177,0
DA:178,0
DA:180,0
DA:181,0
DA:185,0
DA:186,0
DA:187,0
DA:191,0
DA:192,0
DA:199,0
DA:200,0
DA:201,0
DA:202,0
DA:206,0
DA:209,0
DA:210,0
DA:211,0
DA:213,0
DA:214,0
DA:215,0
DA:217,0
DA:218,0
DA:219,0
DA:220,0
DA:221,0
DA:222,0
DA:223,0
DA:224,0
DA:225,0
DA:226,0
DA:227,0
DA:228,0
DA:229,0
DA:230,0
DA:248,0
DA:249,0
DA:250,0
DA:251,0
DA:253,0
DA:254,0
DA:259,0
DA:266,0
DA:269,0
DA:270,0
DA:279,0
DA:341,0
DA:506,0
LF:87
LH:1
BRDA:94,0,0,0
BRDA:94,0,1,0
BRDA:121,1,0,0
BRDA:121,1,1,0
BRDA:122,2,0,0
BRDA:122,2,1,0
BRDA:137,3,0,0
BRDA:137,3,1,0
BRDA:138,4,0,0
BRDA:138,4,1,0
BRDA:139,5,0,0
BRDA:139,5,1,0
BRDA:140,6,0,0
BRDA:140,6,1,0
BRDA:141,7,0,0
BRDA:141,7,1,0
BRDA:142,8,0,0
BRDA:142,8,1,0
BRDA:143,9,0,0
BRDA:143,9,1,0
BRDA:144,10,0,0
BRDA:144,10,1,0
BRDA:145,11,0,0
BRDA:145,11,1,0
BRDA:146,12,0,0
BRDA:146,12,1,0
BRDA:147,13,0,0
BRDA:147,13,1,0
BRDA:148,14,0,0
BRDA:148,14,1,0
BRDA:149,15,0,0
BRDA:149,15,1,0
BRDA:151,16,0,0
BRDA:151,16,1,0
BRDA:152,17,0,0
BRDA:152,17,1,0
BRDA:153,18,0,0
BRDA:153,18,1,0
BRDA:154,19,0,0
BRDA:154,19,1,0
BRDA:155,20,0,0
BRDA:155,20,1,0
BRDA:156,21,0,0
BRDA:156,21,1,0
BRDA:157,22,0,0
BRDA:157,22,1,0
BRDA:158,23,0,0
BRDA:158,23,1,0
BRDA:159,24,0,0
BRDA:159,24,1,0
BRDA:160,25,0,0
BRDA:160,25,1,0
BRDA:177,26,0,0
BRDA:177,26,1,0
BRDA:180,27,0,0
BRDA:180,27,1,0
BRDA:180,28,0,0
BRDA:180,28,1,0
BRDA:186,29,0,0
BRDA:186,29,1,0
BRDA:186,30,0,0
BRDA:186,30,1,0
BRDA:186,30,2,0
BRDA:200,31,0,0
BRDA:200,31,1,0
BRDA:200,32,0,0
BRDA:200,32,1,0
BRDA:211,33,0,0
BRDA:211,33,1,0
BRDA:214,34,0,0
BRDA:214,34,1,0
BRDA:269,35,0,0
BRDA:269,35,1,0
BRDA:269,35,2,0
BRF:74
BRH:0
end_of_record
TN:
SF:src/components/molecules/Form/FormDataPotongan/FormAddDataPotongan/index.jsx
FN:13,(anonymous_0)
FN:36,(anonymous_1)
FN:41,(anonymous_2)
FN:43,(anonymous_3)
FN:47,(anonymous_4)
FN:54,(anonymous_5)
FN:60,(anonymous_6)
FN:64,(anonymous_7)
FN:66,(anonymous_8)
FN:67,(anonymous_9)
FN:68,(anonymous_10)
FN:71,(anonymous_11)
FN:73,(anonymous_12)
FN:99,(anonymous_13)
FN:142,(anonymous_14)
FN:151,(anonymous_15)
FN:162,(anonymous_16)
FN:166,(anonymous_17)
FNF:18
FNH:0
FNDA:0,(anonymous_0)
FNDA:0,(anonymous_1)
FNDA:0,(anonymous_2)
FNDA:0,(anonymous_3)
FNDA:0,(anonymous_4)
FNDA:0,(anonymous_5)
FNDA:0,(anonymous_6)
FNDA:0,(anonymous_7)
FNDA:0,(anonymous_8)
FNDA:0,(anonymous_9)
FNDA:0,(anonymous_10)
FNDA:0,(anonymous_11)
FNDA:0,(anonymous_12)
FNDA:0,(anonymous_13)
FNDA:0,(anonymous_14)
FNDA:0,(anonymous_15)
FNDA:0,(anonymous_16)
FNDA:0,(anonymous_17)
DA:13,8
DA:14,0
DA:25,0
DA:26,0
DA:27,0
DA:32,0
DA:34,0
DA:35,0
DA:36,0
DA:37,0
DA:38,0
DA:39,0
DA:41,0
DA:43,0
DA:44,0
DA:47,0
DA:48,0
DA:50,0
DA:51,0
DA:52,0
DA:53,0
DA:54,0
DA:55,0
DA:56,0
DA:57,0
DA:60,0
DA:64,0
DA:65,0
DA:66,0
DA:67,0
DA:68,0
DA:71,0
DA:73,0
DA:74,0
DA:99,0
DA:100,0
DA:102,0
DA:103,0
DA:104,0
DA:107,0
DA:108,0
DA:113,0
DA:116,0
DA:117,0
DA:118,0
DA:121,0
DA:122,0
DA:123,0
DA:124,0
DA:128,0
DA:129,0
DA:130,0
DA:131,0
DA:133,0
DA:134,0
DA:135,0
DA:136,0
DA:137,0
DA:138,0
DA:141,0
DA:143,0
DA:152,0
DA:153,0
DA:162,0
DA:163,0
DA:166,0
DA:167,0
DA:168,0
DA:171,0
LF:69
LH:1
BRDA:41,0,0,0
BRDA:41,0,1,0
BRDA:44,1,0,0
BRDA:44,1,1,0
BRDA:44,1,2,0
BRDA:50,2,0,0
BRDA:50,2,1,0
BRDA:51,3,0,0
BRDA:51,3,1,0
BRDA:51,4,0,0
BRDA:51,4,1,0
BRDA:53,5,0,0
BRDA:53,5,1,0
BRDA:55,6,0,0
BRDA:55,6,1,0
BRDA:56,7,0,0
BRDA:56,7,1,0
BRDA:57,8,0,0
BRDA:57,8,1,0
BRDA:66,9,0,0
BRDA:66,9,1,0
BRDA:67,10,0,0
BRDA:67,10,1,0
BRDA:68,11,0,0
BRDA:68,11,1,0
BRDA:90,12,0,0
BRDA:90,12,1,0
BRDA:90,12,2,0
BRDA:102,13,0,0
BRDA:102,13,1,0
BRDA:107,14,0,0
BRDA:107,14,1,0
BRDA:116,15,0,0
BRDA:116,15,1,0
BRDA:121,16,0,0
BRDA:121,16,1,0
BRDA:122,17,0,0
BRDA:122,17,1,0
BRDA:133,18,0,0
BRDA:133,18,1,0
BRDA:152,19,0,0
BRDA:152,19,1,0
BRDA:152,19,2,0
BRDA:167,20,0,0
BRDA:167,20,1,0
BRDA:168,21,0,0
BRDA:168,21,1,0
BRDA:168,22,0,0
BRDA:168,22,1,0
BRDA:217,23,0,0
BRDA:217,23,1,0
BRDA:239,24,0,0
BRDA:239,24,1,0
BRF:53
BRH:0
end_of_record
TN:
SF:src/components/molecules/Form/FormDataPotongan/FormEditDataPotongan/index.jsx
FN:17,(anonymous_0)
FN:21,(anonymous_1)
FN:52,(anonymous_2)
FN:55,(anonymous_3)
FN:63,(anonymous_4)
FN:70,(anonymous_5)
FN:76,(anonymous_6)
FN:80,(anonymous_7)
FN:83,(anonymous_8)
FN:85,(anonymous_9)
FN:87,(anonymous_10)
FN:93,(anonymous_11)
FN:95,(anonymous_12)
FN:123,(anonymous_13)
FN:153,(anonymous_14)
FN:158,(anonymous_15)
FN:163,(anonymous_16)
FNF:17
FNH:0
FNDA:0,(anonymous_0)
FNDA:0,(anonymous_1)
FNDA:0,(anonymous_2)
FNDA:0,(anonymous_3)
FNDA:0,(anonymous_4)
FNDA:0,(anonymous_5)
FNDA:0,(anonymous_6)
FNDA:0,(anonymous_7)
FNDA:0,(anonymous_8)
FNDA:0,(anonymous_9)
FNDA:0,(anonymous_10)
FNDA:0,(anonymous_11)
FNDA:0,(anonymous_12)
FNDA:0,(anonymous_13)
FNDA:0,(anonymous_14)
FNDA:0,(anonymous_15)
FNDA:0,(anonymous_16)
DA:17,8
DA:18,0
DA:19,0
DA:20,0
DA:21,0
DA:22,0
DA:23,0
DA:24,0
DA:26,0
DA:37,0
DA:38,0
DA:39,0
DA:50,0
DA:52,0
DA:53,0
DA:55,0
DA:56,0
DA:63,0
DA:64,0
DA:66,0
DA:67,0
DA:68,0
DA:69,0
DA:70,0
DA:71,0
DA:72,0
DA:73,0
DA:76,0
DA:80,0
DA:81,0
DA:82,0
DA:83,0
DA:84,0
DA:85,0
DA:86,0
DA:87,0
DA:93,0
DA:95,0
DA:96,0
DA:123,0
DA:124,0
DA:125,0
DA:126,0
DA:127,0
DA:129,0
DA:141,0
DA:142,0
DA:143,0
DA:145,0
DA:153,0
DA:154,0
DA:155,0
DA:158,0
DA:159,0
DA:160,0
DA:163,0
DA:164,0
DA:166,0
DA:167,0
DA:172,0
DA:175,0
DA:176,0
DA:181,0
DA:184,0
DA:185,0
DA:190,0
DA:193,0
DA:194,0
DA:195,0
DA:200,0
DA:204,0
DA:205,0
DA:206,0
DA:207,0
DA:209,0
DA:210,0
DA:212,0
DA:213,0
DA:214,0
DA:215,0
DA:216,0
DA:217,0
DA:220,0
DA:226,0
DA:233,0
DA:235,0
DA:243,0
LF:87
LH:1
BRDA:53,0,0,0
BRDA:53,0,1,0
BRDA:57,1,0,0
BRDA:57,1,1,0
BRDA:57,1,2,0
BRDA:66,2,0,0
BRDA:66,2,1,0
BRDA:67,3,0,0
BRDA:67,3,1,0
BRDA:67,4,0,0
BRDA:67,4,1,0
BRDA:69,5,0,0
BRDA:69,5,1,0
BRDA:71,6,0,0
BRDA:71,6,1,0
BRDA:72,7,0,0
BRDA:72,7,1,0
BRDA:73,8,0,0
BRDA:73,8,1,0
BRDA:82,9,0,0
BRDA:82,9,1,0
BRDA:84,10,0,0
BRDA:84,10,1,0
BRDA:86,11,0,0
BRDA:86,11,1,0
BRDA:114,12,0,0
BRDA:114,12,1,0
BRDA:114,12,2,0
BRDA:132,13,0,0
BRDA:132,13,1,0
BRDA:133,14,0,0
BRDA:133,14,1,0
BRDA:134,15,0,0
BRDA:134,15,1,0
BRDA:135,16,0,0
BRDA:135,16,1,0
BRDA:137,17,0,0
BRDA:137,17,1,0
BRDA:138,18,0,0
BRDA:138,18,1,0
BRDA:148,19,0,0
BRDA:148,19,1,0
BRDA:159,20,0,0
BRDA:159,20,1,0
BRDA:160,21,0,0
BRDA:160,21,1,0
BRDA:160,22,0,0
BRDA:160,22,1,0
BRDA:166,23,0,0
BRDA:166,23,1,0
BRDA:175,24,0,0
BRDA:175,24,1,0
BRDA:184,25,0,0
BRDA:184,25,1,0
BRDA:193,26,0,0
BRDA:193,26,1,0
BRDA:194,27,0,0
BRDA:194,27,1,0
BRDA:209,28,0,0
BRDA:209,28,1,0
BRDA:238,29,0,0
BRDA:238,29,1,0
BRDA:293,30,0,0
BRDA:293,30,1,0
BRDA:317,31,0,0
BRDA:317,31,1,0
BRF:66
BRH:0
end_of_record
TN:
SF:src/components/molecules/Header/index.jsx
FN:8,(anonymous_0)
FN:19,(anonymous_1)
FNF:2
FNH:2
FNDA:32,(anonymous_0)
FNDA:1,(anonymous_1)
DA:8,9
DA:12,32
DA:20,1
DA:21,1
LF:4
LH:4
BRDA:28,0,0,32
BRDA:28,0,1,31
BRDA:32,1,0,32
BRDA:32,1,1,31
BRDA:36,2,0,32
BRDA:36,2,1,31
BRDA:42,3,0,32
BRDA:42,3,1,31
BRDA:46,4,0,32
BRDA:46,4,1,31
BRF:10
BRH:10
end_of_record
TN:
SF:src/components/molecules/Navbar/index.jsx
FN:17,Navbar
FN:20,(anonymous_1)
FN:21,(anonymous_2)
FN:30,(anonymous_3)
FN:39,(anonymous_4)
FN:40,(anonymous_5)
FN:52,(anonymous_6)
FN:74,(anonymous_7)
FN:111,(anonymous_8)
FN:114,(anonymous_9)
FN:118,(anonymous_10)
FNF:11
FNH:10
FNDA:9,Navbar
FNDA:2,(anonymous_1)
FNDA:2,(anonymous_2)
FNDA:60,(anonymous_3)
FNDA:6,(anonymous_4)
FNDA:1,(anonymous_5)
FNDA:6,(anonymous_6)
FNDA:27,(anonymous_7)
FNDA:1,(anonymous_8)
FNDA:27,(anonymous_9)
FNDA:0,(anonymous_10)
DA:18,9
DA:19,9
DA:20,9
DA:21,2
DA:24,9
DA:30,9
DA:31,60
DA:37,9
DA:38,9
DA:39,9
DA:40,6
DA:41,1
DA:42,1
DA:43,1
DA:45,0
DA:47,1
DA:50,6
DA:51,6
DA:52,6
DA:53,6
DA:58,9
DA:75,27
DA:111,1
DA:115,27
DA:118,0
LF:25
LH:23
BRDA:33,0,0,60
BRDA:33,0,1,20
BRDA:41,1,0,1
BRDA:41,1,1,0
BRDA:42,2,0,1
BRDA:42,2,1,0
BRDA:50,3,0,6
BRDA:50,3,1,0
BRF:8
BRH:5
end_of_record
TN:
SF:src/components/molecules/NotFound/index.jsx
FN:7,(anonymous_0)
FNF:1
FNH:1
FNDA:1,(anonymous_0)
DA:7,9
DA:8,1
DA:10,1
LF:3
LH:3
BRF:0
BRH:0
end_of_record
TN:
SF:src/components/molecules/PrintPdf/PrintPdfBoleta/index.jsx
FN:11,(anonymous_0)
FN:13,(anonymous_1)
FN:24,(anonymous_2)
FN:25,(anonymous_3)
FN:30,(anonymous_4)
FN:54,(anonymous_5)
FN:55,(anonymous_6)
FN:68,(anonymous_7)
FN:69,(anonymous_8)
FN:72,(anonymous_9)
FN:75,(anonymous_10)
FNF:11
FNH:10
FNDA:4,(anonymous_0)
FNDA:0,(anonymous_1)
FNDA:2,(anonymous_2)
FNDA:2,(anonymous_3)
FNDA:2,(anonymous_4)
FNDA:2,(anonymous_5)
FNDA:2,(anonymous_6)
FNDA:2,(anonymous_7)
FNDA:2,(anonymous_8)
FNDA:1,(anonymous_9)
FNDA:1,(anonymous_10)
DA:11,1
DA:12,4
DA:13,3
DA:14,3
DA:15,3
DA:16,3
DA:17,3
DA:19,3
DA:20,3
DA:22,3
DA:24,3
DA:25,2
DA:26,2
DA:27,2
DA:28,2
DA:30,2
DA:31,2
DA:32,2
DA:34,2
DA:35,2
DA:37,0
DA:38,0
DA:40,0
DA:41,0
DA:43,0
DA:47,0
DA:51,2
DA:54,3
DA:55,2
DA:56,2
DA:57,2
DA:58,2
DA:60,0
DA:63,2
DA:66,3
DA:68,2
DA:69,2
DA:71,1
DA:72,1
DA:74,1
DA:75,1
DA:77,1
DA:81,1
DA:91,1
DA:92,1
DA:98,1
LF:46
LH:39
BRDA:31,0,0,2
BRDA:31,0,1,0
BRDA:32,1,0,2
BRDA:32,1,1,0
BRDA:32,1,2,0
BRDA:32,1,3,0
BRDA:66,2,0,2
BRDA:66,2,1,1
BRF:8
BRH:4
end_of_record
TN:
SF:src/components/molecules/PrintPdf/PrintPdfDataGajiPegawai/index.jsx
FN:14,(anonymous_0)
FN:25,(anonymous_1)
FN:26,(anonymous_2)
FN:27,(anonymous_3)
FN:31,(anonymous_4)
FN:35,(anonymous_5)
FN:41,(anonymous_6)
FN:45,(anonymous_7)
FN:56,(anonymous_8)
FN:83,(anonymous_9)
FNF:10
FNH:9
FNDA:4,(anonymous_0)
FNDA:4,(anonymous_1)
FNDA:4,(anonymous_2)
FNDA:4,(anonymous_3)
FNDA:0,(anonymous_4)
FNDA:4,(anonymous_5)
FNDA:4,(anonymous_6)
FNDA:4,(anonymous_7)
FNDA:2,(anonymous_8)
FNDA:4,(anonymous_9)
DA:14,9
DA:15,4
DA:16,4
DA:17,4
DA:18,4
DA:19,4
DA:20,4
DA:21,4
DA:22,4
DA:23,4
DA:25,4
DA:26,4
DA:27,4
DA:28,4
DA:30,4
DA:31,0
DA:35,4
DA:36,4
DA:37,4
DA:41,4
DA:42,4
DA:45,4
DA:46,4
DA:47,0
DA:49,4
DA:50,0
DA:52,4
DA:56,4
DA:57,2
DA:58,2
DA:62,2
DA:63,2
DA:64,2
DA:65,2
DA:68,4
DA:84,4
LF:36
LH:33
BRDA:26,0,0,4
BRDA:26,0,1,0
BRDA:36,1,0,4
BRDA:36,1,1,0
BRDA:36,2,0,4
BRDA:36,2,1,4
BRDA:36,2,2,4
BRDA:46,3,0,0
BRDA:46,3,1,4
BRDA:49,4,0,0
BRDA:49,4,1,4
BRDA:49,5,0,4
BRDA:49,5,1,4
BRF:13
BRH:9
end_of_record
TN:
SF:src/components/molecules/PrintPdf/PrintPdfLaporanAbsensi/index.jsx
FN:15,(anonymous_0)
FN:26,(anonymous_1)
FN:27,(anonymous_2)
FN:30,(anonymous_3)
FN:34,(anonymous_4)
FN:39,(anonymous_5)
FN:43,(anonymous_6)
FN:48,(anonymous_7)
FN:52,(anonymous_8)
FN:63,(anonymous_9)
FN:149,(anonymous_10)
FNF:11
FNH:10
FNDA:2,(anonymous_0)
FNDA:2,(anonymous_1)
FNDA:2,(anonymous_2)
FNDA:1,(anonymous_3)
FNDA:1,(anonymous_4)
FNDA:0,(anonymous_5)
FNDA:1,(anonymous_6)
FNDA:1,(anonymous_7)
FNDA:2,(anonymous_8)
FNDA:1,(anonymous_9)
FNDA:2,(anonymous_10)
DA:15,9
DA:16,2
DA:17,2
DA:18,2
DA:19,2
DA:20,2
DA:21,2
DA:22,2
DA:23,2
DA:24,2
DA:26,2
DA:27,2
DA:28,2
DA:30,2
DA:31,1
DA:34,2
DA:35,1
DA:38,2
DA:39,0
DA:43,2
DA:44,1
DA:45,1
DA:48,2
DA:49,1
DA:52,2
DA:53,2
DA:54,0
DA:56,2
DA:57,0
DA:59,2
DA:63,2
DA:64,1
DA:65,1
DA:69,1
DA:70,1
DA:71,1
DA:72,1
DA:75,2
DA:150,2
LF:39
LH:36
BRDA:53,0,0,0
BRDA:53,0,1,2
BRDA:56,1,0,0
BRDA:56,1,1,2
BRDA:56,2,0,2
BRDA:56,2,1,2
BRF:6
BRH:4
end_of_record
TN:
SF:src/components/molecules/PrintPdf/PrintPdfLaporanGaji/index.jsx
FN:15,(anonymous_0)
FN:26,(anonymous_1)
FN:27,(anonymous_2)
FN:30,(anonymous_3)
FN:34,(anonymous_4)
FN:39,(anonymous_5)
FN:43,(anonymous_6)
FN:48,(anonymous_7)
FN:52,(anonymous_8)
FN:63,(anonymous_9)
FN:85,(anonymous_10)
FN:157,(anonymous_11)
FNF:12
FNH:10
FNDA:2,(anonymous_0)
FNDA:2,(anonymous_1)
FNDA:2,(anonymous_2)
FNDA:1,(anonymous_3)
FNDA:1,(anonymous_4)
FNDA:0,(anonymous_5)
FNDA:1,(anonymous_6)
FNDA:1,(anonymous_7)
FNDA:2,(anonymous_8)
FNDA:1,(anonymous_9)
FNDA:0,(anonymous_10)
FNDA:2,(anonymous_11)
DA:15,8
DA:16,2
DA:17,2
DA:18,2
DA:19,2
DA:20,2
DA:21,2
DA:22,2
DA:23,2
DA:24,2
DA:26,2
DA:27,2
DA:28,2
DA:30,2
DA:31,1
DA:34,2
DA:35,1
DA:38,2
DA:39,0
DA:43,2
DA:44,1
DA:45,1
DA:48,2
DA:49,1
DA:52,2
DA:53,2
DA:54,0
DA:56,2
DA:57,0
DA:59,2
DA:63,2
DA:64,1
DA:65,1
DA:69,1
DA:70,1
DA:71,1
DA:72,1
DA:75,2
DA:85,0
DA:158,2
LF:40
LH:36
BRDA:53,0,0,0
BRDA:53,0,1,2
BRDA:56,1,0,0
BRDA:56,1,1,2
BRDA:56,2,0,2
BRDA:56,2,1,2
BRF:6
BRH:4
end_of_record
TN:
SF:src/components/molecules/PrintPdf/PrintPdfSlipGaji/index.jsx
FN:16,(anonymous_0)
FN:30,(anonymous_1)
FN:31,(anonymous_2)
FN:33,(anonymous_3)
FN:37,(anonymous_4)
FN:41,(anonymous_5)
FN:46,(anonymous_6)
FN:50,(anonymous_7)
FN:56,(anonymous_8)
FN:60,(anonymous_9)
FN:71,(anonymous_10)
FN:94,(anonymous_11)
FN:101,(anonymous_12)
FNF:13
FNH:11
FNDA:2,(anonymous_0)
FNDA:2,(anonymous_1)
FNDA:2,(anonymous_2)
FNDA:1,(anonymous_3)
FNDA:1,(anonymous_4)
FNDA:1,(anonymous_5)
FNDA:0,(anonymous_6)
FNDA:1,(anonymous_7)
FNDA:1,(anonymous_8)
FNDA:2,(anonymous_9)
FNDA:1,(anonymous_10)
FNDA:0,(anonymous_11)
FNDA:2,(anonymous_12)
DA:16,9
DA:17,2
DA:18,2
DA:19,2
DA:20,2
DA:21,2
DA:22,2
DA:23,2
DA:24,2
DA:25,2
DA:27,2
DA:28,2
DA:30,2
DA:31,2
DA:33,2
DA:34,1
DA:37,2
DA:38,1
DA:41,2
DA:42,1
DA:45,2
DA:46,0
DA:50,2
DA:51,1
DA:52,1
DA:53,1
DA:56,2
DA:57,1
DA:60,2
DA:61,2
DA:62,0
DA:64,2
DA:65,0
DA:67,2
DA:71,2
DA:72,1
DA:73,1
DA:77,1
DA:78,1
DA:79,1
DA:80,1
DA:84,2
DA:94,0
DA:102,2
LF:44
LH:40
BRDA:61,0,0,0
BRDA:61,0,1,2
BRDA:64,1,0,0
BRDA:64,1,1,2
BRDA:64,2,0,2
BRDA:64,2,1,2
BRF:6
BRH:4
end_of_record
TN:
SF:src/components/molecules/Sidebar/SidebarAdmin/index.jsx
FN:17,(anonymous_0)
FN:32,(anonymous_1)
FN:41,(anonymous_2)
FN:52,(anonymous_3)
FN:60,(anonymous_4)
FN:61,(anonymous_5)
FN:72,(anonymous_6)
FN:76,(anonymous_7)
FN:77,(anonymous_8)
FN:82,(anonymous_9)
FN:85,(anonymous_10)
FN:113,(anonymous_11)
FN:147,(anonymous_12)
FN:157,(anonymous_13)
FN:178,(anonymous_14)
FN:189,(anonymous_15)
FN:212,(anonymous_16)
FN:221,(anonymous_17)
FN:242,(anonymous_18)
FN:253,(anonymous_19)
FN:264,(anonymous_20)
FN:362,(anonymous_21)
FN:371,(anonymous_22)
FN:392,(anonymous_23)
FN:403,(anonymous_24)
FN:414,(anonymous_25)
FNF:26
FNH:22
FNDA:42,(anonymous_0)
FNDA:2,(anonymous_1)
FNDA:1,(anonymous_2)
FNDA:0,(anonymous_3)
FNDA:38,(anonymous_4)
FNDA:13,(anonymous_5)
FNDA:38,(anonymous_6)
FNDA:38,(anonymous_7)
FNDA:1,(anonymous_8)
FNDA:38,(anonymous_9)
FNDA:18,(anonymous_10)
FNDA:0,(anonymous_11)
FNDA:38,(anonymous_12)
FNDA:0,(anonymous_13)
FNDA:38,(anonymous_14)
FNDA:38,(anonymous_15)
FNDA:38,(anonymous_16)
FNDA:0,(anonymous_17)
FNDA:38,(anonymous_18)
FNDA:38,(anonymous_19)
FNDA:38,(anonymous_20)
FNDA:39,(anonymous_21)
FNDA:1,(anonymous_22)
FNDA:39,(anonymous_23)
FNDA:39,(anonymous_24)
FNDA:39,(anonymous_25)
DA:17,9
DA:18,42
DA:20,42
DA:21,42
DA:22,42
DA:23,42
DA:24,42
DA:25,42
DA:27,42
DA:28,42
DA:32,42
DA:33,2
DA:42,1
DA:43,0
DA:44,0
DA:45,0
DA:53,0
DA:60,42
DA:61,38
DA:62,13
DA:63,13
DA:68,12
DA:69,1
DA:71,38
DA:72,38
DA:76,42
DA:77,38
DA:78,1
DA:79,1
DA:81,38
DA:82,38
DA:85,42
DA:86,18
DA:87,18
DA:88,2
DA:90,16
DA:94,42
DA:113,0
DA:148,38
DA:158,0
DA:159,0
DA:179,38
DA:190,38
DA:213,38
DA:222,0
DA:223,0
DA:243,38
DA:254,38
DA:265,38
DA:363,39
DA:372,1
DA:373,1
DA:393,39
DA:404,39
DA:415,39
LF:55
LH:46
BRDA:29,0,0,5
BRDA:29,0,1,37
BRDA:42,1,0,0
BRDA:42,1,1,1
BRDA:62,2,0,0
BRDA:62,2,1,13
BRDA:62,3,0,13
BRDA:62,3,1,13
BRDA:63,4,0,12
BRDA:63,4,1,1
BRDA:64,5,0,13
BRDA:64,5,1,5
BRDA:64,5,2,1
BRDA:78,6,0,0
BRDA:78,6,1,1
BRDA:78,7,0,1
BRDA:78,7,1,1
BRDA:87,8,0,2
BRDA:87,8,1,16
BRDA:97,9,0,11
BRDA:97,9,1,31
BRDA:132,10,0,42
BRDA:132,10,1,9
BRDA:144,11,0,42
BRDA:144,11,1,42
BRDA:153,12,0,38
BRDA:153,12,1,38
BRDA:153,12,2,0
BRDA:159,13,0,0
BRDA:159,13,1,0
BRDA:166,14,0,38
BRDA:166,14,1,0
BRDA:171,15,0,38
BRDA:171,15,1,38
BRDA:180,16,0,38
BRDA:180,16,1,0
BRDA:191,17,0,38
BRDA:191,17,1,0
BRDA:209,18,0,42
BRDA:209,18,1,42
BRDA:217,19,0,38
BRDA:217,19,1,38
BRDA:217,19,2,0
BRDA:223,20,0,0
BRDA:223,20,1,0
BRDA:230,21,0,38
BRDA:230,21,1,0
BRDA:235,22,0,38
BRDA:235,22,1,38
BRDA:244,23,0,38
BRDA:244,23,1,1
BRDA:255,24,0,38
BRDA:255,24,1,0
BRDA:266,25,0,38
BRDA:266,25,1,0
BRDA:359,26,0,42
BRDA:359,26,1,42
BRDA:367,27,0,39
BRDA:367,27,1,39
BRDA:367,27,2,0
BRDA:373,28,0,1
BRDA:373,28,1,0
BRDA:380,29,0,39
BRDA:380,29,1,2
BRDA:385,30,0,39
BRDA:385,30,1,37
BRDA:394,31,0,39
BRDA:394,31,1,0
BRDA:405,32,0,39
BRDA:405,32,1,0
BRDA:416,33,0,39
BRDA:416,33,1,39
BRF:72
BRH:53
end_of_record
TN:
SF:src/components/molecules/Sidebar/SidebarLinkGroup/index.jsx
FN:3,(anonymous_0)
FN:6,(anonymous_1)
FNF:2
FNH:2
FNDA:122,(anonymous_0)
FNDA:1,(anonymous_1)
DA:3,10
DA:4,122
DA:6,122
DA:7,1
DA:10,122
LF:5
LH:5
BRF:0
BRH:0
end_of_record
TN:
SF:src/components/molecules/Sidebar/SidebarPegawai/index.jsx
FN:16,(anonymous_0)
FN:31,(anonymous_1)
FN:40,(anonymous_2)
FN:51,(anonymous_3)
FN:59,(anonymous_4)
FN:60,(anonymous_5)
FN:71,(anonymous_6)
FN:75,(anonymous_7)
FN:76,(anonymous_8)
FN:81,(anonymous_9)
FN:84,(anonymous_10)
FN:112,(anonymous_11)
FN:159,(anonymous_12)
FN:168,(anonymous_13)
FN:189,(anonymous_14)
FN:200,(anonymous_15)
FN:211,(anonymous_16)
FNF:17
FNH:13
FNDA:8,(anonymous_0)
FNDA:1,(anonymous_1)
FNDA:0,(anonymous_2)
FNDA:0,(anonymous_3)
FNDA:7,(anonymous_4)
FNDA:4,(anonymous_5)
FNDA:7,(anonymous_6)
FNDA:7,(anonymous_7)
FNDA:1,(anonymous_8)
FNDA:7,(anonymous_9)
FNDA:6,(anonymous_10)
FNDA:0,(anonymous_11)
FNDA:7,(anonymous_12)
FNDA:0,(anonymous_13)
FNDA:7,(anonymous_14)
FNDA:7,(anonymous_15)
FNDA:7,(anonymous_16)
DA:16,9
DA:17,8
DA:19,8
DA:20,8
DA:21,8
DA:22,8
DA:23,8
DA:24,8
DA:26,8
DA:27,8
DA:31,8
DA:32,1
DA:41,0
DA:42,0
DA:43,0
DA:44,0
DA:52,0
DA:59,8
DA:60,7
DA:61,4
DA:62,4
DA:67,1
DA:68,3
DA:70,7
DA:71,7
DA:75,8
DA:76,7
DA:77,1
DA:78,1
DA:80,7
DA:81,7
DA:84,8
DA:85,6
DA:86,6
DA:87,0
DA:89,6
DA:93,8
DA:112,0
DA:160,7
DA:169,0
DA:170,0
DA:190,7
DA:201,7
DA:212,7
LF:44
LH:35
BRDA:28,0,0,6
BRDA:28,0,1,2
BRDA:41,1,0,0
BRDA:41,1,1,0
BRDA:61,2,0,0
BRDA:61,2,1,4
BRDA:61,3,0,4
BRDA:61,3,1,4
BRDA:62,4,0,1
BRDA:62,4,1,3
BRDA:63,5,0,4
BRDA:63,5,1,4
BRDA:63,5,2,3
BRDA:77,6,0,0
BRDA:77,6,1,1
BRDA:77,7,0,1
BRDA:77,7,1,1
BRDA:86,8,0,0
BRDA:86,8,1,6
BRDA:96,9,0,8
BRDA:96,9,1,0
BRDA:130,10,0,8
BRDA:130,10,1,0
BRDA:143,11,0,8
BRDA:143,11,1,0
BRDA:156,12,0,8
BRDA:156,12,1,8
BRDA:164,13,0,7
BRDA:164,13,1,7
BRDA:164,13,2,0
BRDA:170,14,0,0
BRDA:170,14,1,0
BRDA:177,15,0,7
BRDA:177,15,1,0
BRDA:182,16,0,7
BRDA:182,16,1,7
BRDA:191,17,0,7
BRDA:191,17,1,0
BRDA:202,18,0,7
BRDA:202,18,1,0
BRDA:213,19,0,7
BRDA:213,19,1,7
BRF:42
BRH:28
end_of_record
TN:
SF:src/config/env.js
FNF:0
FNH:0
DA:1,20
LF:1
LH:1
BRDA:1,0,0,20
BRDA:1,0,1,0
BRF:2
BRH:1
end_of_record
TN:
SF:src/config/currency/CurrencyContext.jsx
FN:6,(anonymous_0)
FN:7,(anonymous_1)
FN:11,(anonymous_2)
FN:15,(anonymous_3)
FN:26,(anonymous_4)
FNF:5
FNH:5
FNDA:5,(anonymous_0)
FNDA:2,(anonymous_1)
FNDA:4,(anonymous_2)
FNDA:2,(anonymous_3)
FNDA:6,(anonymous_4)
DA:4,10
DA:6,10
DA:7,5
DA:8,2
DA:11,5
DA:12,4
DA:15,5
DA:16,2
DA:19,5
DA:26,10
LF:10
LH:10
BRDA:8,0,0,2
BRDA:8,0,1,1
BRF:2
BRH:2
end_of_record
TN:
SF:src/config/currency/currencyStore.jsx
FN:6,(anonymous_0)
FN:10,(anonymous_1)
FN:14,(anonymous_2)
FN:18,(anonymous_3)
FN:22,(anonymous_4)
FNF:5
FNH:3
FNDA:0,(anonymous_0)
FNDA:10,(anonymous_1)
FNDA:0,(anonymous_2)
FNDA:2,(anonymous_3)
FNDA:10,(anonymous_4)
DA:3,13
DA:6,13
DA:7,0
DA:10,13
DA:11,10
DA:14,13
DA:15,0
DA:18,13
DA:19,2
DA:22,13
DA:23,10
LF:11
LH:9
BRDA:11,0,0,10
BRDA:11,0,1,0
BRDA:15,1,0,0
BRDA:15,1,1,0
BRDA:23,2,0,10
BRDA:23,2,1,10
BRF:6
BRH:3
end_of_record
TN:
SF:src/config/currency/fetchRates.js
FN:4,(anonymous_0)
FN:6,(anonymous_1)
FNF:2
FNH:2
FNDA:2,(anonymous_0)
FNDA:6,(anonymous_1)
DA:4,10
DA:5,2
DA:6,6
DA:8,2
DA:11,2
DA:12,2
DA:15,0
DA:16,0
DA:18,0
DA:19,0
DA:20,0
DA:21,0
DA:22,0
DA:26,0
DA:27,0
DA:28,0
DA:30,2
DA:34,2
DA:35,2
DA:38,0
DA:39,0
DA:41,0
DA:42,0
DA:43,0
DA:44,0
DA:45,0
DA:49,0
DA:50,0
DA:51,0
DA:53,2
DA:57,2
DA:58,6
DA:59,6
DA:62,2
DA:63,2
LF:35
LH:15
BRDA:16,0,0,0
BRDA:16,0,1,0
BRDA:21,1,0,0
BRDA:21,1,1,0
BRDA:39,2,0,0
BRDA:39,2,1,0
BRDA:44,3,0,0
BRDA:44,3,1,0
BRDA:58,4,0,6
BRDA:58,4,1,0
BRF:10
BRH:1
end_of_record
TN:
SF:src/config/currency/useCurrencyByUser.js
FN:4,(anonymous_0)
FN:10,(anonymous_1)
FN:18,(anonymous_2)
FN:23,(anonymous_3)
FNF:4
FNH:0
FNDA:0,(anonymous_0)
FNDA:0,(anonymous_1)
FNDA:0,(anonymous_2)
FNDA:0,(anonymous_3)
DA:4,3
DA:5,0
DA:7,0
DA:8,0
DA:10,0
DA:11,0
DA:12,0
DA:14,0
DA:15,0
DA:18,0
DA:19,0
DA:20,0
DA:23,0
DA:24,0
DA:25,0
DA:28,0
LF:16
LH:1
BRDA:11,0,0,0
BRDA:11,0,1,0
BRDA:15,1,0,0
BRDA:15,1,1,0
BRF:4
BRH:0
end_of_record
TN:
SF:src/config/internalization/i18nTest.js
FNF:0
FNH:0
DA:4,10
LF:1
LH:1
BRF:0
BRH:0
end_of_record
TN:
SF:src/config/redux/action/index.js
FNF:0
FNH:0
LF:0
LH:0
BRF:0
BRH:0
end_of_record
TN:
SF:src/config/redux/action/authAction/index.js
FN:8,(anonymous_0)
FN:24,(anonymous_1)
FN:36,(anonymous_2)
FNF:3
FNH:1
FNDA:0,(anonymous_0)
FNDA:0,(anonymous_1)
FNDA:2,(anonymous_2)
DA:6,16
DA:9,0
DA:10,0
DA:14,0
DA:16,0
DA:17,0
DA:18,0
DA:24,16
DA:25,0
DA:26,0
DA:27,0
DA:29,0
DA:30,0
DA:31,0
DA:36,16
DA:37,2
DA:38,2
DA:39,2
DA:41,2
DA:42,0
DA:43,0
LF:21
LH:7
BRDA:16,0,0,0
BRDA:16,0,1,0
BRDA:29,1,0,0
BRDA:29,1,1,0
BRDA:41,2,0,0
BRDA:41,2,1,2
BRF:6
BRH:1
end_of_record
TN:
SF:src/config/redux/action/dataGajiAction/index.js
FN:12,(anonymous_0)
FN:13,(anonymous_1)
FN:29,(anonymous_2)
FN:30,(anonymous_3)
FNF:4
FNH:0
FNDA:0,(anonymous_0)
FNDA:0,(anonymous_1)
FNDA:0,(anonymous_2)
FNDA:0,(anonymous_3)
DA:12,7
DA:13,0
DA:14,0
DA:15,0
DA:16,0
DA:21,0
DA:29,7
DA:30,0
DA:31,0
DA:32,0
DA:35,0
DA:40,0
LF:12
LH:2
BRF:0
BRH:0
end_of_record
TN:
SF:src/config/redux/action/dataGajiAction/dataGajiActionTypes/index.js
FNF:0
FNH:0
DA:1,7
DA:2,7
DA:3,7
DA:4,7
LF:4
LH:4
BRF:0
BRH:0
end_of_record
TN:
SF:src/config/redux/action/dataGajiPegawaiPrintAction/index.js
FN:9,(anonymous_0)
FN:14,(anonymous_1)
FN:19,(anonymous_2)
FN:19,(anonymous_3)
FN:33,(anonymous_4)
FN:33,(anonymous_5)
FN:48,(anonymous_6)
FN:48,(anonymous_7)
FNF:8
FNH:1
FNDA:0,(anonymous_0)
FNDA:0,(anonymous_1)
FNDA:0,(anonymous_2)
FNDA:0,(anonymous_3)
FNDA:0,(anonymous_4)
FNDA:0,(anonymous_5)
FNDA:4,(anonymous_6)
FNDA:0,(anonymous_7)
DA:9,7
DA:14,7
DA:19,7
DA:20,0
DA:21,0
DA:22,0
DA:23,0
DA:25,0
DA:26,0
DA:33,7
DA:34,0
DA:35,0
DA:36,0
DA:37,0
DA:39,0
DA:40,0
DA:48,7
DA:49,0
DA:50,0
DA:53,0
DA:54,0
DA:56,0
DA:57,0
DA:58,0
LF:24
LH:5
BRDA:25,0,0,0
BRDA:25,0,1,0
BRDA:25,1,0,0
BRDA:25,1,1,0
BRDA:39,2,0,0
BRDA:39,2,1,0
BRDA:39,3,0,0
BRDA:39,3,1,0
BRDA:57,4,0,0
BRDA:57,4,1,0
BRF:10
BRH:0
end_of_record
TN:
SF:src/config/redux/action/dataGajiPegawaiPrintAction/dataGajiPegawaiPrintActionTypes/index.js
FNF:0
FNH:0
DA:1,7
DA:2,7
LF:2
LH:2
BRF:0
BRH:0
end_of_record
TN:
SF:src/config/redux/action/dataJabatanAction/index.js
FN:16,(anonymous_0)
FN:17,(anonymous_1)
FN:33,(anonymous_2)
FN:34,(anonymous_3)
FN:57,(anonymous_4)
FN:58,(anonymous_5)
FN:74,(anonymous_6)
FN:75,(anonymous_7)
FNF:8
FNH:0
FNDA:0,(anonymous_0)
FNDA:0,(anonymous_1)
FNDA:0,(anonymous_2)
FNDA:0,(anonymous_3)
FNDA:0,(anonymous_4)
FNDA:0,(anonymous_5)
FNDA:0,(anonymous_6)
FNDA:0,(anonymous_7)
DA:16,7
DA:17,0
DA:18,0
DA:19,0
DA:20,0
DA:25,0
DA:33,7
DA:34,0
DA:35,0
DA:36,0
DA:41,0
DA:45,0
DA:46,0
DA:48,0
DA:52,0
DA:57,7
DA:58,0
DA:59,0
DA:60,0
DA:61,0
DA:66,0
DA:74,7
DA:75,0
DA:76,0
DA:77,0
DA:78,0
DA:83,0
LF:27
LH:4
BRF:0
BRH:0
end_of_record
TN:
SF:src/config/redux/action/dataJabatanAction/dataJabatanActionTypes/index.js
FNF:0
FNH:0
DA:1,7
DA:2,7
DA:3,7
DA:4,7
DA:5,7
DA:6,7
DA:7,7
DA:8,7
LF:8
LH:8
BRF:0
BRH:0
end_of_record
TN:
SF:src/config/redux/action/dataKehadiranAction/index.js
FN:16,(anonymous_0)
FN:17,(anonymous_1)
FN:35,(anonymous_2)
FN:35,(anonymous_3)
FN:39,(anonymous_4)
FN:71,(anonymous_5)
FN:72,(anonymous_6)
FN:99,(anonymous_7)
FN:100,(anonymous_8)
FNF:9
FNH:0
FNDA:0,(anonymous_0)
FNDA:0,(anonymous_1)
FNDA:0,(anonymous_2)
FNDA:0,(anonymous_3)
FNDA:0,(anonymous_4)
FNDA:0,(anonymous_5)
FNDA:0,(anonymous_6)
FNDA:0,(anonymous_7)
FNDA:0,(anonymous_8)
DA:16,7
DA:17,0
DA:18,0
DA:19,0
DA:20,0
DA:21,0
DA:26,0
DA:35,7
DA:36,0
DA:37,0
DA:38,0
DA:39,0
DA:42,0
DA:43,0
DA:53,0
DA:58,0
DA:59,0
DA:63,0
DA:67,0
DA:71,7
DA:72,0
DA:73,0
DA:74,0
DA:78,0
DA:79,0
DA:83,0
DA:85,0
DA:91,0
DA:99,7
DA:100,0
DA:101,0
DA:102,0
DA:103,0
DA:104,0
DA:108,0
DA:110,0
DA:116,0
LF:37
LH:4
BRDA:42,0,0,0
BRDA:42,0,1,0
BRDA:48,1,0,0
BRDA:48,1,1,0
BRDA:49,2,0,0
BRDA:49,2,1,0
BRDA:50,3,0,0
BRDA:50,3,1,0
BRDA:78,4,0,0
BRDA:78,4,1,0
BRDA:103,5,0,0
BRDA:103,5,1,0
BRF:12
BRH:0
end_of_record
TN:
SF:src/config/redux/action/dataKehadiranAction/dataKehadiranActionTypes/index.js
FNF:0
FNH:0
DA:1,7
DA:2,7
DA:3,7
DA:4,7
DA:5,7
DA:6,7
DA:7,7
DA:8,7
LF:8
LH:8
BRF:0
BRH:0
end_of_record
TN:
SF:src/config/redux/action/dataPegawaiAction/index.js
FN:24,(anonymous_0)
FN:25,(anonymous_1)
FN:41,(anonymous_2)
FN:42,(anonymous_3)
FN:58,(anonymous_4)
FN:59,(anonymous_5)
FN:75,(anonymous_6)
FN:76,(anonymous_7)
FN:92,(anonymous_8)
FN:93,(anonymous_9)
FN:111,(anonymous_10)
FN:112,(anonymous_11)
FN:137,(anonymous_12)
FN:138,(anonymous_13)
FN:154,(anonymous_14)
FN:155,(anonymous_15)
FNF:16
FNH:0
FNDA:0,(anonymous_0)
FNDA:0,(anonymous_1)
FNDA:0,(anonymous_2)
FNDA:0,(anonymous_3)
FNDA:0,(anonymous_4)
FNDA:0,(anonymous_5)
FNDA:0,(anonymous_6)
FNDA:0,(anonymous_7)
FNDA:0,(anonymous_8)
FNDA:0,(anonymous_9)
FNDA:0,(anonymous_10)
FNDA:0,(anonymous_11)
FNDA:0,(anonymous_12)
FNDA:0,(anonymous_13)
FNDA:0,(anonymous_14)
FNDA:0,(anonymous_15)
DA:24,7
DA:25,0
DA:26,0
DA:27,0
DA:28,0
DA:33,0
DA:41,7
DA:42,0
DA:43,0
DA:44,0
DA:45,0
DA:50,0
DA:58,7
DA:59,0
DA:60,0
DA:61,0
DA:62,0
DA:67,0
DA:75,7
DA:76,0
DA:77,0
DA:78,0
DA:79,0
DA:84,0
DA:92,7
DA:93,0
DA:94,0
DA:95,0
DA:98,0
DA:103,0
DA:111,7
DA:112,0
DA:113,0
DA:115,0
DA:116,0
DA:121,0
DA:125,0
DA:126,0
DA:128,0
DA:132,0
DA:137,7
DA:138,0
DA:139,0
DA:140,0
DA:141,0
DA:146,0
DA:154,7
DA:155,0
DA:156,0
DA:157,0
DA:158,0
DA:163,0
LF:52
LH:8
BRF:0
BRH:0
end_of_record
TN:
SF:src/config/redux/action/dataPegawaiAction/dataPegawaiActionTypes/index.js
FNF:0
FNH:0
DA:1,7
DA:2,7
DA:3,7
DA:4,7
DA:5,7
DA:6,7
DA:7,7
DA:8,7
DA:9,7
DA:10,7
DA:11,7
DA:12,7
DA:13,7
DA:14,7
DA:15,7
DA:16,7
DA:17,7
LF:17
LH:17
BRF:0
BRH:0
end_of_record
TN:
SF:src/config/redux/action/dataPotonganAction/index.js
FN:15,(anonymous_0)
FN:16,(anonymous_1)
FN:32,(anonymous_2)
FN:33,(anonymous_3)
FN:58,(anonymous_4)
FN:59,(anonymous_5)
FN:75,(anonymous_6)
FN:76,(anonymous_7)
FNF:8
FNH:0
FNDA:0,(anonymous_0)
FNDA:0,(anonymous_1)
FNDA:0,(anonymous_2)
FNDA:0,(anonymous_3)
FNDA:0,(anonymous_4)
FNDA:0,(anonymous_5)
FNDA:0,(anonymous_6)
FNDA:0,(anonymous_7)
DA:15,7
DA:16,0
DA:17,0
DA:18,0
DA:19,0
DA:24,0
DA:32,7
DA:33,0
DA:34,0
DA:35,0
DA:41,0
DA:42,0
DA:46,0
DA:47,0
DA:49,0
DA:53,0
DA:58,7
DA:59,0
DA:60,0
DA:61,0
DA:62,0
DA:67,0
DA:75,7
DA:76,0
DA:77,0
DA:78,0
DA:79,0
DA:84,0
LF:28
LH:4
BRF:0
BRH:0
end_of_record
TN:
SF:src/config/redux/action/dataPotonganAction/dataPotonganActionTypes/index.js
FNF:0
FNH:0
DA:1,7
DA:2,7
DA:3,7
DA:4,7
DA:5,7
DA:6,7
DA:7,7
DA:8,7
LF:8
LH:8
BRF:0
BRH:0
end_of_record
TN:
SF:src/config/redux/action/laporanAbsensiAction/index.js
FN:9,(anonymous_0)
FN:14,(anonymous_1)
FN:19,(anonymous_2)
FN:24,(anonymous_3)
FN:24,(anonymous_4)
FN:42,(anonymous_5)
FN:42,(anonymous_6)
FNF:7
FNH:2
FNDA:0,(anonymous_0)
FNDA:0,(anonymous_1)
FNDA:0,(anonymous_2)
FNDA:1,(anonymous_3)
FNDA:0,(anonymous_4)
FNDA:1,(anonymous_5)
FNDA:0,(anonymous_6)
DA:3,7
DA:4,7
DA:5,7
DA:9,7
DA:14,7
DA:19,7
DA:24,7
DA:25,0
DA:26,0
DA:29,0
DA:30,0
DA:31,0
DA:33,0
DA:34,0
DA:42,7
DA:43,0
DA:44,0
DA:47,0
DA:48,0
DA:49,0
DA:51,0
DA:52,0
LF:22
LH:8
BRDA:33,0,0,0
BRDA:33,0,1,0
BRDA:33,1,0,0
BRDA:33,1,1,0
BRDA:51,2,0,0
BRDA:51,2,1,0
BRDA:51,3,0,0
BRDA:51,3,1,0
BRF:8
BRH:0
end_of_record
TN:
SF:src/config/redux/action/laporanGajiAction/index.js
FN:9,(anonymous_0)
FN:14,(anonymous_1)
FN:19,(anonymous_2)
FN:24,(anonymous_3)
FN:24,(anonymous_4)
FN:42,(anonymous_5)
FN:42,(anonymous_6)
FNF:7
FNH:2
FNDA:0,(anonymous_0)
FNDA:0,(anonymous_1)
FNDA:0,(anonymous_2)
FNDA:1,(anonymous_3)
FNDA:0,(anonymous_4)
FNDA:1,(anonymous_5)
FNDA:0,(anonymous_6)
DA:3,7
DA:4,7
DA:5,7
DA:9,7
DA:14,7
DA:19,7
DA:24,7
DA:25,0
DA:26,0
DA:29,0
DA:30,0
DA:31,0
DA:33,0
DA:34,0
DA:42,7
DA:43,0
DA:44,0
DA:47,0
DA:48,0
DA:49,0
DA:51,0
DA:52,0
LF:22
LH:8
BRDA:33,0,0,0
BRDA:33,0,1,0
BRDA:33,1,0,0
BRDA:33,1,1,0
BRDA:51,2,0,0
BRDA:51,2,1,0
BRDA:51,3,0,0
BRDA:51,3,1,0
BRF:8
BRH:0
end_of_record
TN:
SF:src/config/redux/action/slipGajiAction/index.js
FN:9,(anonymous_0)
FN:14,(anonymous_1)
FN:19,(anonymous_2)
FN:24,(anonymous_3)
FN:24,(anonymous_4)
FN:40,(anonymous_5)
FN:40,(anonymous_6)
FN:56,(anonymous_7)
FN:56,(anonymous_8)
FNF:9
FNH:3
FNDA:0,(anonymous_0)
FNDA:0,(anonymous_1)
FNDA:0,(anonymous_2)
FNDA:1,(anonymous_3)
FNDA:0,(anonymous_4)
FNDA:1,(anonymous_5)
FNDA:0,(anonymous_6)
FNDA:1,(anonymous_7)
FNDA:0,(anonymous_8)
DA:3,7
DA:4,7
DA:5,7
DA:9,7
DA:14,7
DA:19,7
DA:24,7
DA:25,0
DA:26,0
DA:29,0
DA:30,0
DA:31,0
DA:33,0
DA:34,0
DA:40,7
DA:41,0
DA:42,0
DA:45,0
DA:46,0
DA:47,0
DA:49,0
DA:50,0
DA:56,7
DA:57,0
DA:58,0
DA:61,0
DA:62,0
DA:63,0
DA:65,0
DA:66,0
LF:30
LH:9
BRDA:33,0,0,0
BRDA:33,0,1,0
BRDA:33,1,0,0
BRDA:33,1,1,0
BRDA:49,2,0,0
BRDA:49,2,1,0
BRDA:49,3,0,0
BRDA:49,3,1,0
BRDA:65,4,0,0
BRDA:65,4,1,0
BRDA:65,5,0,0
BRDA:65,5,1,0
BRF:12
BRH:0
end_of_record
TN:
SF:src/config/redux/action/ubahPasswordAction/index.js
FN:6,(anonymous_0)
FN:10,(anonymous_1)
FN:15,(anonymous_2)
FN:20,(anonymous_3)
FN:20,(anonymous_4)
FNF:5
FNH:0
FNDA:0,(anonymous_0)
FNDA:0,(anonymous_1)
FNDA:0,(anonymous_2)
FNDA:0,(anonymous_3)
FNDA:0,(anonymous_4)
DA:6,7
DA:10,7
DA:15,7
DA:20,7
DA:21,0
DA:22,0
DA:24,0
DA:25,0
DA:28,0
DA:31,0
DA:44,0
DA:46,0
LF:12
LH:4
BRDA:24,0,0,0
BRDA:24,0,1,0
BRF:2
BRH:0
end_of_record
TN:
SF:src/config/redux/reducer/authReducer/index.js
FN:16,(anonymous_0)
FN:18,(anonymous_1)
FN:20,(anonymous_2)
FN:26,(anonymous_3)
FN:31,(anonymous_4)
FN:36,(anonymous_5)
FN:42,(anonymous_6)
FN:47,(anonymous_7)
FNF:8
FNH:0
FNDA:0,(anonymous_0)
FNDA:0,(anonymous_1)
FNDA:0,(anonymous_2)
FNDA:0,(anonymous_3)
FNDA:0,(anonymous_4)
FNDA:0,(anonymous_5)
FNDA:0,(anonymous_6)
FNDA:0,(anonymous_7)
DA:4,16
DA:12,16
DA:16,0
DA:19,0
DA:21,0
DA:22,0
DA:23,0
DA:24,0
DA:27,0
DA:28,0
DA:29,0
DA:32,0
DA:33,0
DA:34,0
DA:37,0
DA:38,0
DA:39,0
DA:40,0
DA:43,0
DA:44,0
DA:45,0
DA:48,0
DA:49,0
DA:50,0
DA:55,16
LF:25
LH:3
BRF:0
BRH:0
end_of_record
TN:
SF:src/hooks/useColorMode/index.jsx
FN:4,(anonymous_0)
FN:7,(anonymous_1)
FNF:2
FNH:2
FNDA:29,(anonymous_0)
FNDA:12,(anonymous_1)
DA:4,13
DA:5,29
DA:7,29
DA:8,12
DA:9,12
DA:11,12
DA:16,29
LF:7
LH:7
BRDA:11,0,0,0
BRDA:11,0,1,12
BRF:2
BRH:1
end_of_record
TN:
SF:src/hooks/useDisplayValue/index.jsx
FN:3,(anonymous_0)
FN:6,(anonymous_1)
FNF:2
FNH:0
FNDA:0,(anonymous_0)
FNDA:0,(anonymous_1)
DA:3,5
DA:4,0
DA:6,0
DA:7,0
DA:9,0
DA:11,0
LF:6
LH:1
BRDA:7,0,0,0
BRDA:7,0,1,0
BRDA:7,1,0,0
BRDA:7,1,1,0
BRF:4
BRH:0
end_of_record
TN:
SF:src/hooks/useErrorMessage/index.jsx
FN:3,(anonymous_0)
FN:6,(anonymous_1)
FNF:2
FNH:0
FNDA:0,(anonymous_0)
FNDA:0,(anonymous_1)
DA:3,9
DA:4,0
DA:6,0
DA:8,0
DA:10,0
DA:11,0
LF:6
LH:1
BRDA:11,0,0,0
BRDA:11,0,1,0
BRF:2
BRH:0
end_of_record
TN:
SF:src/hooks/useLocalStorage/index.jsx
FN:3,(anonymous_0)
FN:4,(anonymous_1)
FN:14,(anonymous_2)
FNF:3
FNH:3
FNDA:29,(anonymous_0)
FNDA:12,(anonymous_1)
FNDA:12,(anonymous_2)
DA:3,13
DA:4,29
DA:5,12
DA:6,12
DA:7,12
DA:9,0
DA:10,0
DA:14,29
DA:15,12
DA:17,12
DA:20,12
DA:22,0
DA:26,29
LF:13
LH:10
BRDA:7,0,0,8
BRDA:7,0,1,4
BRDA:17,1,0,0
BRDA:17,1,1,12
BRF:4
BRH:3
end_of_record
TN:
SF:src/layout/index.jsx
FN:5,(anonymous_0)
FN:7,(anonymous_1)
FNF:2
FNH:2
FNDA:29,(anonymous_0)
FNDA:29,(anonymous_1)
DA:5,4
DA:6,29
DA:7,29
DA:9,29
LF:4
LH:4
BRDA:14,0,0,29
BRDA:14,0,1,29
BRDA:14,0,2,29
BRDA:20,1,0,29
BRDA:20,1,1,29
BRDA:20,1,2,0
BRF:6
BRH:5
end_of_record
TN:
SF:src/pages/About/index.jsx
FN:12,(anonymous_0)
FNF:1
FNH:1
FNDA:5,(anonymous_0)
DA:12,1
DA:13,5
DA:15,5
DA:16,5
DA:18,5
LF:5
LH:5
BRDA:75,0,0,5
BRDA:75,0,1,4
BRF:2
BRH:2
end_of_record
TN:
SF:src/pages/Admin/Laporan/LaporanAbsensi/index.jsx
FN:16,(anonymous_0)
FN:24,(anonymous_1)
FN:25,(anonymous_2)
FN:27,(anonymous_3)
FN:31,(anonymous_4)
FN:35,(anonymous_5)
FN:45,(anonymous_6)
FN:46,(anonymous_7)
FN:64,(anonymous_8)
FN:68,(anonymous_9)
FN:77,(anonymous_10)
FNF:11
FNH:11
FNDA:27,(anonymous_0)
FNDA:27,(anonymous_1)
FNDA:27,(anonymous_2)
FNDA:5,(anonymous_3)
FNDA:4,(anonymous_4)
FNDA:3,(anonymous_5)
FNDA:2,(anonymous_6)
FNDA:2,(anonymous_7)
FNDA:12,(anonymous_8)
FNDA:12,(anonymous_9)
FNDA:3,(anonymous_10)
DA:16,1
DA:17,27
DA:18,27
DA:19,27
DA:20,27
DA:21,27
DA:22,27
DA:24,27
DA:25,27
DA:27,27
DA:28,5
DA:31,27
DA:32,4
DA:35,27
DA:36,3
DA:38,3
DA:39,3
DA:41,3
DA:42,3
DA:44,3
DA:45,2
DA:46,2
DA:48,3
DA:50,3
DA:51,2
DA:52,2
DA:54,1
DA:55,1
DA:64,27
DA:65,12
DA:68,27
DA:69,12
DA:70,1
DA:72,12
DA:73,1
DA:77,27
DA:78,3
DA:79,3
DA:80,3
DA:81,1
DA:82,1
DA:84,1
DA:85,1
DA:86,1
DA:88,1
DA:93,1
DA:97,1
DA:100,2
DA:109,1
DA:111,1
DA:121,27
LF:51
LH:51
BRDA:50,0,0,2
BRDA:50,0,1,1
BRDA:50,1,0,3
BRDA:50,1,1,2
BRDA:69,2,0,1
BRDA:69,2,1,11
BRDA:72,3,0,1
BRDA:72,3,1,11
BRDA:72,4,0,12
BRDA:72,4,1,11
BRDA:80,5,0,1
BRDA:80,5,1,2
BRDA:134,6,0,27
BRDA:134,6,1,0
BRF:14
BRH:13
end_of_record
TN:
SF:src/pages/Admin/Laporan/LaporanGaji/index.jsx
FN:15,(anonymous_0)
FN:24,(anonymous_1)
FN:25,(anonymous_2)
FN:27,(anonymous_3)
FN:31,(anonymous_4)
FN:35,(anonymous_5)
FN:45,(anonymous_6)
FN:46,(anonymous_7)
FN:64,(anonymous_8)
FN:68,(anonymous_9)
FN:77,(anonymous_10)
FNF:11
FNH:11
FNDA:24,(anonymous_0)
FNDA:24,(anonymous_1)
FNDA:24,(anonymous_2)
FNDA:5,(anonymous_3)
FNDA:3,(anonymous_4)
FNDA:2,(anonymous_5)
FNDA:1,(anonymous_6)
FNDA:1,(anonymous_7)
FNDA:10,(anonymous_8)
FNDA:10,(anonymous_9)
FNDA:3,(anonymous_10)
DA:15,1
DA:16,24
DA:17,24
DA:18,24
DA:19,24
DA:20,24
DA:21,24
DA:22,24
DA:24,24
DA:25,24
DA:27,24
DA:28,5
DA:31,24
DA:32,3
DA:35,24
DA:36,2
DA:38,2
DA:39,2
DA:41,2
DA:42,2
DA:44,2
DA:45,1
DA:46,1
DA:48,2
DA:50,2
DA:51,1
DA:52,1
DA:54,1
DA:55,1
DA:64,24
DA:65,10
DA:68,24
DA:69,10
DA:70,1
DA:72,10
DA:73,1
DA:77,24
DA:78,3
DA:80,3
DA:81,3
DA:82,2
DA:85,1
DA:86,1
DA:87,1
DA:89,1
DA:94,1
DA:98,1
DA:100,1
DA:109,1
DA:119,24
LF:50
LH:50
BRDA:50,0,0,1
BRDA:50,0,1,1
BRDA:50,1,0,2
BRDA:50,1,1,1
BRDA:69,2,0,1
BRDA:69,2,1,9
BRDA:72,3,0,1
BRDA:72,3,1,9
BRDA:72,4,0,10
BRDA:72,4,1,9
BRDA:81,5,0,2
BRDA:81,5,1,1
BRDA:132,6,0,24
BRDA:132,6,1,0
BRF:14
BRH:13
end_of_record
TN:
SF:src/pages/Admin/Laporan/SlipGaji/index.jsx
FN:36,(anonymous_0)
FN:47,(anonymous_1)
FN:48,(anonymous_2)
FN:49,(anonymous_3)
FN:51,(anonymous_4)
FN:52,(anonymous_5)
FN:53,(anonymous_6)
FN:55,(anonymous_7)
FN:76,(anonymous_8)
FN:96,(anonymous_9)
FN:101,(anonymous_10)
FN:110,(anonymous_11)
FN:178,(anonymous_12)
FN:219,(anonymous_13)
FN:223,(anonymous_14)
FN:260,(anonymous_15)
FNF:16
FNH:14
FNDA:28,(anonymous_0)
FNDA:28,(anonymous_1)
FNDA:28,(anonymous_2)
FNDA:28,(anonymous_3)
FNDA:3,(anonymous_4)
FNDA:4,(anonymous_5)
FNDA:0,(anonymous_6)
FNDA:3,(anonymous_7)
FNDA:2,(anonymous_8)
FNDA:9,(anonymous_9)
FNDA:9,(anonymous_10)
FNDA:0,(anonymous_11)
FNDA:336,(anonymous_12)
FNDA:4,(anonymous_13)
FNDA:26,(anonymous_14)
FNDA:2,(anonymous_15)
DA:21,1
DA:36,1
DA:37,28
DA:38,28
DA:39,28
DA:40,28
DA:41,28
DA:43,28
DA:44,28
DA:45,28
DA:47,28
DA:48,28
DA:49,28
DA:51,28
DA:52,28
DA:53,28
DA:55,28
DA:56,3
DA:58,3
DA:60,3
DA:61,0
DA:67,0
DA:70,3
DA:71,3
DA:74,3
DA:76,3
DA:78,3
DA:79,2
DA:80,2
DA:82,1
DA:83,1
DA:86,0
DA:87,0
DA:96,28
DA:97,9
DA:98,9
DA:101,28
DA:102,9
DA:103,1
DA:105,9
DA:106,1
DA:110,28
DA:111,0
DA:112,0
DA:113,0
DA:114,0
DA:115,0
DA:117,0
DA:118,0
DA:119,0
DA:121,0
DA:126,0
DA:130,0
DA:132,0
DA:140,0
DA:142,0
DA:151,28
DA:179,336
DA:219,4
DA:224,26
DA:261,2
LF:61
LH:43
BRDA:60,0,0,0
BRDA:60,0,1,3
BRDA:60,1,0,3
BRDA:60,1,1,3
BRDA:60,1,2,3
BRDA:78,2,0,2
BRDA:78,2,1,1
BRDA:102,3,0,1
BRDA:102,3,1,8
BRDA:105,4,0,1
BRDA:105,4,1,8
BRDA:105,5,0,9
BRDA:105,5,1,8
BRDA:113,6,0,0
BRDA:113,6,1,0
BRDA:225,7,0,26
BRDA:225,7,1,0
BRDA:226,8,0,26
BRDA:226,8,1,0
BRDA:244,9,0,28
BRDA:244,9,1,1
BRDA:255,10,0,28
BRDA:255,10,1,2
BRF:23
BRH:18
end_of_record
TN:
SF:src/pages/Dashboard/index.jsx
FN:7,(anonymous_0)
FN:10,(anonymous_1)
FN:12,(anonymous_2)
FN:16,(anonymous_3)
FNF:4
FNH:4
FNDA:3,(anonymous_0)
FNDA:3,(anonymous_1)
FNDA:3,(anonymous_2)
FNDA:3,(anonymous_3)
DA:7,1
DA:8,3
DA:9,3
DA:10,3
DA:12,3
DA:13,3
DA:16,3
DA:17,3
DA:18,1
DA:22,3
LF:10
LH:10
BRDA:17,0,0,1
BRDA:17,0,1,2
BRF:2
BRH:2
end_of_record
TN:
SF:src/pages/Home/index.jsx
FN:9,(anonymous_0)
FN:12,(anonymous_1)
FN:14,(anonymous_2)
FN:18,(anonymous_3)
FNF:4
FNH:4
FNDA:5,(anonymous_0)
FNDA:5,(anonymous_1)
FNDA:5,(anonymous_2)
FNDA:5,(anonymous_3)
DA:9,1
DA:10,5
DA:11,5
DA:12,5
DA:14,5
DA:15,5
DA:18,5
DA:19,5
DA:20,1
DA:24,5
LF:10
LH:10
BRDA:19,0,0,1
BRDA:19,0,1,4
BRF:2
BRH:2
end_of_record
TN:
SF:src/pages/Login/index.jsx
FN:7,Login
FNF:1
FNH:1
FNDA:6,Login
DA:8,6
DA:10,6
LF:2
LH:2
BRF:0
BRH:0
end_of_record
TN:
SF:src/shared/Const.js
FNF:0
FNH:0
DA:1,8
LF:1
LH:1
BRF:0
BRH:0
end_of_record
